2025-07-04 17:01:07,865 | INFO     | app | Successful login for student 13
2025-07-04 17:01:07,865 | INFO     | app | Successful login for student 13
2025-07-04 17:01:07,865 | INFO     | app | Successful login for student 13
2025-07-04 17:05:24,925 | INFO     | app | Successful login for student 13
2025-07-04 17:06:04,306 | INFO     | app | Successful login for student 45
2025-07-04 17:06:20,747 | INFO     | app | New question from student 13
2025-07-04 17:06:20,747 | DEBUG    | app | Question: What is the difference between a rotation and a reflection in terms of transformations?
2025-07-04 17:06:20,749 | DEBUG    | app | Chat history length: 15 words
2025-07-04 17:06:20,750 | INFO     | app | Calling pipeline
2025-07-04 17:13:14,364 | INFO     | app | Successful login for student 13
2025-07-04 17:13:23,854 | INFO     | app | Successful login for student 45
2025-07-04 17:13:33,388 | INFO     | app | New question from student 13
2025-07-04 17:13:33,389 | DEBUG    | app | Question: What is the difference between a rotation and a reflection in terms of transformations?
2025-07-04 17:13:33,390 | DEBUG    | app | Chat history length: 15 words
2025-07-04 17:13:33,393 | INFO     | app | Calling pipeline
2025-07-04 17:17:23,961 | INFO     | app | Successful login for student 13
2025-07-04 17:17:27,081 | INFO     | app | Successful login for student 45
2025-07-04 17:17:36,860 | INFO     | app | New question from student 13
2025-07-04 17:17:36,861 | DEBUG    | app | Question: What is the difference between a rotation and a reflection in terms of transformations?
2025-07-04 17:17:36,862 | DEBUG    | app | Chat history length: 15 words
2025-07-04 17:17:36,863 | INFO     | app | Calling pipeline
2025-07-04 17:19:47,098 | INFO     | app | Successful login for student 13
2025-07-04 17:19:49,231 | INFO     | app | Successful login for student 45
2025-07-04 17:19:56,056 | INFO     | app | New question from student 13
2025-07-04 17:19:56,057 | DEBUG    | app | Question: What is the difference between a rotation and a reflection in terms of transformations?
2025-07-04 17:19:56,058 | DEBUG    | app | Chat history length: 15 words
2025-07-04 17:19:56,059 | INFO     | app | Calling pipeline
2025-07-04 17:20:49,784 | INFO     | app | New question from student 45
2025-07-04 17:20:49,784 | DEBUG    | app | Question: What is the difference between a rotation and a reflection in terms of transformations?
2025-07-04 17:20:49,786 | DEBUG    | app | Chat history length: 15 words
2025-07-04 17:20:49,787 | INFO     | app | Calling pipeline
2025-07-04 17:21:39,911 | INFO     | app | New question from student 45
2025-07-04 17:21:39,912 | DEBUG    | app | Question: What is the difference between a rotation and a reflection in terms of transformations?
2025-07-04 17:21:39,913 | DEBUG    | app | Chat history length: 317 words
2025-07-04 17:21:39,914 | INFO     | app | Calling pipeline
2025-07-04 18:37:14,710 | INFO     | app | Successful login for student 13
2025-07-04 18:37:18,169 | INFO     | app | Successful login for student 45
2025-07-04 18:37:29,053 | INFO     | app | New question from student 13
2025-07-04 18:37:29,054 | DEBUG    | app | Question: What is the difference between a rotation and a reflection in terms of transformations?


2025-07-04 18:37:29,055 | DEBUG    | app | Chat history length: 15 words
2025-07-04 18:37:29,058 | INFO     | app | Calling pipeline
2025-07-04 18:38:09,652 | INFO     | app | New question from student 45
2025-07-04 18:38:09,653 | DEBUG    | app | Question: What is the difference between a rotation and a reflection in terms of transformations?


2025-07-04 18:38:09,654 | DEBUG    | app | Chat history length: 15 words
2025-07-04 18:38:09,655 | INFO     | app | Calling pipeline
2025-07-04 18:39:54,030 | INFO     | app | New question from student 45
2025-07-04 18:39:54,031 | DEBUG    | app | Question: What is the difference between a rotation and a reflection in terms of transformations?


2025-07-04 18:39:54,032 | DEBUG    | app | Chat history length: 359 words
2025-07-04 18:39:54,033 | INFO     | app | Calling pipeline
2025-07-04 18:40:31,059 | INFO     | app | New question from student 13
2025-07-04 18:40:31,060 | DEBUG    | app | Question: how do I write python code
2025-07-04 18:40:31,061 | DEBUG    | app | Chat history length: 274 words
2025-07-04 18:40:31,062 | INFO     | app | Calling pipeline
2025-07-04 18:42:02,936 | INFO     | app | Successful login for student 32
2025-07-04 18:42:07,512 | INFO     | app | New question from student 32
2025-07-04 18:42:07,513 | DEBUG    | app | Question: how do I write python code
2025-07-04 18:42:07,514 | DEBUG    | app | Chat history length: 7 words
2025-07-04 18:42:07,515 | INFO     | app | Calling pipeline
2025-07-04 18:51:07,331 | INFO     | app | Successful login for student 1
2025-07-04 18:51:15,325 | INFO     | app | New question from student 1
2025-07-04 18:51:15,326 | DEBUG    | app | Question: what can you do
2025-07-04 18:51:15,327 | DEBUG    | app | Chat history length: 5 words
2025-07-04 18:51:15,328 | INFO     | app | Calling pipeline
2025-07-04 18:52:04,245 | INFO     | app | New question from student 1
2025-07-04 18:52:04,245 | DEBUG    | app | Question: what is the weather today
2025-07-04 18:52:04,247 | DEBUG    | app | Chat history length: 39 words
2025-07-04 18:52:04,248 | INFO     | app | Calling pipeline
2025-07-04 18:52:38,826 | INFO     | app | New question from student 1
2025-07-04 18:52:38,827 | DEBUG    | app | Question: helllllawr
2025-07-04 18:52:38,828 | DEBUG    | app | Chat history length: 69 words
2025-07-04 18:52:38,829 | INFO     | app | Calling pipeline
