2025-06-18 21:53:12,645 | INFO     | app | Successful login for student ywa3324
2025-06-18 21:53:38,973 | INFO     | app | New question from student ywa3324
2025-06-18 21:53:38,973 | DEBUG    | app | Question: Why do all the angles in a triangle always add up to 180 degrees?
2025-06-18 21:53:38,975 | DEBUG    | app | Chat history length: 15 words
2025-06-18 21:53:38,975 | INFO     | app | Calling pipeline
2025-06-18 21:55:02,285 | INFO     | app | New question from student ywa3324
2025-06-18 21:55:02,285 | DEBUG    | app | Question: Why do all the angles in a triangle always add up to 180 degrees?
2025-06-18 21:55:02,287 | DEBUG    | app | Chat history length: 42 words
2025-06-18 21:55:02,287 | INFO     | app | Calling pipeline
2025-06-18 22:04:12,660 | INFO     | app | New question from student ywa3324
2025-06-18 22:04:12,661 | DEBUG    | app | Question: Why do all the angles in a triangle always add up to 180 degrees
2025-06-18 22:04:12,662 | DEBUG    | app | Chat history length: 252 words
2025-06-18 22:04:12,662 | INFO     | app | Calling pipeline
2025-06-18 22:05:14,146 | INFO     | app | New question from student ywa3324
2025-06-18 22:05:14,147 | DEBUG    | app | Question: Why do all the angles in a triangle always add up to 180 degrees
2025-06-18 22:05:14,149 | DEBUG    | app | Chat history length: 303 words
2025-06-18 22:05:14,149 | INFO     | app | Calling pipeline
2025-06-18 22:06:06,945 | INFO     | app | New question from student ywa3324
2025-06-18 22:06:06,946 | DEBUG    | app | Question: Why do all the angles in a triangle always add up to 180 degrees
2025-06-18 22:06:06,947 | DEBUG    | app | Chat history length: 418 words
2025-06-18 22:06:06,947 | INFO     | app | Calling pipeline
2025-06-18 22:07:37,366 | INFO     | app | New question from student ywa3324
2025-06-18 22:07:37,368 | DEBUG    | app | Question: explain more in depth
2025-06-18 22:07:37,369 | DEBUG    | app | Chat history length: 489 words
2025-06-18 22:07:37,370 | INFO     | app | Calling pipeline
2025-06-18 22:09:40,006 | INFO     | app | Successful login for student TestTT22
2025-06-18 22:09:42,782 | INFO     | app | New question from student TestTT22
2025-06-18 22:09:42,782 | DEBUG    | app | Question: Why do all the angles in a triangle always add up to 180 degrees
2025-06-18 22:09:42,783 | DEBUG    | app | Chat history length: 15 words
2025-06-18 22:09:42,784 | INFO     | app | Calling pipeline
2025-06-18 22:10:15,625 | INFO     | app | Successful login for student ywa3324
2025-06-18 22:10:17,419 | INFO     | app | New question from student ywa3324
2025-06-18 22:10:17,419 | DEBUG    | app | Question: http://localhost:8501/
2025-06-18 22:10:17,421 | DEBUG    | app | Chat history length: 2 words
2025-06-18 22:10:17,421 | INFO     | app | Calling pipeline
2025-06-18 22:10:56,730 | INFO     | app | New question from student ywa3324
2025-06-18 22:10:56,731 | DEBUG    | app | Question: how do I do calcuulus
2025-06-18 22:10:56,732 | DEBUG    | app | Chat history length: 39 words
2025-06-18 22:10:56,732 | INFO     | app | Calling pipeline
2025-06-18 22:11:40,976 | INFO     | app | New question from student ywa3324
2025-06-18 22:11:40,977 | DEBUG    | app | Question: How do you evaluate the limit as x approaches 0 of (sin x) / x?
2025-06-18 22:11:40,979 | DEBUG    | app | Chat history length: 120 words
2025-06-18 22:11:40,979 | INFO     | app | Calling pipeline
2025-06-18 22:13:17,369 | INFO     | app | Successful login for student ywa3324
2025-06-18 22:13:19,821 | INFO     | app | New question from student ywa3324
2025-06-18 22:13:19,822 | DEBUG    | app | Question: Why is the formula for the area of a circle πr²?
2025-06-18 22:13:19,823 | DEBUG    | app | Chat history length: 12 words
2025-06-18 22:13:19,823 | INFO     | app | Calling pipeline
2025-06-18 22:13:46,084 | INFO     | app | New question from student TestTT22
2025-06-18 22:13:46,085 | DEBUG    | app | Question: Why is the formula for the area of a circle πr²?
2025-06-18 22:13:46,086 | DEBUG    | app | Chat history length: 93 words
2025-06-18 22:13:46,086 | INFO     | app | Calling pipeline
2025-06-18 22:14:41,712 | INFO     | app | New question from student ywa3324
2025-06-18 22:14:41,713 | DEBUG    | app | Question: What’s the difference between radius, diameter, and circumference?
2025-06-18 22:14:41,715 | DEBUG    | app | Chat history length: 41 words
2025-06-18 22:14:41,715 | INFO     | app | Calling pipeline
2025-06-18 22:15:21,506 | INFO     | app | New question from student TestTT22
2025-06-18 22:15:21,506 | DEBUG    | app | Question: What’s the difference between radius, diameter, and circumference?
2025-06-18 22:15:21,507 | DEBUG    | app | Chat history length: 122 words
2025-06-18 22:15:21,508 | INFO     | app | Calling pipeline
2025-06-18 22:20:18,646 | INFO     | app | Successful login for student ywa3324
2025-06-18 22:20:21,379 | INFO     | app | Successful login for student TestTT22
2025-06-18 22:21:23,584 | INFO     | app | New question from student ywa3324
2025-06-18 22:21:23,585 | DEBUG    | app | Question: How does the triangle inequality rule work?
2025-06-18 22:21:23,587 | DEBUG    | app | Chat history length: 8 words
2025-06-18 22:21:23,587 | INFO     | app | Calling pipeline
2025-06-18 22:21:39,609 | INFO     | app | New question from student TestTT22
2025-06-18 22:21:39,609 | DEBUG    | app | Question: How does the triangle inequality rule work?
2025-06-18 22:21:39,611 | DEBUG    | app | Chat history length: 8 words
2025-06-18 22:21:39,611 | INFO     | app | Calling pipeline
2025-06-18 22:22:20,853 | INFO     | app | New question from student ywa3324
2025-06-18 22:22:20,854 | DEBUG    | app | Question: What are central and inscribed angles, and how do they relate to arcs?
2025-06-18 22:22:20,855 | DEBUG    | app | Chat history length: 42 words
2025-06-18 22:22:20,855 | INFO     | app | Calling pipeline
2025-06-18 22:22:33,075 | INFO     | app | New question from student TestTT22
2025-06-18 22:22:33,076 | DEBUG    | app | Question: What are central and inscribed angles, and how do they relate to arcs?
2025-06-18 22:22:33,077 | DEBUG    | app | Chat history length: 42 words
2025-06-18 22:22:33,077 | INFO     | app | Calling pipeline
2025-06-18 22:24:13,469 | INFO     | app | New question from student ywa3324
2025-06-18 22:24:13,470 | DEBUG    | app | Question: What are central and inscribed angles, and how do they relate to arcs?
2025-06-18 22:24:13,471 | DEBUG    | app | Chat history length: 174 words
2025-06-18 22:24:13,471 | INFO     | app | Calling pipeline
2025-06-18 22:24:20,388 | INFO     | app | New question from student TestTT22
2025-06-18 22:24:20,389 | DEBUG    | app | Question: What are central and inscribed angles, and how do they relate to arcs?
2025-06-18 22:24:20,390 | DEBUG    | app | Chat history length: 582 words
2025-06-18 22:24:20,390 | INFO     | app | Calling pipeline
2025-06-18 22:24:47,129 | INFO     | app | New question from student ywa3324
2025-06-18 22:24:47,130 | DEBUG    | app | Question: What are central and inscribed angles, and how do they relate to arcs?
2025-06-18 22:24:47,131 | DEBUG    | app | Chat history length: 294 words
2025-06-18 22:24:47,131 | INFO     | app | Calling pipeline
2025-06-18 22:25:05,922 | INFO     | app | New question from student ywa3324
2025-06-18 22:25:05,922 | DEBUG    | app | Question: What are central and inscribed angles, and how do they relate to arcs?
2025-06-18 22:25:05,923 | DEBUG    | app | Chat history length: 391 words
2025-06-18 22:25:05,924 | INFO     | app | Calling pipeline
2025-06-18 22:25:12,740 | INFO     | app | New question from student TestTT22
2025-06-18 22:25:12,741 | DEBUG    | app | Question: What are central and inscribed angles, and how do they relate to arcs?
2025-06-18 22:25:12,742 | DEBUG    | app | Chat history length: 699 words
2025-06-18 22:25:12,742 | INFO     | app | Calling pipeline
