2025-06-18 21:51:49,214 | DEBUG    | engine | Test DEBUG message
2025-06-18 21:51:49,214 | INFO     | engine | Test INFO message
2025-06-18 21:51:49,214 | WARNING  | engine | Test WARNING message
2025-06-18 21:51:49,214 | ERROR    | engine | Test ERROR message
2025-06-18 21:53:38,977 | INFO     | engine | Processing question for student ywa3324
2025-06-18 21:53:38,977 | DEBUG    | engine | Original question: Why do all the angles in a triangle always add up to 180 degrees?
2025-06-18 21:53:38,977 | DEBUG    | engine | History length: 15 words
2025-06-18 21:53:39,040 | INFO     | engine | Rephrasing question with context
2025-06-18 21:53:40,909 | INFO     | engine | Rephrased Question → Original: Why do all the angles in a triangle always add up to 180 degrees?

Reformulated: Why do all the angles in a triangle always add up to 180 degrees?
2025-06-18 21:53:42,235 | INFO     | engine | Detected topic: geometry
2025-06-18 21:53:42,272 | ERROR    | engine | Error retrieving documents: get_student_level() takes 1 positional argument but 2 were given
2025-06-18 21:55:02,241 | DEBUG    | engine | Test DEBUG message
2025-06-18 21:55:02,241 | INFO     | engine | Test INFO message
2025-06-18 21:55:02,241 | WARNING  | engine | Test WARNING message
2025-06-18 21:55:02,241 | ERROR    | engine | Test ERROR message
2025-06-18 21:55:02,288 | INFO     | engine | Processing question for student ywa3324
2025-06-18 21:55:02,288 | DEBUG    | engine | Original question: Why do all the angles in a triangle always add up to 180 degrees?
2025-06-18 21:55:02,288 | DEBUG    | engine | History length: 42 words
2025-06-18 21:55:02,363 | INFO     | engine | Rephrasing question with context
2025-06-18 21:55:02,968 | INFO     | engine | Rephrased Question → Reformulated: "Why do all the angles in a triangle always add up to 180 degrees?"
2025-06-18 21:55:03,432 | INFO     | engine | Detected topic: geometry
2025-06-18 21:55:03,484 | DEBUG    | engine | Grade-based level for student ywa3324: intermediate
2025-06-18 21:55:03,484 | INFO     | engine | Getting level for student ywa3324 in topic geometry
2025-06-18 21:55:03,514 | DEBUG    | engine | Student data:   student_id student_fname student_lname  grade  ...  miscellaneous  modelling  probability  statistics
0    ywa3324          Gina          Wang     11  ...              2          2            1           1

[1 rows x 11 columns]
2025-06-18 21:55:03,514 | INFO     | engine | Student ywa3324 is at 1 level for geometry
2025-06-18 21:55:03,515 | DEBUG    | engine | Student level for topic geometry: 1
2025-06-18 21:55:03,515 | INFO     | engine | Retrieving chunks for topic geometry up to level intermediate
2025-06-18 21:55:04,487 | DEBUG    | engine | Retrieving 2 chunks for level beginner
2025-06-18 21:55:05,772 | DEBUG    | engine | Found 2 chunks for level beginner
2025-06-18 21:55:05,773 | DEBUG    | engine | Sample chunk metadata: {'total_pages': 15, 'page_label': '11', 'creator': 'Bullzip PDF Printer (12.2.0.2905)', 'creationdate': '2022-12-16T09:30:52+05:30', 'title': 'D:\\Textbooks\\Rationalised Textbooks 2022-23\\0962-Mathematics\\1 Source Files\\Chapter-9\\Chapter–9.PMD', 'source': 'sorted_docs/geometry/iemh109.pdf', 'page': 10, 'moddate': '2025-04-04T09:48:55+05:30', 'level': 'beginner', 'author': 'admin', 'topic': 'geometry', 'producer': 'PDF Printer / www.bullzip.com / FG / Freeware Edition (max 10 users)'}
2025-06-18 21:55:05,773 | DEBUG    | engine | Retrieving 3 chunks for level intermediate
2025-06-18 21:55:05,925 | DEBUG    | engine | Found 3 chunks for level intermediate
2025-06-18 21:55:05,925 | DEBUG    | engine | Sample chunk metadata: {'level': 'intermediate', 'subject': 'Chap–8 (11th Nov.)', 'topic': 'geometry', 'page': 13, 'creationdate': '2022-08-17T11:54:31+05:30', 'total_pages': 20, 'producer': 'Acrobat Distiller 10.1.1 (Windows)', 'keywords': '', 'source': 'sorted_docs/geometry/jemh108.pdf', 'title': 'Chap–8 (11th Nov.)', 'page_label': '126', 'moddate': '2025-04-04T12:09:52+05:30', 'creator': 'Adobe PageMaker 7.0', 'author': 'admin'}
2025-06-18 21:55:05,925 | INFO     | engine | Retrieved total of 5 chunks for topic geometry
2025-06-18 21:55:05,926 | DEBUG    | engine | Found 5 relevant chunks for geometry
2025-06-18 21:55:05,926 | DEBUG    | engine | Selected 5 most relevant chunks
2025-06-18 21:55:07,379 | DEBUG    | engine | Coverage answer: ---
                **Student Question:**
                How does photosynthesis occur in plants?

                **Retrieved Textbook Content:**
                Photosynthesis is the process by which green plants and some other organisms use sunlight to synthesize foods with the help of chlorophyll.

                ---
                
                Yes
2025-06-18 21:55:07,380 | INFO     | engine | Generating answer for topic-based question
2025-06-18 21:55:09,747 | INFO     | engine | Final Answer for topic-based question → ---
**Student Question:**
How do you find the area of a circle?

**Relevant Textbook Content:**
To find the area of a circle, you use the formula A = πr^2, where A is the area and r is the radius of the circle.

**Topic:**
Area of a Circle

**Student Confidence Level (1–5):**
2
---

Since your confidence level is at 2, I will explain the concept in simple terms for you. 

To find the area of a circle, you use a formula that involves the number π (pi) and the radius of the circle. The radius is a line segment that connects the center of the circle to any point on the circle's circumference. The formula for the area of a circle is A = πr^2, where A represents the area and r is the radius of the circle.

So, to find the area of a circle, you square the radius (multiply it by itself) and then multiply that result by π. This will give you the total area that the circle covers. Remember, π is approximately equal to 3.14159.

I hope this explanation helps you understand how to find the area of a circle!
2025-06-18 22:04:12,534 | DEBUG    | engine | Test DEBUG message
2025-06-18 22:04:12,539 | INFO     | engine | Test INFO message
2025-06-18 22:04:12,539 | WARNING  | engine | Test WARNING message
2025-06-18 22:04:12,539 | ERROR    | engine | Test ERROR message
2025-06-18 22:04:12,663 | INFO     | engine | Processing question for student ywa3324
2025-06-18 22:04:12,663 | DEBUG    | engine | Original question: Why do all the angles in a triangle always add up to 180 degrees
2025-06-18 22:04:12,663 | DEBUG    | engine | History length: 252 words
2025-06-18 22:04:12,713 | INFO     | engine | Rephrasing question with context
2025-06-18 22:04:13,698 | INFO     | engine | Rephrased Question → Follow-up question:
Why do all the angles in a triangle always add up to 180 degrees?
2025-06-18 22:04:14,201 | INFO     | engine | Detected topic: geometry
2025-06-18 22:04:14,257 | DEBUG    | engine | Student ywa3324 is at grade intermediate
2025-06-18 22:04:14,258 | INFO     | engine | Getting level for student ywa3324 in topic geometry
2025-06-18 22:04:14,260 | INFO     | engine | Student ywa3324 is at 1 level for geometry
2025-06-18 22:04:14,260 | DEBUG    | engine | Student level for topic geometry: 1
2025-06-18 22:04:14,260 | INFO     | engine | Retrieving chunks for topic geometry up to level intermediate
2025-06-18 22:04:15,507 | DEBUG    | engine | Found 2 chunks for level beginner
2025-06-18 22:04:15,702 | DEBUG    | engine | Found 3 chunks for level intermediate
2025-06-18 22:04:15,703 | INFO     | engine | Retrieved total of 5 chunks for topic geometry
2025-06-18 22:04:15,705 | DEBUG    | engine | Found 5 relevant chunks for geometry
2025-06-18 22:04:15,705 | DEBUG    | engine | Selected 5 most relevant chunks
2025-06-18 22:04:16,251 | DEBUG    | engine | Coverage answer: Yes
2025-06-18 22:04:16,252 | INFO     | engine | Generating answer for topic-based question
2025-06-18 22:04:16,950 | INFO     | engine | Final Answer for topic-based question → ---
**Student Question:**
{ student_question }

**Relevant Textbook Content:**
{ retrieved_chunks }

**Topic:**
{ topic }

**Student Confidence Level (1–5):**
{ confidence_level }

---

Explanation: 
{ Your answer based on the student's confidence level }
2025-06-18 22:05:14,150 | INFO     | engine | Processing question for student ywa3324
2025-06-18 22:05:14,150 | DEBUG    | engine | Original question: Why do all the angles in a triangle always add up to 180 degrees
2025-06-18 22:05:14,151 | DEBUG    | engine | History length: 303 words
2025-06-18 22:05:14,215 | INFO     | engine | Rephrasing question with context
2025-06-18 22:05:15,336 | INFO     | engine | Rephrased Question → Reformulated: Why do all the angles in a triangle always add up to 180 degrees?
2025-06-18 22:05:15,850 | INFO     | engine | Detected topic: geometry
2025-06-18 22:05:15,902 | DEBUG    | engine | Student ywa3324 is at grade intermediate
2025-06-18 22:05:15,902 | INFO     | engine | Getting level for student ywa3324 in topic geometry
2025-06-18 22:05:15,904 | INFO     | engine | Student ywa3324 is at 1 level for geometry
2025-06-18 22:05:15,904 | DEBUG    | engine | Student level for topic geometry: 1
2025-06-18 22:05:15,904 | INFO     | engine | Retrieving chunks for topic geometry up to level intermediate
2025-06-18 22:05:16,680 | DEBUG    | engine | Found 2 chunks for level beginner
2025-06-18 22:05:16,889 | DEBUG    | engine | Found 3 chunks for level intermediate
2025-06-18 22:05:16,889 | INFO     | engine | Retrieved total of 5 chunks for topic geometry
2025-06-18 22:05:16,890 | DEBUG    | engine | Found 5 relevant chunks for geometry
2025-06-18 22:05:16,890 | DEBUG    | engine | Selected 5 most relevant chunks
2025-06-18 22:05:17,383 | DEBUG    | engine | Coverage answer: Yes
2025-06-18 22:05:17,384 | INFO     | engine | Generating answer for topic-based question
2025-06-18 22:05:18,835 | INFO     | engine | Final Answer for topic-based question → Based on the textbook content provided, the answer to your question is as follows:

In mathematics, {relevant concept} is used to {brief explanation}. This concept is important because {reason why it is important}. To calculate {specific calculation related to the concept}, you would follow these steps: {step-by-step process}.

It's crucial to understand {key terminology related to the concept} in order to apply {relevant concept} correctly. Additionally, {additional information related to the concept}.

Overall, mastering {relevant concept} will not only help you in {specific application mentioned in the textbook}, but also in future mathematical topics that build upon this foundation.
2025-06-18 22:06:06,887 | DEBUG    | engine | Test DEBUG message
2025-06-18 22:06:06,888 | INFO     | engine | Test INFO message
2025-06-18 22:06:06,888 | WARNING  | engine | Test WARNING message
2025-06-18 22:06:06,888 | ERROR    | engine | Test ERROR message
2025-06-18 22:06:06,948 | INFO     | engine | Processing question for student ywa3324
2025-06-18 22:06:06,948 | DEBUG    | engine | Original question: Why do all the angles in a triangle always add up to 180 degrees
2025-06-18 22:06:06,948 | DEBUG    | engine | History length: 418 words
2025-06-18 22:06:06,996 | INFO     | engine | Rephrasing question with context
2025-06-18 22:06:07,972 | INFO     | engine | Rephrased Question → Original: Why do all the angles in a triangle always add up to 180 degrees

Reformulated: Why do all the angles in a triangle always add up to 180 degrees?
2025-06-18 22:06:08,483 | INFO     | engine | Detected topic: geometry
2025-06-18 22:06:08,536 | DEBUG    | engine | Student ywa3324 is at grade intermediate
2025-06-18 22:06:08,537 | INFO     | engine | Getting level for student ywa3324 in topic geometry
2025-06-18 22:06:08,538 | INFO     | engine | Student ywa3324 is at 1 level for geometry
2025-06-18 22:06:08,538 | DEBUG    | engine | Student level for topic geometry: 1
2025-06-18 22:06:08,538 | INFO     | engine | Retrieving chunks for topic geometry up to level intermediate
2025-06-18 22:06:08,992 | DEBUG    | engine | Found 2 chunks for level beginner
2025-06-18 22:06:09,259 | DEBUG    | engine | Found 3 chunks for level intermediate
2025-06-18 22:06:09,259 | INFO     | engine | Retrieved total of 5 chunks for topic geometry
2025-06-18 22:06:09,260 | DEBUG    | engine | Found 5 relevant chunks for geometry
2025-06-18 22:06:09,261 | DEBUG    | engine | Selected 5 most relevant chunks
2025-06-18 22:06:09,811 | DEBUG    | engine | Coverage answer: Yes
2025-06-18 22:06:09,812 | INFO     | engine | Generating answer for topic-based question
2025-06-18 22:06:10,743 | INFO     | engine | Final Answer for topic-based question → In a triangle, the sum of all angles is always 180 degrees. This is because an exterior angle of a triangle is equal to the sum of the two interior opposite angles. This relationship holds true for all triangles, regardless of their size or shape. This fundamental property of triangles is essential in geometry and helps us understand the relationships between angles within a triangle.
2025-06-18 22:07:37,371 | INFO     | engine | Processing question for student ywa3324
2025-06-18 22:07:37,371 | DEBUG    | engine | Original question: explain more in depth
2025-06-18 22:07:37,371 | DEBUG    | engine | History length: 489 words
2025-06-18 22:07:37,423 | INFO     | engine | Rephrasing question with context
2025-06-18 22:07:38,081 | INFO     | engine | Rephrased Question → Reformulated: Can you provide a more in-depth explanation of why all the angles in a triangle always add up to 180 degrees?
2025-06-18 22:07:38,597 | INFO     | engine | Detected topic: geometry
2025-06-18 22:07:38,650 | DEBUG    | engine | Student ywa3324 is at grade intermediate
2025-06-18 22:07:38,650 | INFO     | engine | Getting level for student ywa3324 in topic geometry
2025-06-18 22:07:38,652 | INFO     | engine | Student ywa3324 is at 1 level for geometry
2025-06-18 22:07:38,652 | DEBUG    | engine | Student level for topic geometry: 1
2025-06-18 22:07:38,652 | INFO     | engine | Retrieving chunks for topic geometry up to level intermediate
2025-06-18 22:07:39,244 | DEBUG    | engine | Found 2 chunks for level beginner
2025-06-18 22:07:39,434 | DEBUG    | engine | Found 3 chunks for level intermediate
2025-06-18 22:07:39,434 | INFO     | engine | Retrieved total of 5 chunks for topic geometry
2025-06-18 22:07:39,436 | DEBUG    | engine | Found 5 relevant chunks for geometry
2025-06-18 22:07:39,436 | DEBUG    | engine | Selected 5 most relevant chunks
2025-06-18 22:07:40,234 | DEBUG    | engine | Coverage answer: Yes
2025-06-18 22:07:40,235 | INFO     | engine | Generating answer for topic-based question
2025-06-18 22:07:41,035 | INFO     | engine | Final Answer for topic-based question → In a triangle, the sum of all three angles always adds up to 180 degrees. This is because when two pairs of angles are equal, the third pair must also be equal to make the total sum 180 degrees. This fundamental property of triangles helps us understand and analyze their angles and relationships.
2025-06-18 22:09:42,785 | INFO     | engine | Processing question for student TestTT22
2025-06-18 22:09:42,785 | DEBUG    | engine | Original question: Why do all the angles in a triangle always add up to 180 degrees
2025-06-18 22:09:42,786 | DEBUG    | engine | History length: 15 words
2025-06-18 22:09:42,826 | INFO     | engine | Rephrasing question with context
2025-06-18 22:09:43,522 | INFO     | engine | Rephrased Question → Original: Why do all the angles in a triangle always add up to 180 degrees

Reformulated: Why do all the angles in a triangle always add up to 180 degrees?
2025-06-18 22:09:44,023 | INFO     | engine | Detected topic: geometry
2025-06-18 22:09:44,090 | DEBUG    | engine | Student TestTT22 is at grade advanced
2025-06-18 22:09:44,090 | INFO     | engine | Getting level for student TestTT22 in topic geometry
2025-06-18 22:09:44,092 | INFO     | engine | Student TestTT22 is at 5 level for geometry
2025-06-18 22:09:44,092 | DEBUG    | engine | Student level for topic geometry: 5
2025-06-18 22:09:44,092 | INFO     | engine | Retrieving chunks for topic geometry up to level advanced
2025-06-18 22:09:45,481 | DEBUG    | engine | Found 2 chunks for level beginner
2025-06-18 22:09:45,640 | DEBUG    | engine | Found 2 chunks for level intermediate
2025-06-18 22:09:45,800 | DEBUG    | engine | Found 3 chunks for level advanced
2025-06-18 22:09:45,800 | INFO     | engine | Retrieved total of 7 chunks for topic geometry
2025-06-18 22:09:45,801 | DEBUG    | engine | Found 7 relevant chunks for geometry
2025-06-18 22:09:45,802 | DEBUG    | engine | Selected 5 most relevant chunks
2025-06-18 22:09:46,399 | DEBUG    | engine | Coverage answer: Yes
2025-06-18 22:09:46,399 | INFO     | engine | Generating answer for topic-based question
2025-06-18 22:09:47,309 | INFO     | engine | Final Answer for topic-based question → In a triangle, the sum of the interior angles always adds up to 180 degrees. This is because an exterior angle of a triangle is equal to the sum of the two interior opposite angles. This relationship holds true for all triangles, regardless of their size or shape. This fundamental property of triangles helps us understand and solve various geometric problems involving angles and shapes.
2025-06-18 22:10:17,422 | INFO     | engine | Processing question for student ywa3324
2025-06-18 22:10:17,422 | DEBUG    | engine | Original question: http://localhost:8501/
2025-06-18 22:10:17,423 | DEBUG    | engine | History length: 2 words
2025-06-18 22:10:17,464 | INFO     | engine | Rephrasing question with context
2025-06-18 22:10:18,137 | INFO     | engine | Rephrased Question → Original: "http://localhost:8501/"
Reformulated: "What is the link to access the website?"
2025-06-18 22:10:18,750 | INFO     | engine | Detected topic: overview
2025-06-18 22:10:19,508 | INFO     | engine | Final Answer for overview question → The link to access the website is "http://localhost:8501/". Let me know if you need any help navigating the site or if you have any other questions related to math topics.
2025-06-18 22:10:56,733 | INFO     | engine | Processing question for student ywa3324
2025-06-18 22:10:56,733 | DEBUG    | engine | Original question: how do I do calcuulus
2025-06-18 22:10:56,733 | DEBUG    | engine | History length: 39 words
2025-06-18 22:10:56,782 | INFO     | engine | Rephrasing question with context
2025-06-18 22:10:57,460 | INFO     | engine | Rephrased Question → Reformulated: "How can I learn calculus?"
2025-06-18 22:10:57,967 | INFO     | engine | Detected topic: overview
2025-06-18 22:10:58,911 | INFO     | engine | Final Answer for overview question → Learning calculus is a great goal! To get started, make sure you have a strong foundation in algebra and geometry. Understanding topics like functions, limits, and derivatives is key. You can find online resources, textbooks, and even join study groups to help you along the way. Practice regularly and don't be afraid to ask for help when needed. Good luck on your calculus journey!
2025-06-18 22:11:40,981 | INFO     | engine | Processing question for student ywa3324
2025-06-18 22:11:40,982 | DEBUG    | engine | Original question: How do you evaluate the limit as x approaches 0 of (sin x) / x?
2025-06-18 22:11:40,982 | DEBUG    | engine | History length: 120 words
2025-06-18 22:11:41,082 | INFO     | engine | Rephrasing question with context
2025-06-18 22:11:41,900 | INFO     | engine | Rephrased Question → Reformulated: How do you evaluate the limit as x approaches 0 of (sin x) / x?
2025-06-18 22:11:42,719 | INFO     | engine | Detected topic: basics
2025-06-18 22:11:42,771 | DEBUG    | engine | Student ywa3324 is at grade intermediate
2025-06-18 22:11:42,771 | INFO     | engine | Getting level for student ywa3324 in topic basics
2025-06-18 22:11:42,773 | INFO     | engine | Student ywa3324 is at 3 level for basics
2025-06-18 22:11:42,773 | DEBUG    | engine | Student level for topic basics: 3
2025-06-18 22:11:42,773 | INFO     | engine | Retrieving chunks for topic basics up to level intermediate
2025-06-18 22:11:43,436 | DEBUG    | engine | Found 2 chunks for level beginner
2025-06-18 22:11:43,622 | DEBUG    | engine | Found 3 chunks for level intermediate
2025-06-18 22:11:43,623 | INFO     | engine | Retrieved total of 5 chunks for topic basics
2025-06-18 22:11:43,623 | DEBUG    | engine | Found 5 relevant chunks for basics
2025-06-18 22:11:43,624 | DEBUG    | engine | Selected 5 most relevant chunks
2025-06-18 22:11:44,313 | DEBUG    | engine | Coverage answer: No
2025-06-18 22:13:19,826 | INFO     | engine | Processing question for student ywa3324
2025-06-18 22:13:19,826 | DEBUG    | engine | Original question: Why is the formula for the area of a circle πr²?
2025-06-18 22:13:19,826 | DEBUG    | engine | History length: 12 words
2025-06-18 22:13:19,868 | INFO     | engine | Rephrasing question with context
2025-06-18 22:13:20,355 | INFO     | engine | Rephrased Question → Reformulated: "Why is the formula for the area of a circle πr²?"
2025-06-18 22:13:20,701 | INFO     | engine | Detected topic: geometry
2025-06-18 22:13:20,744 | DEBUG    | engine | Student ywa3324 is at grade intermediate
2025-06-18 22:13:20,744 | INFO     | engine | Getting level for student ywa3324 in topic geometry
2025-06-18 22:13:20,746 | INFO     | engine | Student ywa3324 is at 1 level for geometry
2025-06-18 22:13:20,746 | DEBUG    | engine | Student level for topic geometry: 1
2025-06-18 22:13:20,746 | INFO     | engine | Retrieving chunks for topic geometry up to level intermediate
2025-06-18 22:13:21,444 | DEBUG    | engine | Found 2 chunks for level beginner
2025-06-18 22:13:21,752 | DEBUG    | engine | Found 3 chunks for level intermediate
2025-06-18 22:13:21,753 | INFO     | engine | Retrieved total of 5 chunks for topic geometry
2025-06-18 22:13:21,754 | DEBUG    | engine | Found 5 relevant chunks for geometry
2025-06-18 22:13:21,754 | DEBUG    | engine | Selected 5 most relevant chunks
2025-06-18 22:13:22,253 | DEBUG    | engine | Coverage answer: No
2025-06-18 22:13:46,087 | INFO     | engine | Processing question for student TestTT22
2025-06-18 22:13:46,088 | DEBUG    | engine | Original question: Why is the formula for the area of a circle πr²?
2025-06-18 22:13:46,089 | DEBUG    | engine | History length: 93 words
2025-06-18 22:13:46,164 | INFO     | engine | Rephrasing question with context
2025-06-18 22:13:47,038 | INFO     | engine | Rephrased Question → Reformulated: "Why is the formula for the area of a circle πr²?"
2025-06-18 22:13:47,564 | INFO     | engine | Detected topic: basics
2025-06-18 22:13:47,613 | DEBUG    | engine | Student TestTT22 is at grade advanced
2025-06-18 22:13:47,614 | INFO     | engine | Getting level for student TestTT22 in topic basics
2025-06-18 22:13:47,615 | INFO     | engine | Student TestTT22 is at 5 level for basics
2025-06-18 22:13:47,615 | DEBUG    | engine | Student level for topic basics: 5
2025-06-18 22:13:47,615 | INFO     | engine | Retrieving chunks for topic basics up to level advanced
2025-06-18 22:13:47,997 | DEBUG    | engine | Found 2 chunks for level beginner
2025-06-18 22:13:48,377 | DEBUG    | engine | Found 2 chunks for level intermediate
2025-06-18 22:13:49,310 | DEBUG    | engine | Found 3 chunks for level advanced
2025-06-18 22:13:49,310 | INFO     | engine | Retrieved total of 7 chunks for topic basics
2025-06-18 22:13:49,311 | DEBUG    | engine | Found 7 relevant chunks for basics
2025-06-18 22:13:49,311 | DEBUG    | engine | Selected 5 most relevant chunks
2025-06-18 22:13:49,900 | DEBUG    | engine | Coverage answer: No
2025-06-18 22:14:41,716 | INFO     | engine | Processing question for student ywa3324
2025-06-18 22:14:41,717 | DEBUG    | engine | Original question: What’s the difference between radius, diameter, and circumference?
2025-06-18 22:14:41,717 | DEBUG    | engine | History length: 41 words
2025-06-18 22:14:41,773 | INFO     | engine | Rephrasing question with context
2025-06-18 22:14:46,300 | INFO     | engine | Rephrased Question → Original: What’s the difference between radius, diameter, and circumference?

Reformulated: What is the distinction between radius, diameter, and circumference in geometry?
2025-06-18 22:14:46,716 | INFO     | engine | Detected topic: geometry
2025-06-18 22:14:46,783 | DEBUG    | engine | Student ywa3324 is at grade intermediate
2025-06-18 22:14:46,784 | INFO     | engine | Getting level for student ywa3324 in topic geometry
2025-06-18 22:14:46,789 | INFO     | engine | Student ywa3324 is at 1 level for geometry
2025-06-18 22:14:46,789 | DEBUG    | engine | Student level for topic geometry: 1
2025-06-18 22:14:46,789 | INFO     | engine | Retrieving chunks for topic geometry up to level intermediate
2025-06-18 22:14:47,331 | DEBUG    | engine | Found 2 chunks for level beginner
2025-06-18 22:14:47,719 | DEBUG    | engine | Found 3 chunks for level intermediate
2025-06-18 22:14:47,719 | INFO     | engine | Retrieved total of 5 chunks for topic geometry
2025-06-18 22:14:47,721 | DEBUG    | engine | Found 5 relevant chunks for geometry
2025-06-18 22:14:47,721 | DEBUG    | engine | Selected 5 most relevant chunks
2025-06-18 22:14:48,336 | DEBUG    | engine | Coverage answer: Yes
2025-06-18 22:14:48,337 | INFO     | engine | Generating answer for topic-based question
2025-06-18 22:14:49,483 | INFO     | engine | Final Answer for topic-based question → Radius is the distance from the center of a circle to any point on the circle. It is like the spoke of a wheel. 

Diameter is a line segment that passes through the center of a circle, connecting two points on the circle. It is essentially two radii put together. 

Circumference is the distance around the edge of a circle. It is like the perimeter of the circle. 

So, in summary, radius is from the center to the edge, diameter is a line passing through the center, and circumference is the distance around the circle.
2025-06-18 22:15:21,509 | INFO     | engine | Processing question for student TestTT22
2025-06-18 22:15:21,509 | DEBUG    | engine | Original question: What’s the difference between radius, diameter, and circumference?
2025-06-18 22:15:21,509 | DEBUG    | engine | History length: 122 words
2025-06-18 22:15:21,552 | INFO     | engine | Rephrasing question with context
2025-06-18 22:15:22,107 | INFO     | engine | Rephrased Question → Original: "What’s the difference between radius, diameter, and circumference?"
Reformulated: "What is the distinction between radius, diameter, and circumference in geometry?"
2025-06-18 22:15:22,500 | INFO     | engine | Detected topic: geometry
2025-06-18 22:15:22,552 | DEBUG    | engine | Student TestTT22 is at grade advanced
2025-06-18 22:15:22,552 | INFO     | engine | Getting level for student TestTT22 in topic geometry
2025-06-18 22:15:22,554 | INFO     | engine | Student TestTT22 is at 5 level for geometry
2025-06-18 22:15:22,554 | DEBUG    | engine | Student level for topic geometry: 5
2025-06-18 22:15:22,554 | INFO     | engine | Retrieving chunks for topic geometry up to level advanced
2025-06-18 22:15:23,267 | DEBUG    | engine | Found 2 chunks for level beginner
2025-06-18 22:15:23,474 | DEBUG    | engine | Found 2 chunks for level intermediate
2025-06-18 22:15:23,645 | DEBUG    | engine | Found 3 chunks for level advanced
2025-06-18 22:15:23,646 | INFO     | engine | Retrieved total of 7 chunks for topic geometry
2025-06-18 22:15:23,647 | DEBUG    | engine | Found 7 relevant chunks for geometry
2025-06-18 22:15:23,647 | DEBUG    | engine | Selected 5 most relevant chunks
2025-06-18 22:15:24,144 | DEBUG    | engine | Coverage answer: Yes
2025-06-18 22:15:24,144 | INFO     | engine | Generating answer for topic-based question
2025-06-18 22:15:25,185 | INFO     | engine | Final Answer for topic-based question → Radius is the distance from the center of a circle to any point on the circle. It is like the radius of a bicycle wheel from the center to the edge. 

Diameter is the distance across a circle through its center. It is like the width of the bicycle wheel if you measure from one side to the other passing through the center.

Circumference is the distance around the circle. It is like measuring the perimeter of the bicycle wheel if you were to walk all the way around it.
2025-06-18 22:20:14,615 | DEBUG    | engine | Test DEBUG message
2025-06-18 22:20:14,616 | INFO     | engine | Test INFO message
2025-06-18 22:20:14,616 | WARNING  | engine | Test WARNING message
2025-06-18 22:20:14,616 | ERROR    | engine | Test ERROR message
2025-06-18 22:21:23,588 | INFO     | engine | Processing question for student ywa3324
2025-06-18 22:21:23,588 | DEBUG    | engine | Original question: How does the triangle inequality rule work?
2025-06-18 22:21:23,588 | DEBUG    | engine | History length: 8 words
2025-06-18 22:21:23,648 | INFO     | engine | Rephrasing question with context
2025-06-18 22:21:24,364 | INFO     | engine | Rephrased Question → Original: "How can I apply the triangle inequality rule in a real-life scenario?"

Reformulated: "How can the triangle inequality rule be applied in a real-life scenario?"
2025-06-18 22:21:24,942 | INFO     | engine | Detected topic: geometry
2025-06-18 22:21:24,997 | DEBUG    | engine | Student ywa3324 is at grade intermediate
2025-06-18 22:21:24,997 | INFO     | engine | Getting level for student ywa3324 in topic geometry
2025-06-18 22:21:24,999 | INFO     | engine | Student ywa3324 is at 1 level for geometry
2025-06-18 22:21:24,999 | DEBUG    | engine | Student level for topic geometry: 1
2025-06-18 22:21:24,999 | INFO     | engine | Retrieving chunks for topic geometry up to level intermediate
2025-06-18 22:21:25,430 | DEBUG    | engine | Found 2 chunks for level beginner
2025-06-18 22:21:25,718 | DEBUG    | engine | Found 3 chunks for level intermediate
2025-06-18 22:21:25,719 | INFO     | engine | Retrieved total of 5 chunks for topic geometry
2025-06-18 22:21:25,720 | DEBUG    | engine | Found 5 relevant chunks for geometry
2025-06-18 22:21:25,720 | DEBUG    | engine | Selected 5 most relevant chunks
2025-06-18 22:21:26,141 | DEBUG    | engine | Coverage answer: No
2025-06-18 22:21:39,612 | INFO     | engine | Processing question for student TestTT22
2025-06-18 22:21:39,612 | DEBUG    | engine | Original question: How does the triangle inequality rule work?
2025-06-18 22:21:39,612 | DEBUG    | engine | History length: 8 words
2025-06-18 22:21:39,656 | INFO     | engine | Rephrasing question with context
2025-06-18 22:21:40,438 | INFO     | engine | Rephrased Question → Original: "How can I apply the triangle inequality rule in a real-life scenario?"

Reformulated: "How can the triangle inequality rule be applied in a real-life scenario?"
2025-06-18 22:21:41,027 | INFO     | engine | Detected topic: geometry
2025-06-18 22:21:41,078 | DEBUG    | engine | Student TestTT22 is at grade advanced
2025-06-18 22:21:41,078 | INFO     | engine | Getting level for student TestTT22 in topic geometry
2025-06-18 22:21:41,080 | INFO     | engine | Student TestTT22 is at 5 level for geometry
2025-06-18 22:21:41,080 | DEBUG    | engine | Student level for topic geometry: 5
2025-06-18 22:21:41,080 | INFO     | engine | Retrieving chunks for topic geometry up to level advanced
2025-06-18 22:21:41,553 | DEBUG    | engine | Found 2 chunks for level beginner
2025-06-18 22:21:41,723 | DEBUG    | engine | Found 2 chunks for level intermediate
2025-06-18 22:21:41,959 | DEBUG    | engine | Found 3 chunks for level advanced
2025-06-18 22:21:41,959 | INFO     | engine | Retrieved total of 7 chunks for topic geometry
2025-06-18 22:21:41,961 | DEBUG    | engine | Found 7 relevant chunks for geometry
2025-06-18 22:21:41,961 | DEBUG    | engine | Selected 5 most relevant chunks
2025-06-18 22:21:42,482 | DEBUG    | engine | Coverage answer: No
2025-06-18 22:22:20,856 | INFO     | engine | Processing question for student ywa3324
2025-06-18 22:22:20,856 | DEBUG    | engine | Original question: What are central and inscribed angles, and how do they relate to arcs?
2025-06-18 22:22:20,856 | DEBUG    | engine | History length: 42 words
2025-06-18 22:22:20,917 | INFO     | engine | Rephrasing question with context
2025-06-18 22:22:21,822 | INFO     | engine | Rephrased Question → Original: "What are central and inscribed angles, and how do they relate to arcs?"

Reformulated: "Can you explain the concept of central and inscribed angles and their relationship to arcs?"
2025-06-18 22:22:22,332 | INFO     | engine | Detected topic: geometry
2025-06-18 22:22:22,385 | DEBUG    | engine | Student ywa3324 is at grade intermediate
2025-06-18 22:22:22,385 | INFO     | engine | Getting level for student ywa3324 in topic geometry
2025-06-18 22:22:22,386 | INFO     | engine | Student ywa3324 is at 1 level for geometry
2025-06-18 22:22:22,387 | DEBUG    | engine | Student level for topic geometry: 1
2025-06-18 22:22:22,387 | INFO     | engine | Retrieving chunks for topic geometry up to level intermediate
2025-06-18 22:22:22,834 | DEBUG    | engine | Found 2 chunks for level beginner
2025-06-18 22:22:23,036 | DEBUG    | engine | Found 3 chunks for level intermediate
2025-06-18 22:22:23,037 | INFO     | engine | Retrieved total of 5 chunks for topic geometry
2025-06-18 22:22:23,038 | DEBUG    | engine | Found 5 relevant chunks for geometry
2025-06-18 22:22:23,038 | DEBUG    | engine | Selected 5 most relevant chunks
2025-06-18 22:22:23,637 | DEBUG    | engine | Coverage answer: Yes
2025-06-18 22:22:23,638 | INFO     | engine | Generating answer for topic-based question
2025-06-18 22:22:25,108 | INFO     | engine | Final Answer for topic-based question → **Confidence Level 1 (Beginner):**
Central angles are angles that are formed at the center of a circle. They are equal to the angle that a chord (a line segment connecting two points on the circle) makes at the center. 

Inscribed angles are angles formed when two points on the circle are connected to a third point on the circle. The angle formed is half the measure of the central angle that subtends the same arc.

So, central angles are formed at the center of the circle, while inscribed angles are formed on the circle itself. The relationship between them is that the central angle is twice the measure of the inscribed angle that subtends the same arc.
2025-06-18 22:22:33,079 | INFO     | engine | Processing question for student TestTT22
2025-06-18 22:22:33,079 | DEBUG    | engine | Original question: What are central and inscribed angles, and how do they relate to arcs?
2025-06-18 22:22:33,080 | DEBUG    | engine | History length: 42 words
2025-06-18 22:22:33,123 | INFO     | engine | Rephrasing question with context
2025-06-18 22:22:34,013 | INFO     | engine | Rephrased Question → Original: "What are central and inscribed angles, and how do they relate to arcs?"

Reformulated: "Can you explain the concept of central and inscribed angles and their relationship to arcs?"
2025-06-18 22:22:35,134 | INFO     | engine | Detected topic: geometry
2025-06-18 22:22:35,186 | DEBUG    | engine | Student TestTT22 is at grade advanced
2025-06-18 22:22:35,187 | INFO     | engine | Getting level for student TestTT22 in topic geometry
2025-06-18 22:22:35,188 | INFO     | engine | Student TestTT22 is at 5 level for geometry
2025-06-18 22:22:35,188 | DEBUG    | engine | Student level for topic geometry: 5
2025-06-18 22:22:35,188 | INFO     | engine | Retrieving chunks for topic geometry up to level advanced
2025-06-18 22:22:35,603 | DEBUG    | engine | Found 2 chunks for level beginner
2025-06-18 22:22:36,044 | DEBUG    | engine | Found 2 chunks for level intermediate
2025-06-18 22:22:36,219 | DEBUG    | engine | Found 3 chunks for level advanced
2025-06-18 22:22:36,219 | INFO     | engine | Retrieved total of 7 chunks for topic geometry
2025-06-18 22:22:36,220 | DEBUG    | engine | Found 7 relevant chunks for geometry
2025-06-18 22:22:36,220 | DEBUG    | engine | Selected 5 most relevant chunks
2025-06-18 22:22:36,779 | DEBUG    | engine | Coverage answer: Yes
2025-06-18 22:22:36,780 | INFO     | engine | Generating answer for topic-based question
2025-06-18 22:22:41,732 | INFO     | engine | Final Answer for topic-based question → - **Confidence Level 1 (Beginner):**
    Central angles are angles that start at the center of a circle. When you draw a line from the center of a circle to the edge, the angle it makes is a central angle. On the other hand, inscribed angles are angles that start on the circle's edge and open up inside the circle. The relationship between central and inscribed angles and arcs is that congruent arcs (equal arcs) of a circle create equal angles at the center. This means that the angle formed by a chord at the center of a circle is the same as the angle formed by the corresponding arc at the center.

- **Confidence Level 2 (Low):**
    Central angles are angles that start at the center of a circle. When you draw a line from the center to the edge, the angle it makes is a central angle. In contrast, inscribed angles start on the circle's edge and open up inside the circle. The key relationship to remember is that congruent arcs (equal arcs) of a circle create equal angles at the center. This means that the angle formed by a chord at the center of a circle is the same as the angle formed by the corresponding arc at the center.

- **Confidence Level 3 (Moderate):**
    Central angles are angles that originate from the center of a circle, while inscribed angles are angles formed by two chords or secants that intersect on the circle's circumference. The relationship between central and inscribed angles and arcs is important. Congruent arcs of a circle create equal angles at the center. This implies that the angle formed by a chord at the center of a circle is equal to the angle formed by the corresponding arc at the center. Remember, the angle subtended by an arc at the center is double the angle subtended by it at any point on the remaining part of the circle.

- **Confidence Level 4 (High):**
    Central angles are angles that originate from the center of a circle, while inscribed angles are formed by two chords or secants that intersect on the circle's circumference. The key relationship to understand is that congruent arcs of a circle create equal angles at the center. This means that the angle formed by a chord at the center of a circle is equal to the angle formed by the corresponding arc at the center. Additionally, the angle subtended by an arc at the center is double the angle subtended by it at any point on the remaining part of the circle.

- **Confidence Level 5 (Advanced):**
    Central angles are angles that start at the center of a circle, while inscribed angles are formed by two chords or secants intersecting on the circle's circumference. The fundamental relationship to grasp is that congruent arcs of a circle create equal angles at the center. This leads to the important theorem that the angle subtended by an arc at the center is double the angle subtended by it at any point on the remaining part of the circle. Understanding this relationship is crucial in various geometric proofs and applications involving circles.
2025-06-18 22:24:13,418 | DEBUG    | engine | Test DEBUG message
2025-06-18 22:24:13,418 | INFO     | engine | Test INFO message
2025-06-18 22:24:13,419 | WARNING  | engine | Test WARNING message
2025-06-18 22:24:13,419 | ERROR    | engine | Test ERROR message
2025-06-18 22:24:13,472 | INFO     | engine | Processing question for student ywa3324
2025-06-18 22:24:13,473 | DEBUG    | engine | Original question: What are central and inscribed angles, and how do they relate to arcs?
2025-06-18 22:24:13,473 | DEBUG    | engine | History length: 174 words
2025-06-18 22:24:13,539 | INFO     | engine | Rephrasing question with context
2025-06-18 22:24:14,313 | INFO     | engine | Rephrased Question → Original: "What are central and inscribed angles, and how do they relate to arcs?"

Reformulated: "What is the relationship between central and inscribed angles in a circle, and how do they relate to arcs?"
2025-06-18 22:24:15,352 | INFO     | engine | Detected topic: geometry
2025-06-18 22:24:15,394 | DEBUG    | engine | Student ywa3324 is at grade intermediate
2025-06-18 22:24:15,394 | INFO     | engine | Getting level for student ywa3324 in topic geometry
2025-06-18 22:24:15,396 | INFO     | engine | Student ywa3324 is at 1 level for geometry
2025-06-18 22:24:15,396 | DEBUG    | engine | Student level for topic geometry: 1
2025-06-18 22:24:15,397 | INFO     | engine | Retrieving chunks for topic geometry up to level intermediate
2025-06-18 22:24:15,826 | DEBUG    | engine | Found 2 chunks for level beginner
2025-06-18 22:24:15,981 | DEBUG    | engine | Found 3 chunks for level intermediate
2025-06-18 22:24:15,981 | INFO     | engine | Retrieved total of 5 chunks for topic geometry
2025-06-18 22:24:15,982 | DEBUG    | engine | Found 5 relevant chunks for geometry
2025-06-18 22:24:15,983 | DEBUG    | engine | Selected 5 most relevant chunks
2025-06-18 22:24:16,405 | DEBUG    | engine | Coverage answer: Yes
2025-06-18 22:24:16,406 | INFO     | engine | Generating answer for topic-based question
2025-06-18 22:24:17,963 | INFO     | engine | Final Answer for topic-based question → **Confidence Level 1 (Beginner):**
Central angles and inscribed angles in a circle are related to the arcs they create. When you have a circle, the angle formed at the center by an arc is twice the angle formed by the same arc at any point on the circle. This means that the angle at the center is bigger. Also, if two chords in a circle are equal, then the arcs they create (minor or major) are also equal. So, the size of the angle depends on the size of the arc it's connected to. Remember, angles in the same part of a circle are equal.
2025-06-18 22:24:20,391 | INFO     | engine | Processing question for student TestTT22
2025-06-18 22:24:20,392 | DEBUG    | engine | Original question: What are central and inscribed angles, and how do they relate to arcs?
2025-06-18 22:24:20,392 | DEBUG    | engine | History length: 582 words
2025-06-18 22:24:20,434 | INFO     | engine | Rephrasing question with context
2025-06-18 22:24:20,867 | INFO     | engine | Rephrased Question → What are central and inscribed angles, and how do they relate to arcs?
2025-06-18 22:24:21,380 | INFO     | engine | Detected topic: geometry
2025-06-18 22:24:21,432 | DEBUG    | engine | Student TestTT22 is at grade advanced
2025-06-18 22:24:21,432 | INFO     | engine | Getting level for student TestTT22 in topic geometry
2025-06-18 22:24:21,434 | INFO     | engine | Student TestTT22 is at 5 level for geometry
2025-06-18 22:24:21,434 | DEBUG    | engine | Student level for topic geometry: 5
2025-06-18 22:24:21,434 | INFO     | engine | Retrieving chunks for topic geometry up to level advanced
2025-06-18 22:24:21,845 | DEBUG    | engine | Found 2 chunks for level beginner
2025-06-18 22:24:22,040 | DEBUG    | engine | Found 2 chunks for level intermediate
2025-06-18 22:24:22,245 | DEBUG    | engine | Found 3 chunks for level advanced
2025-06-18 22:24:22,245 | INFO     | engine | Retrieved total of 7 chunks for topic geometry
2025-06-18 22:24:22,247 | DEBUG    | engine | Found 7 relevant chunks for geometry
2025-06-18 22:24:22,247 | DEBUG    | engine | Selected 5 most relevant chunks
2025-06-18 22:24:22,757 | DEBUG    | engine | Coverage answer: Yes
2025-06-18 22:24:22,758 | INFO     | engine | Generating answer for topic-based question
2025-06-18 22:24:23,999 | INFO     | engine | Final Answer for topic-based question → - **Confidence Level 5 (Advanced):**
Central and inscribed angles in a circle are related to arcs through the angle subtended by the arc at the center. The angle subtended by an arc at the center is double the angle subtended by it at any point on the remaining part of the circle, as stated in Theorem 9.7. This relationship is crucial in understanding the geometry of circles and can be extended to various circle properties and theorems. The congruence of arcs and corresponding angles play a significant role in circle geometry and can lead to deeper insights into the properties of circles.
2025-06-18 22:24:47,078 | DEBUG    | engine | Test DEBUG message
2025-06-18 22:24:47,078 | INFO     | engine | Test INFO message
2025-06-18 22:24:47,078 | WARNING  | engine | Test WARNING message
2025-06-18 22:24:47,079 | ERROR    | engine | Test ERROR message
2025-06-18 22:24:47,132 | INFO     | engine | Processing question for student ywa3324
2025-06-18 22:24:47,132 | DEBUG    | engine | Original question: What are central and inscribed angles, and how do they relate to arcs?
2025-06-18 22:24:47,132 | DEBUG    | engine | History length: 294 words
2025-06-18 22:24:47,175 | INFO     | engine | Rephrasing question with context
2025-06-18 22:24:48,370 | INFO     | engine | Rephrased Question → Reformulated: "What is the relationship between central and inscribed angles in a circle and the arcs they create?"
2025-06-18 22:24:49,379 | INFO     | engine | Detected topic: geometry
2025-06-18 22:24:49,431 | DEBUG    | engine | Student ywa3324 is at grade intermediate
2025-06-18 22:24:49,431 | INFO     | engine | Getting level for student ywa3324 in topic geometry
2025-06-18 22:24:49,433 | INFO     | engine | Student ywa3324 is at 1 level for geometry
2025-06-18 22:24:49,433 | DEBUG    | engine | Student level for topic geometry: 1
2025-06-18 22:24:49,433 | INFO     | engine | Retrieving chunks for topic geometry up to level intermediate
2025-06-18 22:24:49,845 | DEBUG    | engine | Found 2 chunks for level beginner
2025-06-18 22:24:50,212 | DEBUG    | engine | Found 3 chunks for level intermediate
2025-06-18 22:24:50,212 | INFO     | engine | Retrieved total of 5 chunks for topic geometry
2025-06-18 22:24:50,214 | DEBUG    | engine | Found 5 relevant chunks for geometry
2025-06-18 22:24:50,214 | DEBUG    | engine | Selected 5 most relevant chunks
2025-06-18 22:24:50,671 | DEBUG    | engine | Coverage answer: Yes
2025-06-18 22:24:50,672 | INFO     | engine | Generating answer for topic-based question
2025-06-18 22:24:51,714 | INFO     | engine | Final Answer for topic-based question → - **Confidence Level 1 (Beginner):**
    - In a circle, if you have two arcs that are the same length, they will create equal angles at the center of the circle.
    - This means that the angle formed by a chord at the center of the circle is equal to the angle formed by the corresponding arc.
    - Remember, the angle subtended by an arc at the center is double the angle formed by the arc at any other point on the circle.
2025-06-18 22:25:05,866 | DEBUG    | engine | Test DEBUG message
2025-06-18 22:25:05,866 | INFO     | engine | Test INFO message
2025-06-18 22:25:05,867 | WARNING  | engine | Test WARNING message
2025-06-18 22:25:05,867 | ERROR    | engine | Test ERROR message
2025-06-18 22:25:05,924 | INFO     | engine | Processing question for student ywa3324
2025-06-18 22:25:05,925 | DEBUG    | engine | Original question: What are central and inscribed angles, and how do they relate to arcs?
2025-06-18 22:25:05,925 | DEBUG    | engine | History length: 391 words
2025-06-18 22:25:05,974 | INFO     | engine | Rephrasing question with context
2025-06-18 22:25:07,050 | INFO     | engine | Rephrased Question → Reformulated: "What are central and inscribed angles, and how do they relate to arcs?"
2025-06-18 22:25:07,610 | INFO     | engine | Detected topic: geometry
2025-06-18 22:25:07,660 | DEBUG    | engine | Student ywa3324 is at grade intermediate
2025-06-18 22:25:07,660 | INFO     | engine | Getting level for student ywa3324 in topic geometry
2025-06-18 22:25:07,661 | INFO     | engine | Student ywa3324 is at 1 level for geometry
2025-06-18 22:25:07,662 | DEBUG    | engine | Student level for topic geometry: 1
2025-06-18 22:25:07,662 | INFO     | engine | Retrieving chunks for topic geometry up to level intermediate
2025-06-18 22:25:08,048 | DEBUG    | engine | Found 2 chunks for level beginner
2025-06-18 22:25:08,240 | DEBUG    | engine | Found 3 chunks for level intermediate
2025-06-18 22:25:08,241 | INFO     | engine | Retrieved total of 5 chunks for topic geometry
2025-06-18 22:25:08,242 | DEBUG    | engine | Found 5 relevant chunks for geometry
2025-06-18 22:25:08,242 | DEBUG    | engine | Selected 5 most relevant chunks
2025-06-18 22:25:08,573 | DEBUG    | engine | Coverage answer: Yes
2025-06-18 22:25:08,574 | INFO     | engine | Generating answer for topic-based question
2025-06-18 22:25:09,676 | INFO     | engine | Final Answer for topic-based question → The angle subtended by an arc at the center is double the angle subtended by it at any point on the remaining part of the circle. This means that if you have an arc in a circle and you draw a chord from one end of the arc to the other, the angle at the center where the chord meets the circle will be twice the angle formed by the arc at any other point on the circle. This relationship helps us understand how angles and arcs in a circle are related.
2025-06-18 22:25:12,743 | INFO     | engine | Processing question for student TestTT22
2025-06-18 22:25:12,743 | DEBUG    | engine | Original question: What are central and inscribed angles, and how do they relate to arcs?
2025-06-18 22:25:12,743 | DEBUG    | engine | History length: 699 words
2025-06-18 22:25:12,811 | INFO     | engine | Rephrasing question with context
2025-06-18 22:25:13,342 | INFO     | engine | Rephrased Question → What are central and inscribed angles, and how do they relate to arcs?
2025-06-18 22:25:13,854 | INFO     | engine | Detected topic: geometry
2025-06-18 22:25:13,907 | DEBUG    | engine | Student TestTT22 is at grade advanced
2025-06-18 22:25:13,907 | INFO     | engine | Getting level for student TestTT22 in topic geometry
2025-06-18 22:25:13,909 | INFO     | engine | Student TestTT22 is at 5 level for geometry
2025-06-18 22:25:13,909 | DEBUG    | engine | Student level for topic geometry: 5
2025-06-18 22:25:13,909 | INFO     | engine | Retrieving chunks for topic geometry up to level advanced
2025-06-18 22:25:14,386 | DEBUG    | engine | Found 2 chunks for level beginner
2025-06-18 22:25:14,571 | DEBUG    | engine | Found 2 chunks for level intermediate
2025-06-18 22:25:14,798 | DEBUG    | engine | Found 3 chunks for level advanced
2025-06-18 22:25:14,798 | INFO     | engine | Retrieved total of 7 chunks for topic geometry
2025-06-18 22:25:14,800 | DEBUG    | engine | Found 7 relevant chunks for geometry
2025-06-18 22:25:14,800 | DEBUG    | engine | Selected 5 most relevant chunks
2025-06-18 22:25:15,389 | DEBUG    | engine | Coverage answer: Yes
2025-06-18 22:25:15,391 | INFO     | engine | Generating answer for topic-based question
2025-06-18 22:25:16,675 | INFO     | engine | Final Answer for topic-based question → **Answer:**

Central and inscribed angles in a circle are related to arcs in the following ways:

1. Congruent arcs of a circle create equal angles at the center.
2. The angle formed by a chord at the center of a circle is equal to the angle formed by the corresponding arc at the center.
3. The angle formed by an arc at the center is twice the angle formed by it at any point on the remaining part of the circle.
4. If two chords of a circle are equal, then their corresponding arcs (minor, major) are congruent.
5. Angles in the same segment of a circle are equal.

These relationships help us understand how angles and arcs interact within a circle.
