2025-07-31 17:05:45,128 | DEBUG    | engine | Test DEBUG message
2025-07-31 17:05:45,128 | INFO     | engine | Test INFO message
2025-07-31 17:05:45,128 | WARNING  | engine | Test WARNING message
2025-07-31 17:05:45,128 | ERROR    | engine | Test ERROR message
2025-07-31 17:12:36,418 | INFO     | engine | Processing question for student 67
2025-07-31 17:12:36,419 | DEBUG    | engine | Original question: two cards are drawn without replacement. Probabilty both are face cards?
2025-07-31 17:12:36,419 | DEBUG    | engine | History length: 12 words
2025-07-31 17:12:36,419 | INFO     | engine | Rephrasing question...
2025-07-31 17:12:38,699 | INFO     | engine | Rephrased Question → What is the probability that both cards are face cards when two cards are drawn without replacement?
2025-07-31 17:12:38,700 | INFO     | engine | Detecting topic...
2025-07-31 17:12:40,739 | INFO     | engine | Detected topic: probability
2025-07-31 17:12:40,741 | INFO     | engine | Determining student's school year...
2025-07-31 17:12:40,742 | INFO     | engine | Student 67: Vector Database: grade-eleven-math, Tablespace: gradeElevenMath, Numeric Grade: 11
2025-07-31 17:12:40,742 | INFO     | engine | Getting student's confidence level and score for topic...
2025-07-31 17:12:40,742 | DEBUG    | engine | Student confidence level and score for topic probability: 2, B+
2025-07-31 17:12:40,743 | INFO     | engine | confidence and score check result: False
2025-07-31 17:12:44,692 | INFO     | engine | Retrieving chunks for current year...
2025-07-31 17:12:46,658 | DEBUG    | engine | Found 3 relevant chunks for probability
2025-07-31 17:12:47,675 | DEBUG    | engine | Found 2 relevant chunks for probability
2025-07-31 17:12:47,675 | INFO     | engine | Determining if question is covered in retrieved chunks...
2025-07-31 17:12:49,794 | INFO     | engine | Coverage answer: ['Yes', "The textbook covers probability with equally likely outcomes, drawing cards from a deck, and provides examples involving drawing multiple cards without replacement (e.g., drawing 4 cards and finding the probability of specific suits). These examples and explanations are sufficient to cover the concepts and methods needed to solve the student's question about drawing two face cards without replacement."]
2025-07-31 17:12:49,795 | INFO     | engine | Decision: Yes, Reasoning: The textbook covers probability with equally likely outcomes, drawing cards from a deck, and provides examples involving drawing multiple cards without replacement (e.g., drawing 4 cards and finding the probability of specific suits). These examples and explanations are sufficient to cover the concepts and methods needed to solve the student's question about drawing two face cards without replacement.
2025-07-31 17:12:49,796 | INFO     | engine | Generating first pass answer...
2025-07-31 17:12:54,399 | INFO     | engine | First Pass Answer for topic-based question → ### Step 1: Understanding the Problem

We are drawing 2 cards **without replacement** from a standard deck of 52 cards. We want the probability that **both cards are face cards**.

- **Face cards** are Jacks, Queens, and Kings.
- Each suit (hearts, diamonds, clubs, spades) has 3 face cards.
- Therefore, total face cards in the deck: $3 \times 4 = 12$.

---

### Step 2: Total Number of Ways to Draw 2 Cards

The total number of ways to choose any 2 cards from 52 is:
\[
\text{Total ways} = \binom{52}{2} = \frac{52 \times 51}{2} = 1326
\]

---

### Step 3: Number of Favorable Outcomes

Number of ways to choose 2 face cards out of 12:
\[
\text{Favorable ways} = \binom{12}{2} = \frac{12 \times 11}{2} = 66
\]

---

### Step 4: Calculating the Probability

\[
P(\text{both are face cards}) = \frac{\text{Number of favorable outcomes}}{\text{Total number of outcomes}} = \frac{66}{1326}
\]

Simplify the fraction:
\[
\frac{66}{1326} = \frac{1}{20.09} \approx \frac{1}{20}
\]

So, the simplified probability is:
\[
\boxed{\frac{11}{221}}
\]

---

### **Final Answer**

\[
\boxed{\frac{11}{221}}
\]

This is the probability that both cards drawn (without replacement) are face cards from a standard deck of 52 cards.
2025-07-31 17:12:54,400 | INFO     | engine | Generating second pass answer...
2025-07-31 17:12:54,400 | INFO     | engine | Generating detail explanation for topic-based question...
2025-07-31 17:13:01,831 | INFO     | engine | Second Pass Answer for topic-based question → ### Let's Solve the Problem Step by Step!

#### 1. **What Are Face Cards?**

In a normal deck of 52 playing cards, the *face cards* are the Jacks, Queens, and Kings.  
- There are 4 suits (hearts, diamonds, clubs, spades).
- Each suit has 1 Jack, 1 Queen, and 1 King.
- So, there are \(3\) face cards in each suit.

**Total face cards:**  
\(3\) face cards per suit \(\times 4\) suits \(= 12\) face cards in the whole deck.

---

#### 2. **How Many Ways to Pick Any 2 Cards?**

When you pick 2 cards from a deck of 52, you can do this in many different ways.  
Think of it like:  
- For the first card, you have 52 choices.
- For the second card, you have 51 choices (because you don't put the first card back).

But, since the order you pick them in doesn’t matter (picking card A then B is the same as B then A), we divide by 2.

So, the number of ways to pick any 2 cards is:
\[
\frac{52 \times 51}{2} = 1326
\]

---

#### 3. **How Many Ways to Pick 2 Face Cards?**

Now, let's just look at the face cards.  
- There are 12 face cards in the deck.
- To pick 2 face cards, you do the same thing:
  - 12 choices for the first face card
  - 11 choices for the second face card (since you don't put the first one back)
  - Divide by 2 (since order doesn't matter)

So, the number of ways to pick 2 face cards is:
\[
\frac{12 \times 11}{2} = 66
\]

---

#### 4. **Finding the Probability**

Probability is just:
\[
\text{Probability} = \frac{\text{Number of ways to get what you want}}{\text{Total number of possible ways}}
\]

So, plugging in our numbers:
\[
\text{Probability} = \frac{66}{1326}
\]

We can make this fraction simpler by dividing both numbers by 6:
\[
\frac{66 \div 6}{1326 \div 6} = \frac{11}{221}
\]

---

#### 5. **Final Answer**

So, the chance that **both cards** you pick (without putting the first one back) are face cards is:
\[
\boxed{\frac{11}{221}}
\]

---

#### **Quick Recap**

- There are 12 face cards in a deck of 52.
- There are 66 ways to pick 2 face cards.
- There are 1326 ways to pick any 2 cards.
- So, the probability is \(\frac{11}{221}\).

Great job working through this! If you have more questions about cards or probability, just ask!
2025-07-31 17:13:01,833 | INFO     | engine | Comparing answers...
2025-07-31 17:13:38,777 | INFO     | engine | Compared answer: ### Let's Solve the Problem Step by Step!

#### 1. **What Are Face Cards?**

In a normal deck of 52 playing cards, the *face cards* are the Jacks, Queens, and Kings.  
- There are 4 suits (hearts, diamonds, clubs, spades).
- Each suit has 1 Jack, 1 Queen, and 1 King.
- So, there are \(3\) face cards in each suit.

**Total face cards:**  
\(3\) face cards per suit \(\times 4\) suits \(= 12\) face cards in the whole deck.

---

#### 2. **How Many Ways to Pick Any 2 Cards?**

When you pick 2 cards from a deck of 52, you can do this in many different ways.  
Think of it like:  
- For the first card, you have 52 choices.
- For the second card, you have 51 choices (because you don't put the first card back).

But, since the order you pick them in doesn’t matter (picking card A then B is the same as B then A), we divide by 2.

So, the number of ways to pick any 2 cards is:
\[
\frac{52 \times 51}{2} = 1326
\]

---

#### 3. **How Many Ways to Pick 2 Face Cards?**

Now, let's just look at the face cards.  
- There are 12 face cards in the deck.
- To pick 2 face cards, you do the same thing:
  - 12 choices for the first face card
  - 11 choices for the second face card (since you don't put the first one back)
  - Divide by 2 (since order doesn't matter)

So, the number of ways to pick 2 face cards is:
\[
\frac{12 \times 11}{2} = 66
\]

---

#### 4. **Finding the Probability**

Probability is just:
\[
\text{Probability} = \frac{\text{Number of ways to get what you want}}{\text{Total number of possible ways}}
\]

So, plugging in our numbers:
\[
\text{Probability} = \frac{66}{1326}
\]

We can make this fraction simpler by dividing both numbers by 6:
\[
\frac{66 \div 6}{1326 \div 6} = \frac{11}{221}
\]

---

#### 5. **Final Answer**

So, the chance that **both cards** you pick (without putting the first one back) are face cards is:
\[
\boxed{\frac{11}{221}}
\]

---

#### **Quick Recap**

- There are 12 face cards in a deck of 52.
- There are 66 ways to pick 2 face cards.
- There are 1326 ways to pick any 2 cards.
- So, the probability is \(\frac{11}{221}\).

Great job working through this! If you have more questions about cards or probability, just ask!
2025-07-31 17:13:39,039 | INFO     | engine | Successfully stored Q&A pair (two-pass) for grade 11
2025-07-31 17:33:11,596 | DEBUG    | engine | Test DEBUG message
2025-07-31 17:33:11,597 | INFO     | engine | Test INFO message
2025-07-31 17:33:11,597 | WARNING  | engine | Test WARNING message
2025-07-31 17:33:11,597 | ERROR    | engine | Test ERROR message
2025-07-31 17:35:18,504 | INFO     | engine | Processing question for student 67
2025-07-31 17:35:18,504 | DEBUG    | engine | Original question: a sum doubles at simple interest in 8 years. in how many years will it amount to five times itself
2025-07-31 17:35:18,504 | DEBUG    | engine | History length: 21 words
2025-07-31 17:35:18,504 | INFO     | engine | Rephrasing question...
2025-07-31 17:35:20,001 | INFO     | engine | Rephrased Question → A sum doubles at simple interest in 8 years. In how many years will the same sum amount to five times itself at the same rate of simple interest?
2025-07-31 17:35:20,002 | INFO     | engine | Detecting topic...
2025-07-31 17:35:20,500 | INFO     | engine | Detected topic: basics of financial mathematics
2025-07-31 17:35:20,502 | INFO     | engine | Determining student's school year...
2025-07-31 17:35:20,504 | INFO     | engine | Student 67: Vector Database: grade-eleven-math, Tablespace: gradeElevenMath, Numeric Grade: 11
2025-07-31 17:35:20,504 | INFO     | engine | Getting student's confidence level and score for topic...
2025-07-31 17:35:20,504 | DEBUG    | engine | Student confidence level and score for topic basics of financial mathematics: 2, B+
2025-07-31 17:35:20,504 | INFO     | engine | confidence and score check result: False
2025-07-31 17:35:21,937 | INFO     | engine | Retrieving chunks for current year...
2025-07-31 17:35:23,530 | DEBUG    | engine | Found 3 relevant chunks for basics of financial mathematics
2025-07-31 17:35:24,620 | DEBUG    | engine | Found 4 relevant chunks for basics of financial mathematics
2025-07-31 17:35:24,620 | INFO     | engine | Determining if question is covered in retrieved chunks...
2025-07-31 17:35:25,607 | INFO     | engine | Coverage answer: ['Yes', 'The textbook covers simple interest, provides the formula (Simple Interest = P×R×T), and includes examples of finding the amount after a certain number of years at a given rate. The student question is an application of these concepts.']
2025-07-31 17:35:25,607 | INFO     | engine | Decision: Yes, Reasoning: The textbook covers simple interest, provides the formula (Simple Interest = P×R×T), and includes examples of finding the amount after a certain number of years at a given rate. The student question is an application of these concepts.
2025-07-31 17:35:25,609 | INFO     | engine | Generating first pass answer...
2025-07-31 17:35:32,266 | INFO     | engine | First Pass Answer for topic-based question → ### Solution

Let the principal (original sum) be $P$, and let the simple interest rate be $r\%$ per annum.

#### Step 1: Find the Rate of Interest

If a sum doubles in 8 years at simple interest, this means:

- Amount after 8 years = $2P$
- Simple Interest ($SI$) earned in 8 years = $2P - P = P$

The formula for simple interest is:
$$
SI = \frac{P \times r \times t}{100}
$$

Substitute $SI = P$ and $t = 8$:
$$
P = \frac{P \times r \times 8}{100}
$$

Divide both sides by $P$ (assuming $P \neq 0$):
$$
1 = \frac{r \times 8}{100}
$$

So,
$$
r = \frac{100}{8} = 12.5\%
$$

#### Step 2: Find the Time to Amount to Five Times the Sum

We need to find the time $t$ when the amount is $5P$.

- Amount after $t$ years = $5P$
- Simple Interest earned = $5P - P = 4P$

Using the simple interest formula:
$$
SI = \frac{P \times r \times t}{100}
$$

So,
$$
4P = \frac{P \times 12.5 \times t}{100}
$$

Divide both sides by $P$:
$$
4 = \frac{12.5 \times t}{100}
$$

Multiply both sides by 100:
$$
400 = 12.5t
$$

So,
$$
t = \frac{400}{12.5} = 32
$$

#### **Final Answer**

**The sum will amount to five times itself in 32 years at the same rate of simple interest.**

---

**Summary of Steps:**
1. Use the doubling time to find the rate.
2. Use the rate to find the time for the sum to become five times itself.
2025-07-31 17:35:32,267 | INFO     | engine | Generating second pass answer...
2025-07-31 17:35:32,267 | INFO     | engine | Generating detail explanation for topic-based question...
2025-07-31 17:35:38,674 | INFO     | engine | Second Pass Answer for topic-based question → ### Let's Understand the Problem Step by Step

Imagine you put some money in a piggy bank. Every year, you earn a fixed amount of extra money on it. This is called *simple interest*. The more years you wait, the more extra money you get, and it always grows at the same rate.

#### Step 1: What Does "Doubles in 8 Years" Mean?

Suppose you start with \$10 (it could be any amount, but let's use 10 for simplicity).

- After 8 years, your money becomes \$20.
- That means you earned \$10 in interest over 8 years.

So, in 8 years, the extra money you get is **equal to what you started with**.

#### Step 2: How Much Do You Earn Each Year?

If you earned \$10 in 8 years, then each year you earn:

\[
\text{Interest per year} = \frac{10}{8} = \$1.25
\]

So, every year, your money grows by \$1.25.

#### Step 3: How Long to Become Five Times as Much?

Now, you want your \$10 to become \$50. That's five times what you started with.

- The extra money you need to earn is \$50 - \$10 = **\$40**.

Since you earn \$1.25 every year, let's see how many years it takes to earn \$40:

\[
\text{Number of years} = \frac{40}{1.25} = 32
\]

So, it will take **32 years** for your money to grow to five times what you started with, if it keeps growing at the same rate.

---

### **In Short**

- If your money doubles in 8 years at simple interest, it will become five times as much in **32 years**.

#### **Why?**

- Because simple interest adds the same amount every year.
- If it takes 8 years to double (add one "extra" original amount), you need 4 more "extras" to reach five times (since you already have the original).
- \( 8 \text{ years} \times 4 = 32 \text{ years} \).

---

### **Final Answer**

**At the same rate of simple interest, your money will become five times as much in 32 years.**

---

#### **Remember**

- Simple interest means you earn the same amount every year.
- To find out how long it takes to grow your money, just see how many "extra" originals you need, and multiply by the years it took to double.
2025-07-31 17:35:38,675 | INFO     | engine | Comparing answers...
2025-07-31 17:36:09,514 | INFO     | engine | Compared answer: ### Let's Understand the Problem Step by Step

Imagine you put some money in a piggy bank. Every year, you earn a fixed amount of extra money on it. This is called *simple interest*. The more years you wait, the more extra money you get, and it always grows at the same rate.

#### Step 1: What Does "Doubles in 8 Years" Mean?

Suppose you start with \$10 (it could be any amount, but let's use 10 for simplicity).

- After 8 years, your money becomes \$20.
- That means you earned \$10 in interest over 8 years.

So, in 8 years, the extra money you get is **equal to what you started with**.

#### Step 2: How Much Do You Earn Each Year?

If you earned \$10 in 8 years, then each year you earn:

\[
\text{Interest per year} = \frac{10}{8} = \$1.25
\]

So, every year, your money grows by \$1.25.

#### Step 3: How Long to Become Five Times as Much?

Now, you want your \$10 to become \$50. That's five times what you started with.

- The extra money you need to earn is \$50 - \$10 = **\$40**.

Since you earn \$1.25 every year, let's see how many years it takes to earn \$40:

\[
\text{Number of years} = \frac{40}{1.25} = 32
\]

So, it will take **32 years** for your money to grow to five times what you started with, if it keeps growing at the same rate.

---

### **In Short**

- If your money doubles in 8 years at simple interest, it will become five times as much in **32 years**.

#### **Why?**

- Because simple interest adds the same amount every year.
- If it takes 8 years to double (add one "extra" original amount), you need 4 more "extras" to reach five times (since you already have the original).
- \( 8 \text{ years} \times 4 = 32 \text{ years} \).

---

### **Final Answer**

**At the same rate of simple interest, your money will become five times as much in 32 years.**

---

#### **Remember**

- Simple interest means you earn the same amount every year.
- To find out how long it takes to grow your money, just see how many "extra" originals you need, and multiply by the years it took to double.
2025-07-31 17:36:10,805 | INFO     | engine | Successfully stored Q&A pair (two-pass) for grade 11
2025-07-31 17:37:09,542 | DEBUG    | engine | Test DEBUG message
2025-07-31 17:37:09,542 | INFO     | engine | Test INFO message
2025-07-31 17:37:09,542 | WARNING  | engine | Test WARNING message
2025-07-31 17:37:09,543 | ERROR    | engine | Test ERROR message
2025-07-31 17:37:19,143 | INFO     | engine | Processing question for student 67
2025-07-31 17:37:19,144 | DEBUG    | engine | Original question: what are integrals
2025-07-31 17:37:19,144 | DEBUG    | engine | History length: 4 words
2025-07-31 17:37:19,144 | INFO     | engine | Rephrasing question...
2025-07-31 17:37:19,984 | INFO     | engine | Rephrased Question → What are integrals?
2025-07-31 17:37:19,984 | INFO     | engine | Detecting topic...
2025-07-31 17:37:20,615 | INFO     | engine | Detected topic: calculus
2025-07-31 17:37:20,617 | INFO     | engine | Determining student's school year...
2025-07-31 17:37:20,617 | INFO     | engine | Student 67: Vector Database: grade-eleven-math, Tablespace: gradeElevenMath, Numeric Grade: 11
2025-07-31 17:37:20,617 | INFO     | engine | Getting student's confidence level and score for topic...
2025-07-31 17:37:20,618 | DEBUG    | engine | Student confidence level and score for topic calculus: 2, B+
2025-07-31 17:37:20,618 | INFO     | engine | confidence and score check result: False
2025-07-31 17:37:22,475 | INFO     | engine | Retrieving chunks for current year...
2025-07-31 17:37:24,619 | DEBUG    | engine | Found 3 relevant chunks for calculus
2025-07-31 17:37:30,531 | WARNING  | engine | No relevant chunks found for calculus below level 11
2025-07-31 17:37:30,532 | INFO     | engine | Determining if question is covered in retrieved chunks...
2025-07-31 17:37:31,301 | INFO     | engine | Coverage answer: ['No', 'The textbook content provided only introduces derivatives and limits in calculus, but does not mention or explain integrals or their concepts.']
2025-07-31 17:37:31,302 | INFO     | engine | Decision: No, Reasoning: The textbook content provided only introduces derivatives and limits in calculus, but does not mention or explain integrals or their concepts.
2025-07-31 17:37:41,562 | INFO     | engine | Processing question for student 67
2025-07-31 17:37:41,562 | DEBUG    | engine | Original question: what are derivatives
2025-07-31 17:37:41,562 | DEBUG    | engine | History length: 36 words
2025-07-31 17:37:41,562 | INFO     | engine | Rephrasing question...
2025-07-31 17:37:42,243 | INFO     | engine | Rephrased Question → What are derivatives?
2025-07-31 17:37:42,244 | INFO     | engine | Detecting topic...
2025-07-31 17:37:43,133 | INFO     | engine | Detected topic: calculus
2025-07-31 17:37:43,135 | INFO     | engine | Determining student's school year...
2025-07-31 17:37:43,136 | INFO     | engine | Student 67: Vector Database: grade-eleven-math, Tablespace: gradeElevenMath, Numeric Grade: 11
2025-07-31 17:37:43,136 | INFO     | engine | Getting student's confidence level and score for topic...
2025-07-31 17:37:43,136 | DEBUG    | engine | Student confidence level and score for topic calculus: 2, B+
2025-07-31 17:37:43,137 | INFO     | engine | confidence and score check result: False
2025-07-31 17:37:43,668 | INFO     | engine | Retrieving chunks for current year...
2025-07-31 17:37:46,331 | DEBUG    | engine | Found 3 relevant chunks for calculus
2025-07-31 17:37:47,435 | WARNING  | engine | No relevant chunks found for calculus below level 11
2025-07-31 17:37:47,436 | INFO     | engine | Determining if question is covered in retrieved chunks...
2025-07-31 17:37:48,439 | INFO     | engine | Coverage answer: ['Yes', 'The textbook defines the derivative of a function, provides the formal limit definition, and discusses its meaning and application, which covers the concept of derivatives.']
2025-07-31 17:37:48,440 | INFO     | engine | Decision: Yes, Reasoning: The textbook defines the derivative of a function, provides the formal limit definition, and discusses its meaning and application, which covers the concept of derivatives.
2025-07-31 17:37:48,441 | INFO     | engine | Generating first pass answer...
2025-07-31 17:37:54,211 | INFO     | engine | First Pass Answer for topic-based question → ### Understanding Derivatives

A **derivative** is a concept in calculus that describes how a function changes as its input changes. In simple terms, the derivative tells you how fast a quantity is changing with respect to another.

#### Formal Definition

If $f$ is a real-valued function, the derivative of $f$ at a point $a$ is defined by the following limit:

$$
f'(a) = \lim_{h \to 0} \frac{f(a + h) - f(a)}{h}
$$

This expression measures the rate at which the function $f$ changes as $x$ changes near $a$.

#### Derivative as a Function

If this limit exists for every point $x$ in the domain of $f$, we can define the derivative as a new function:

$$
f'(x) = \lim_{h \to 0} \frac{f(x + h) - f(x)}{h}
$$

This new function $f'(x)$ gives the rate of change of $f$ at any point $x$.

#### Why Derivatives Matter

- **Rate of Change:** Derivatives help us understand how one parameter changes with respect to another.
- **Slope:** The derivative at a point gives the slope of the tangent line to the graph of the function at that point.

#### Notation

The derivative of $f$ with respect to $x$ is often written as:

- $f'(x)$
- $\dfrac{df(x)}{dx}$

#### Example

If $f(x) = x^2$, then its derivative is found as:

$$
f'(x) = \lim_{h \to 0} \frac{(x + h)^2 - x^2}{h} = \lim_{h \to 0} \frac{2xh + h^2}{h} = 2x
$$

So, the derivative of $x^2$ is $2x$.

---

**In summary:**  
A derivative measures how a function changes as its input changes. It is defined using a limit and provides important information about the behavior of functions, such as their rates of change and slopes at specific points.
2025-07-31 17:37:54,213 | INFO     | engine | Generating second pass answer...
2025-07-31 17:37:54,213 | INFO     | engine | Generating detail explanation for topic-based question...
2025-07-31 17:38:07,973 | INFO     | engine | Second Pass Answer for topic-based question → ### What Are Derivatives? (A Simple Explanation)

Imagine you are riding your bike. Sometimes you go fast, and sometimes you go slow. If someone asks, "How fast are you going right now?" they want to know your **speed at that exact moment**.

A **derivative** is a math tool that helps us figure out how quickly something is changing at a specific point. It’s like asking, "How fast is this thing going right now?" instead of "How far did it go in total?"

---

#### Looking at Change: A Simple Example

Let’s look at a very simple example:

Suppose you are walking, and you keep track of how far you’ve gone every minute:

- After 1 minute: 2 meters
- After 2 minutes: 4 meters
- After 3 minutes: 6 meters

Each minute, you go 2 more meters. Your **speed** is 2 meters per minute.

In math, we call this "speed" the **rate of change**.

---

#### Derivative as Rate of Change

A derivative tells us:

- How much something is changing **right now**.
- For example, if you draw a curve on a graph, the derivative tells you the **slope** (how steep it is) at any point.

Think of the slope as how much you go "up" for every step you go "across."

---

#### A Simple Picture

- If a line is flat, its slope (and derivative) is 0.
- If a line goes up quickly, its slope (and derivative) is large.
- If a line goes down, its slope (and derivative) is negative.

---

#### Another Example: The Slope of a Hill

Imagine you’re climbing a hill:

- If the hill is steep, it’s hard to climb: **big slope** (big derivative).
- If the hill is flat, it’s easy: **small slope** (small derivative).

The derivative tells you how steep the hill is **right where you are standing**.

---

#### In Math Language

If you have a rule, like \( y = x^2 \), the derivative helps you find out **how fast y is changing** when x changes. For \( y = x^2 \):

- When \( x = 2 \), the derivative tells you how quickly \( y \) is changing at that spot.

---

#### Why Derivatives Matter

- They help us understand **speed**, **slopes**, and **how things change**.
- They are used in science, engineering, and even in everyday life, like figuring out how fast a car is going at a certain second.

---

#### In Short

- A derivative tells you **how fast something is changing right now**.
- It’s like checking your speedometer while riding a bike: not how far you’ve gone, but how fast you’re going at that moment.
- In math, it’s often called the **slope** at a point on a graph.

---

Keep practicing with simple examples, like lines and curves, and try to think about what is changing and how fast it’s changing. That’s what derivatives are all about!
2025-07-31 17:38:07,974 | INFO     | engine | Comparing answers...
2025-07-31 17:38:44,751 | INFO     | engine | Compared answer: ### What Are Derivatives? (A Simple and Clear Explanation)

Imagine you are riding your bike. Sometimes you speed up, and sometimes you slow down. If someone asks, "How fast are you going right now?" they want to know your **speed at that exact moment**.

A **derivative** is a math tool that helps us figure out how quickly something is changing at a specific point. It’s like checking your speedometer: not how far you’ve gone in total, but how fast you’re going **right now**.

---

#### Looking at Change: A Simple Example

Suppose you are walking, and you keep track of how far you’ve gone every minute:

- After 1 minute: 2 meters
- After 2 minutes: 4 meters
- After 3 minutes: 6 meters

Each minute, you go 2 more meters. Your **speed** is 2 meters per minute. In math, we call this "speed" the **rate of change**.

---

#### Derivative as Rate of Change

A derivative tells us:

- How much something is changing **right now**.
- For example, if you draw a curve on a graph, the derivative tells you the **slope** (how steep it is) at any point.

Think of the slope as how much you go "up" for every step you go "across."

---

#### A Simple Picture

- If a line is flat, its slope (and derivative) is 0.
- If a line goes up quickly, its slope (and derivative) is large.
- If a line goes down, its slope (and derivative) is negative.

---

#### Another Example: The Slope of a Hill

Imagine you’re climbing a hill:

- If the hill is steep, it’s hard to climb: **big slope** (big derivative).
- If the hill is flat, it’s easy: **small slope** (small derivative).

The derivative tells you how steep the hill is **right where you are standing**.

---

#### In Math Language

If you have a rule, like $y = x^2$, the derivative helps you find out **how fast $y$ is changing** when $x$ changes. For $y = x^2$:

- When $x = 2$, the derivative tells you how quickly $y$ is changing at that spot.

---

#### Why Derivatives Matter

- They help us understand **speed**, **slopes**, and **how things change**.
- They are used in science, engineering, and even in everyday life, like figuring out how fast a car is going at a certain second.

---

#### In Short

- A derivative tells you **how fast something is changing right now**.
- It’s like checking your speedometer while riding a bike: not how far you’ve gone, but how fast you’re going at that moment.
- In math, it’s often called the **slope** at a point on a graph.

---

Keep practicing with simple examples, like lines and curves, and try to think about what is changing and how fast it’s changing. That’s what derivatives are all about!
2025-07-31 17:38:45,717 | INFO     | engine | Processing question for student 67
2025-07-31 17:38:45,717 | DEBUG    | engine | Original question: two cards are drawn without replacement. Probability of both being face cards?
2025-07-31 17:38:45,717 | DEBUG    | engine | History length: 49 words
2025-07-31 17:38:45,717 | INFO     | engine | Rephrasing question...
2025-07-31 17:38:45,808 | INFO     | engine | Successfully stored Q&A pair (two-pass) for grade 11
2025-07-31 17:38:46,370 | INFO     | engine | Rephrased Question → If two cards are drawn from a standard deck of 52 cards without replacement, what is the probability that both cards are face cards?
2025-07-31 17:38:46,371 | INFO     | engine | Detecting topic...
2025-07-31 17:38:46,931 | INFO     | engine | Detected topic: probability
2025-07-31 17:38:46,933 | INFO     | engine | Determining student's school year...
2025-07-31 17:38:46,934 | INFO     | engine | Student 67: Vector Database: grade-eleven-math, Tablespace: gradeElevenMath, Numeric Grade: 11
2025-07-31 17:38:46,934 | INFO     | engine | Getting student's confidence level and score for topic...
2025-07-31 17:38:46,935 | DEBUG    | engine | Student confidence level and score for topic probability: 2, B+
2025-07-31 17:38:46,935 | INFO     | engine | confidence and score check result: False
2025-07-31 17:38:47,743 | INFO     | engine | Retrieving chunks for current year...
2025-07-31 17:38:48,576 | DEBUG    | engine | Found 3 relevant chunks for probability
2025-07-31 17:38:51,326 | DEBUG    | engine | Found 2 relevant chunks for probability
2025-07-31 17:38:51,326 | INFO     | engine | Determining if question is covered in retrieved chunks...
2025-07-31 17:38:52,589 | INFO     | engine | Coverage answer: ['Yes', "The textbook covers probability with cards, including drawing multiple cards and calculating probabilities for specific combinations (e.g., 3 diamonds and 1 spade from 4 cards). It also explains how to find the probability of drawing face cards and discusses equally likely outcomes. The method for solving the student's question (drawing 2 face cards without replacement) is an application of these covered concepts."]
2025-07-31 17:38:52,590 | INFO     | engine | Decision: Yes, Reasoning: The textbook covers probability with cards, including drawing multiple cards and calculating probabilities for specific combinations (e.g., 3 diamonds and 1 spade from 4 cards). It also explains how to find the probability of drawing face cards and discusses equally likely outcomes. The method for solving the student's question (drawing 2 face cards without replacement) is an application of these covered concepts.
2025-07-31 17:38:52,592 | INFO     | engine | Generating first pass answer...
2025-07-31 17:38:57,606 | INFO     | engine | First Pass Answer for topic-based question → ### Step 1: Understanding the Deck and Face Cards

A standard deck of 52 cards contains:
- 12 face cards: Jack, Queen, and King in each of the 4 suits (3 face cards × 4 suits = 12).

### Step 2: Total Number of Ways to Draw 2 Cards

The total number of ways to draw 2 cards from 52 is:
\[
\text{Total ways} = \binom{52}{2} = \frac{52 \times 51}{2} = 1326
\]

### Step 3: Number of Ways to Draw 2 Face Cards

The number of ways to choose 2 face cards from the 12 available:
\[
\text{Ways to choose 2 face cards} = \binom{12}{2} = \frac{12 \times 11}{2} = 66
\]

### Step 4: Calculating the Probability

Using the formula for probability of equally likely outcomes:
\[
P(\text{both cards are face cards}) = \frac{\text{Number of favorable outcomes}}{\text{Total number of outcomes}}
\]
\[
P = \frac{66}{1326} = \frac{1}{20.09} \approx 0.0495
\]

Or in simplest fraction:
\[
\frac{66}{1326} = \frac{1}{20.09} \approx \frac{1}{20}
\]

### Step 5: Final Answer

**The probability that both cards drawn are face cards is:**

\[
\boxed{\frac{66}{1326} = \frac{1}{20}}
\]

Or, as a decimal:

\[
\boxed{0.05}
\]
2025-07-31 17:38:57,608 | INFO     | engine | Generating second pass answer...
2025-07-31 17:38:57,608 | INFO     | engine | Generating detail explanation for topic-based question...
2025-07-31 17:39:02,497 | INFO     | engine | Second Pass Answer for topic-based question → ### Let's Find the Probability Step by Step!

Let's imagine you have a regular deck of 52 playing cards. You want to know: *If you pick two cards one after the other, without putting the first one back, what are the chances that both are face cards?*

#### 1. **What Are Face Cards?**

Face cards are the Jacks, Queens, and Kings.  
There are 4 suits (hearts, diamonds, clubs, spades), and each suit has a Jack, Queen, and King.

So:
- Number of face cards = 3 (Jack, Queen, King) × 4 (suits) = **12 face cards**

#### 2. **How Many Ways Can You Pick 2 Cards?**

When you pick the first card, there are 52 choices.  
When you pick the second card, there are 51 left.

So, the total number of ways to pick any 2 cards (in any order) is:

\[
52 \times 51
\]

But, picking card A then card B is the same as picking card B then card A (since order doesn't matter). So we divide by 2:

\[
\frac{52 \times 51}{2} = 1326
\]

#### 3. **How Many Ways to Pick 2 Face Cards?**

There are 12 face cards.  
You want to pick 2 of them.

So:

\[
\frac{12 \times 11}{2} = 66
\]

(Just like above, we divide by 2 because the order doesn't matter.)

#### 4. **Finding the Probability**

Probability is:

\[
\text{Probability} = \frac{\text{Number of good ways}}{\text{Total number of ways}}
\]

So plug in the numbers:

\[
\text{Probability} = \frac{66}{1326}
\]

If we simplify:

\[
\frac{66}{1326} = \frac{1}{20}
\]

#### 5. **Final Answer**

So, the chance that both cards are face cards is:

\[
\boxed{\frac{1}{20}}
\]

Or, as a decimal:

\[
0.05
\]

---

**In simple words:**  
If you pick two cards from a deck, you have a 1 out of 20 chance that both are face cards!
2025-07-31 17:39:02,498 | INFO     | engine | Comparing answers...
2025-07-31 17:39:30,955 | INFO     | engine | Compared answer: ### Let's Find the Probability Step by Step!

Let's imagine you have a regular deck of 52 playing cards. You want to know: *If you pick two cards one after the other, without putting the first one back, what are the chances that both are face cards?*

#### 1. **What Are Face Cards?**

Face cards are the Jacks, Queens, and Kings.  
There are 4 suits (hearts, diamonds, clubs, spades), and each suit has a Jack, Queen, and King.

So:
- Number of face cards = 3 (Jack, Queen, King) × 4 (suits) = **12 face cards**

#### 2. **How Many Ways Can You Pick 2 Cards?**

When you pick the first card, there are 52 choices.  
When you pick the second card, there are 51 left.

So, the total number of ways to pick any 2 cards (in any order) is:

$$
52 \times 51
$$

But, picking card A then card B is the same as picking card B then card A (since order doesn't matter). So we divide by 2:

$$
\frac{52 \times 51}{2} = 1326
$$

#### 3. **How Many Ways to Pick 2 Face Cards?**

There are 12 face cards.  
You want to pick 2 of them.

So:

$$
\frac{12 \times 11}{2} = 66
$$

(Just like above, we divide by 2 because the order doesn't matter.)

#### 4. **Finding the Probability**

Probability is:

$$
\text{Probability} = \frac{\text{Number of good ways}}{\text{Total number of ways}}
$$

So plug in the numbers:

$$
\text{Probability} = \frac{66}{1326}
$$

If we simplify:

$$
\frac{66}{1326} = \frac{1}{20}
$$

#### 5. **Final Answer**

So, the chance that both cards are face cards is:

$$
\boxed{\frac{1}{20}}
$$

Or, as a decimal:

$$
0.05
$$

---

**In simple words:**  
If you pick two cards from a deck, you have a 1 out of 20 chance that both are face cards!
2025-07-31 17:39:32,637 | INFO     | engine | Successfully stored Q&A pair (two-pass) for grade 11
