2025-07-04 17:01:03,807 | DEBUG    | engine | Test DEBUG message
2025-07-04 17:01:03,807 | INFO     | engine | Test INFO message
2025-07-04 17:01:03,807 | WARNING  | engine | Test WARNING message
2025-07-04 17:01:03,807 | ERROR    | engine | Test ERROR message
2025-07-04 17:05:18,492 | DEBUG    | engine | Test DEBUG message
2025-07-04 17:05:18,493 | INFO     | engine | Test INFO message
2025-07-04 17:05:18,493 | WARNING  | engine | Test WARNING message
2025-07-04 17:05:18,493 | ERROR    | engine | Test ERROR message
2025-07-04 17:06:20,750 | INFO     | engine | Processing question for student 13
2025-07-04 17:06:20,751 | DEBUG    | engine | Original question: What is the difference between a rotation and a reflection in terms of transformations?
2025-07-04 17:06:20,751 | DEBUG    | engine | History length: 15 words
2025-07-04 17:06:20,751 | INFO     | engine | Rephrasing question...
2025-07-04 17:06:23,861 | INFO     | engine | Rephrased Question → What is the difference between a rotation and a reflection in terms of transformations?
2025-07-04 17:06:23,862 | INFO     | engine | Detecting topic...
2025-07-04 17:06:24,656 | INFO     | engine | Detected topic: geometry
2025-07-04 17:06:24,741 | INFO     | engine | Determining student's year at school...
2025-07-04 17:06:24,751 | INFO     | engine | Getting student's confidence level and score for topic...
2025-07-04 17:06:24,754 | DEBUG    | engine | Student confidence level and score for topic geometry: 4, A+
2025-07-04 17:06:24,754 | INFO     | engine | confidence and score check result: True
2025-07-04 17:06:25,787 | INFO     | engine | Retrieving chunks for current year...
2025-07-04 17:06:34,234 | DEBUG    | engine | Found 3 relevant chunks for geometry
2025-07-04 17:06:36,145 | DEBUG    | engine | Found 9 relevant chunks for geometry
2025-07-04 17:06:36,145 | INFO     | engine | Determining if question is covered in retrieved chunks...
2025-07-04 17:06:37,262 | INFO     | engine | Coverage answer: ['Yes', 'The textbook covers the concept of rotations and reflections in terms of transformations, as seen in the discussion about angles and vector products.']
2025-07-04 17:06:37,262 | INFO     | engine | Decision: Yes, Reasoning: The textbook covers the concept of rotations and reflections in terms of transformations, as seen in the discussion about angles and vector products.
2025-07-04 17:06:37,264 | ERROR    | engine | Error retrieving documents: name 'use_low_confidence' is not defined
2025-07-04 17:13:02,276 | DEBUG    | engine | Test DEBUG message
2025-07-04 17:13:02,277 | INFO     | engine | Test INFO message
2025-07-04 17:13:02,277 | WARNING  | engine | Test WARNING message
2025-07-04 17:13:02,277 | ERROR    | engine | Test ERROR message
2025-07-04 17:13:33,393 | INFO     | engine | Processing question for student 13
2025-07-04 17:13:33,394 | DEBUG    | engine | Original question: What is the difference between a rotation and a reflection in terms of transformations?
2025-07-04 17:13:33,394 | DEBUG    | engine | History length: 15 words
2025-07-04 17:13:33,394 | INFO     | engine | Rephrasing question...
2025-07-04 17:13:34,172 | INFO     | engine | Rephrased Question → What is the difference between a rotation and a reflection in terms of transformations?
2025-07-04 17:13:34,172 | INFO     | engine | Detecting topic...
2025-07-04 17:13:34,548 | INFO     | engine | Detected topic: geometry
2025-07-04 17:13:34,638 | INFO     | engine | Determining student's year at school...
2025-07-04 17:13:34,644 | INFO     | engine | Getting student's confidence level and score for topic...
2025-07-04 17:13:34,648 | DEBUG    | engine | Student confidence level and score for topic geometry: 4, A+
2025-07-04 17:13:34,648 | INFO     | engine | confidence and score check result: True
2025-07-04 17:13:35,326 | INFO     | engine | Retrieving chunks for current year...
2025-07-04 17:13:36,321 | DEBUG    | engine | Found 3 relevant chunks for geometry
2025-07-04 17:13:38,096 | DEBUG    | engine | Found 9 relevant chunks for geometry
2025-07-04 17:13:38,096 | INFO     | engine | Determining if question is covered in retrieved chunks...
2025-07-04 17:13:39,925 | INFO     | engine | Coverage answer: ['Yes', 'The textbook covers the concept of rotations and reflections in terms of transformations, as seen in the discussion of angles and vector products.']
2025-07-04 17:13:39,925 | INFO     | engine | Decision: Yes, Reasoning: The textbook covers the concept of rotations and reflections in terms of transformations, as seen in the discussion of angles and vector products.
2025-07-04 17:13:39,927 | INFO     | engine | Generating first pass answer...
2025-07-04 17:13:42,952 | INFO     | engine | First Pass Answer for topic-based question → ### Explanation:

- **Rotation:**
    - In a rotation, a point or a vector is moved around a fixed point (the origin) by a certain angle $\theta$.
    - The rotation matrix for a 2D vector $\textbf{v} = \begin{bmatrix} x \\ y \end{bmatrix}$ by an angle $\theta$ is given by:
    $$\begin{bmatrix} x' \\ y' \end{bmatrix} = \begin{bmatrix} \cos(\theta) & -\sin(\theta) \\ \sin(\theta) & \cos(\theta) \end{bmatrix} \begin{bmatrix} x \\ y \end{bmatrix}$$

- **Reflection:**
    - In a reflection, a point or a vector is flipped across a line (mirror line).
    - The reflection matrix for a 2D vector $\textbf{v} = \begin{bmatrix} x \\ y \end{bmatrix}$ across the x-axis is given by:
    $$\begin{bmatrix} x' \\ y' \end{bmatrix} = \begin{bmatrix} 1 & 0 \\ 0 & -1 \end{bmatrix} \begin{bmatrix} x \\ y \end{bmatrix}$$
    
- **Difference:**
    - The main difference between rotation and reflection is the transformation matrix used and the resulting movement of the vector.
    - In a rotation, the vector is moved around the origin by an angle $\theta$, while in a reflection, the vector is flipped across a line (e.g., x-axis, y-axis, or any other line).
    - Rotation involves a change in orientation, while reflection involves a change in position relative to the mirror line.

By understanding the specific matrices and operations involved in rotations and reflections, you can differentiate between the two types of transformations.
2025-07-04 17:13:42,953 | INFO     | engine | Generating second pass answer...
2025-07-04 17:13:42,953 | INFO     | engine | Generating detail explanation for topic-based question...
2025-07-04 17:13:45,865 | INFO     | engine | Second Pass Answer for topic-based question → ### Simplified Explanation:

- **Rotation:**
    - Imagine spinning a toy top on the ground. When you rotate something, you turn it around a fixed point, like how the top spins around its center.
    - In math, rotation means moving a shape around a point by a certain angle. It's like turning a picture on a wall.

- **Reflection:**
    - Picture looking at yourself in a mirror. When you reflect something, you flip it across a line, just like your reflection in the mirror.
    - In math, reflection means flipping a shape across a line, like how your image flips in a mirror.

- **Difference:**
    - Rotation is like spinning something around a point, while reflection is like flipping something across a line.
    - Rotation changes the direction something faces, while reflection changes its position relative to the mirror line.

Understanding rotations and reflections helps us see how shapes can move and change in space.
2025-07-04 17:13:45,866 | INFO     | engine | Comparing answers...
2025-07-04 17:13:56,727 | INFO     | engine | Compared answer: ### Simplified Explanation:

- **Rotation:**
    - Think of rotating as spinning something around a fixed point, like a toy top spinning around its center.
    - In math, rotation means moving a shape around a point by a certain angle, similar to turning a picture on a wall.

- **Reflection:**
    - Picture looking at yourself in a mirror. When you reflect something, you flip it across a line, just like how your image flips in a mirror.
    - In math, reflection means flipping a shape across a line, similar to how your reflection flips in a mirror.

- **Difference:**
    - Rotation is like spinning something around a point, while reflection is like flipping something across a line.
    - Rotation changes the direction something faces, while reflection changes its position relative to the mirror line.

Understanding rotations and reflections helps us see how shapes can move and change in space.
2025-07-04 17:13:57,084 | INFO     | engine | Successfully stored Q&A pair for grade 12 (two-pass)
2025-07-04 17:16:54,965 | DEBUG    | engine | Test DEBUG message
2025-07-04 17:16:54,966 | INFO     | engine | Test INFO message
2025-07-04 17:16:54,966 | WARNING  | engine | Test WARNING message
2025-07-04 17:16:54,966 | ERROR    | engine | Test ERROR message
2025-07-04 17:17:36,864 | INFO     | engine | Processing question for student 13
2025-07-04 17:17:36,864 | DEBUG    | engine | Original question: What is the difference between a rotation and a reflection in terms of transformations?
2025-07-04 17:17:36,864 | DEBUG    | engine | History length: 15 words
2025-07-04 17:17:36,864 | INFO     | engine | Rephrasing question...
2025-07-04 17:17:38,164 | INFO     | engine | Rephrased Question → What is the difference between a rotation and a reflection in terms of transformations?
2025-07-04 17:17:38,164 | INFO     | engine | Detecting topic...
2025-07-04 17:17:38,886 | INFO     | engine | Detected topic: geometry
2025-07-04 17:17:38,970 | INFO     | engine | Determining student's year at school...
2025-07-04 17:17:38,974 | INFO     | engine | Getting student's confidence level and score for topic...
2025-07-04 17:17:38,977 | DEBUG    | engine | Student confidence level and score for topic geometry: 4, A+
2025-07-04 17:17:38,977 | INFO     | engine | confidence and score check result: True
2025-07-04 17:17:39,258 | INFO     | engine | Retrieving chunks for current year...
2025-07-04 17:17:39,823 | DEBUG    | engine | Found 3 relevant chunks for geometry
2025-07-04 17:17:40,559 | DEBUG    | engine | Found 9 relevant chunks for geometry
2025-07-04 17:17:40,560 | INFO     | engine | Determining if question is covered in retrieved chunks...
2025-07-04 17:17:41,138 | INFO     | engine | Coverage answer: ['Yes', 'The textbook covers the concept of rotations and reflections in terms of transformations, as seen in the discussions about angles, vectors, and geometric shapes.']
2025-07-04 17:17:41,138 | INFO     | engine | Decision: Yes, Reasoning: The textbook covers the concept of rotations and reflections in terms of transformations, as seen in the discussions about angles, vectors, and geometric shapes.
2025-07-04 17:17:41,140 | INFO     | engine | Generating single pass answer...
2025-07-04 17:17:41,140 | ERROR    | engine | Error generating answer: cannot access local variable 'processed_chunks' where it is not associated with a value
2025-07-04 17:19:43,329 | DEBUG    | engine | Test DEBUG message
2025-07-04 17:19:43,329 | INFO     | engine | Test INFO message
2025-07-04 17:19:43,329 | WARNING  | engine | Test WARNING message
2025-07-04 17:19:43,329 | ERROR    | engine | Test ERROR message
2025-07-04 17:19:56,059 | INFO     | engine | Processing question for student 13
2025-07-04 17:19:56,060 | DEBUG    | engine | Original question: What is the difference between a rotation and a reflection in terms of transformations?
2025-07-04 17:19:56,060 | DEBUG    | engine | History length: 15 words
2025-07-04 17:19:56,060 | INFO     | engine | Rephrasing question...
2025-07-04 17:19:57,130 | INFO     | engine | Rephrased Question → What is the difference between a rotation and a reflection in terms of transformations?
2025-07-04 17:19:57,131 | INFO     | engine | Detecting topic...
2025-07-04 17:19:57,576 | INFO     | engine | Detected topic: geometry
2025-07-04 17:19:57,661 | INFO     | engine | Determining student's year at school...
2025-07-04 17:19:57,664 | INFO     | engine | Getting student's confidence level and score for topic...
2025-07-04 17:19:57,667 | DEBUG    | engine | Student confidence level and score for topic geometry: 4, A+
2025-07-04 17:19:57,667 | INFO     | engine | confidence and score check result: True
2025-07-04 17:19:57,956 | INFO     | engine | Retrieving chunks for current year...
2025-07-04 17:19:59,091 | DEBUG    | engine | Found 3 relevant chunks for geometry
2025-07-04 17:20:00,084 | DEBUG    | engine | Found 9 relevant chunks for geometry
2025-07-04 17:20:00,084 | INFO     | engine | Determining if question is covered in retrieved chunks...
2025-07-04 17:20:01,327 | INFO     | engine | Coverage answer: ['Yes', 'The textbook covers the concept of rotations and reflections in terms of transformations, even though the specific terms may not be mentioned. It discusses angles, vectors, and transformations which are relevant to understanding the difference between rotations and reflections.']
2025-07-04 17:20:01,327 | INFO     | engine | Decision: Yes, Reasoning: The textbook covers the concept of rotations and reflections in terms of transformations, even though the specific terms may not be mentioned. It discusses angles, vectors, and transformations which are relevant to understanding the difference between rotations and reflections.
2025-07-04 17:20:01,328 | INFO     | engine | Generating single pass answer...
2025-07-04 17:20:23,821 | INFO     | engine | Final Answer for topic-based question → ### Explanation:

- **Rotation** involves rotating a vector or object around a fixed point by a certain angle $\theta$. This is represented by the cross product of two vectors, which gives a new vector perpendicular to the plane containing the original vectors. The angle between the two vectors can be calculated using the formula $sin \theta = | \textbf{a} \times \textbf{b} | / (|\textbf{a}||\textbf{b}|)$.

- **Reflection** involves flipping or mirroring a vector or object across a line or plane. In the context of vectors, reflection can be represented by the dot product of the vector to be reflected and the normal vector to the reflecting plane. The reflected vector is then given by the formula $\textbf{v}_{\text{reflected}} = \textbf{v} - 2(\textbf{v} \cdot \textbf{n})\textbf{n}$.

- In terms of transformations, rotation preserves the magnitude of vectors but changes their direction, while reflection changes the direction of vectors but keeps their magnitude the same. Rotation is characterized by an angle of rotation $\theta$, while reflection is characterized by a normal vector $\textbf{n}$ representing the reflecting plane.

- The angle between two vectors in a rotation is determined by the sine of the angle between them, while in a reflection, the normal vector to the reflecting plane plays a crucial role in determining the reflected vector.

- The vector product (cross product) used in rotations is not commutative, meaning the order of the vectors matters. This is because the direction of the resulting vector is determined by the right-hand rule, which is essential for understanding rotations.

- Reflections, on the other hand, are based on the dot product, which is commutative. This means that the order of the vectors does not affect the result when calculating reflections.
2025-07-04 17:20:24,179 | INFO     | engine | Successfully stored Q&A pair for grade 12 (single pass)
2025-07-04 17:20:49,787 | INFO     | engine | Processing question for student 45
2025-07-04 17:20:49,787 | DEBUG    | engine | Original question: What is the difference between a rotation and a reflection in terms of transformations?
2025-07-04 17:20:49,788 | DEBUG    | engine | History length: 15 words
2025-07-04 17:20:49,788 | INFO     | engine | Rephrasing question...
2025-07-04 17:20:50,284 | INFO     | engine | Rephrased Question → What is the difference between a rotation and a reflection in terms of transformations?
2025-07-04 17:20:50,284 | INFO     | engine | Detecting topic...
2025-07-04 17:20:50,886 | INFO     | engine | Detected topic: geometry
2025-07-04 17:20:50,957 | INFO     | engine | Determining student's year at school...
2025-07-04 17:20:50,960 | INFO     | engine | Getting student's confidence level and score for topic...
2025-07-04 17:20:50,963 | DEBUG    | engine | Student confidence level and score for topic geometry: 1, C
2025-07-04 17:20:50,963 | INFO     | engine | confidence and score check result: False
2025-07-04 17:20:51,275 | INFO     | engine | Retrieving chunks for current year...
2025-07-04 17:20:51,719 | DEBUG    | engine | Found 3 relevant chunks for geometry
2025-07-04 17:20:52,435 | DEBUG    | engine | Found 9 relevant chunks for geometry
2025-07-04 17:20:52,435 | INFO     | engine | Determining if question is covered in retrieved chunks...
2025-07-04 17:20:53,244 | INFO     | engine | Coverage answer: ['Yes', 'The textbook covers the concept of rotations and reflections in terms of transformations, as seen in the discussion of angles and vector products.']
2025-07-04 17:20:53,245 | INFO     | engine | Decision: Yes, Reasoning: The textbook covers the concept of rotations and reflections in terms of transformations, as seen in the discussion of angles and vector products.
2025-07-04 17:20:53,246 | INFO     | engine | Generating first pass answer...
2025-07-04 17:20:56,724 | INFO     | engine | First Pass Answer for topic-based question → ### Explanation:

- **Rotation:**
    - Rotation involves transforming an object by rotating it around a fixed point.
    - The rotation angle, denoted by $\theta$, determines the amount by which the object is rotated.
    - In the context of vector product, the angle between two vectors for rotation can be given as $\sin \theta$.
    - The vector product for rotation is not commutative, meaning the order of the vectors matters.
    
- **Reflection:**
    - Reflection involves transforming an object by flipping it across a line (plane in 3D).
    - In the case of reflection, the angle $\theta = \pi$, which makes the value of $\sin \theta = 0$.
    - This means that the vectors involved in reflection are perpendicular to each other.
    - The direction of the reflected vector is determined by the orientation of the coordinate system (right-handed system).
    
- **Difference:**
    - The main difference between rotation and reflection lies in the angle of transformation and the resulting relationship between the vectors involved.
    - In rotation, the angle $\theta$ can vary, leading to different degrees of rotation, while in reflection, the angle is fixed at $\pi$.
    - Rotation involves rotating an object around a fixed point, while reflection involves flipping an object across a line or plane.
    - The vector product for rotation is not commutative, whereas in reflection, the vectors involved are perpendicular to each other.

### Example:
- **Rotation:**
    - Let's consider two vectors $\vec{a}$ and $\vec{b}$ in a 2D plane.
    - If we rotate $\vec{a}$ by an angle of $30^\circ$ around the origin, the new rotated vector can be calculated using the rotation matrix:
    $$ \begin{bmatrix} \cos(30^\circ) & -\sin(30^\circ) \\ \sin(30^\circ) & \cos(30^\circ) \end{bmatrix} \begin{bmatrix} a_x \\ a_y \end{bmatrix} $$
    
- **Reflection:**
    - Let's consider two vectors $\vec{c}$ and $\vec{d}$ in a 2D plane.
    - If we reflect $\vec{c}$ across the x-axis, the reflected vector can be obtained by changing the sign of the y-component:
    $$ \vec{d} = \begin{bmatrix} c_x \\ -c_y \end{bmatrix} $$
2025-07-04 17:20:56,725 | INFO     | engine | Generating second pass answer...
2025-07-04 17:20:56,725 | INFO     | engine | Generating detail explanation for topic-based question...
2025-07-04 17:20:58,350 | INFO     | engine | Second Pass Answer for topic-based question → ### Simplified Explanation:

- **Rotation:**
    - Rotation is like spinning an object around a point.
    - Imagine turning a toy car around a pencil tip.
    - You can rotate by different amounts, like turning a dial.
    
- **Reflection:**
    - Reflection is like flipping an object over a line.
    - Picture folding a paper in half and seeing the mirror image.
    - The line acts like a mirror for the object.
    
- **Difference:**
    - Rotation spins around a point, while reflection flips over a line.
    - Rotation can turn by any angle, but reflection always flips by a fixed angle.
    - Rotation involves circular movement, while reflection involves mirroring.
    - In rotation, the order of spinning matters, but in reflection, the lines are like mirrors.

### Example:
- **Rotation:**
    - Think of turning a clock hand by 30 degrees.
    - The toy car moves in a circular path when rotated.
    
- **Reflection:**
    - Imagine folding a heart shape in half.
    - The mirror image looks exactly the same but flipped.
2025-07-04 17:20:58,350 | INFO     | engine | Comparing answers...
2025-07-04 17:21:24,898 | INFO     | engine | Compared answer: ### Explanation:

- **Rotation:**
    - Rotation is like spinning an object around a point.
    - Imagine turning a toy car around a pencil tip.
    - You can rotate by different amounts, like turning a dial.
    - Rotation involves circular movement.
    - The order of spinning matters in rotation.

- **Reflection:**
    - Reflection is like flipping an object over a line.
    - Picture folding a paper in half and seeing the mirror image.
    - The line acts like a mirror for the object.
    - Reflection involves mirroring.
    - Lines are like mirrors in reflection.

- **Difference:**
    - Rotation spins around a point, while reflection flips over a line.
    - Rotation can turn by any angle, but reflection always flips by a fixed angle.
    - Rotation involves circular movement, while reflection involves mirroring.
    - In rotation, the order of spinning matters, but in reflection, the lines are like mirrors.

### Example:
- **Rotation:**
    - Think of turning a clock hand by 30 degrees.
    - The toy car moves in a circular path when rotated.
    - Let's consider two vectors $\vec{a}$ and $\vec{b}$ in a 2D plane.
    - If we rotate $\vec{a}$ by an angle of $30^\circ$ around the origin, the new rotated vector can be calculated using the rotation matrix:
    $$ \begin{bmatrix} \cos(30^\circ) & -\sin(30^\circ) \\ \sin(30^\circ) & \cos(30^\circ) \end{bmatrix} \begin{bmatrix} a_x \\ a_y \end{bmatrix} $$

- **Reflection:**
    - Imagine folding a heart shape in half.
    - The mirror image looks exactly the same but flipped.
    - Let's consider two vectors $\vec{c}$ and $\vec{d}$ in a 2D plane.
    - If we reflect $\vec{c}$ across the x-axis, the reflected vector can be obtained by changing the sign of the y-component:
    $$ \vec{d} = \begin{bmatrix} c_x \\ -c_y \end{bmatrix} $$
2025-07-04 17:21:25,196 | INFO     | engine | Successfully stored Q&A pair for grade 12 (two-pass)
2025-07-04 17:21:39,915 | INFO     | engine | Processing question for student 45
2025-07-04 17:21:39,915 | DEBUG    | engine | Original question: What is the difference between a rotation and a reflection in terms of transformations?
2025-07-04 17:21:39,915 | DEBUG    | engine | History length: 317 words
2025-07-04 17:21:39,915 | INFO     | engine | Rephrasing question...
2025-07-04 17:21:40,656 | INFO     | engine | Rephrased Question → What is the difference between a rotation and a reflection in terms of transformations?
2025-07-04 17:21:40,657 | INFO     | engine | Detecting topic...
2025-07-04 17:21:41,269 | INFO     | engine | Detected topic: geometry
2025-07-04 17:21:41,349 | INFO     | engine | Determining student's year at school...
2025-07-04 17:21:41,352 | INFO     | engine | Getting student's confidence level and score for topic...
2025-07-04 17:21:41,356 | DEBUG    | engine | Student confidence level and score for topic geometry: 1, C
2025-07-04 17:21:41,356 | INFO     | engine | confidence and score check result: False
2025-07-04 17:21:41,639 | INFO     | engine | Retrieving chunks for current year...
2025-07-04 17:21:41,958 | DEBUG    | engine | Found 3 relevant chunks for geometry
2025-07-04 17:21:42,724 | DEBUG    | engine | Found 9 relevant chunks for geometry
2025-07-04 17:21:42,724 | INFO     | engine | Determining if question is covered in retrieved chunks...
2025-07-04 17:21:43,831 | INFO     | engine | Coverage answer: ['Yes', 'The textbook covers the concept of rotations and reflections in terms of transformations, as seen in the discussions about angles, vectors, and geometric shapes.']
2025-07-04 17:21:43,832 | INFO     | engine | Decision: Yes, Reasoning: The textbook covers the concept of rotations and reflections in terms of transformations, as seen in the discussions about angles, vectors, and geometric shapes.
2025-07-04 17:21:43,833 | INFO     | engine | Generating first pass answer...
2025-07-04 17:21:46,601 | INFO     | engine | First Pass Answer for topic-based question → ### Explanation:

- **Rotation:**
    - Rotation is a transformation that involves turning a figure around a fixed point. 
    - In the provided textbook content, rotation is represented by the angle $\theta$.
    - When $\theta = 0$, the rotation does not occur as the figure remains unchanged.
    - When $\theta = \pi$, the rotation results in a figure that is flipped or mirrored.
  
- **Reflection:**
    - Reflection is a transformation that involves flipping a figure over a line.
    - In the textbook content, reflection is represented by the angle $\theta = \pi$.
    - Reflection results in a figure that is mirrored across the line of reflection.
  
- **Difference:**
    - The key difference between rotation and reflection lies in the effect on the figure:
        - Rotation changes the orientation of the figure around a fixed point, while reflection flips the figure across a line.
        - Rotation involves turning the figure by an angle $\theta$, while reflection involves mirroring the figure across a line.
  
- **Example:**
    - Consider a point P in a coordinate system. 
    - If we rotate point P by an angle of $\frac{\pi}{2}$ radians, it will move to a new position P'.
    - If we reflect point P across the x-axis, it will move to a new position P''.
  
- **Mathematical Representation:**
    - Rotation: $R_{\theta}(P) = (x\cos\theta - y\sin\theta, x\sin\theta + y\cos\theta)$
    - Reflection across x-axis: $R_{\pi}(P) = (x, -y)$
2025-07-04 17:21:46,602 | INFO     | engine | Generating second pass answer...
2025-07-04 17:21:46,602 | INFO     | engine | Generating detail explanation for topic-based question...
2025-07-04 17:21:48,948 | INFO     | engine | Second Pass Answer for topic-based question → ### Simplified Explanation:

- **Rotation:**
    - Rotation is like spinning a figure around a point, like twirling a toy top.
    - Imagine turning a piece of paper in a circle around a pencil stuck in the middle.
    - If you rotate a figure by 90 degrees, it's like turning it a quarter of a full circle.

- **Reflection:**
    - Reflection is like looking at a mirror image of a figure.
    - It's as if you fold the figure over a line and see its reflection on the other side.
    - When you reflect a figure, it's like making a perfect copy that's flipped.

- **Difference:**
    - Rotation changes how a figure faces, like turning it left or right.
    - Reflection creates a mirror image of the figure, like seeing its reflection.
    - Rotation is like spinning, while reflection is like flipping a figure over.

- **Example:**
    - If you spin a toy car by a quarter turn, it faces a new direction after rotating.
    - When you look at your face in a mirror, it's a reflection of how you look.

- **Mathematical Representation:**
    - Rotation: $R_{\theta}(P) = (x\cos\theta - y\sin\theta, x\sin\theta + y\cos\theta)$
    - Reflection across x-axis: $R_{\pi}(P) = (x, -y)$
2025-07-04 17:21:48,948 | INFO     | engine | Comparing answers...
2025-07-04 17:22:03,766 | INFO     | engine | Compared answer: ### Final Answer:

- **Rotation vs. Reflection:**
    - **Rotation:** Think of rotation as spinning a figure around a point, like twirling a toy top.
    - **Reflection:** Reflection is like looking at a mirror image of a figure, creating a flipped copy.
  
- **Key Differences:**
    - Rotation changes how a figure faces, like turning it left or right.
    - Reflection creates a mirror image of the figure, like seeing its reflection.
  
- **Example:**
    - If you spin a toy car by a quarter turn, it faces a new direction after rotating.
    - When you look at your face in a mirror, it's a reflection of how you look.
  
- **Mathematical Representation:**
    - Rotation: $R_{\theta}(P) = (x\cos\theta - y\sin\theta, x\sin\theta + y\cos\theta)$
    - Reflection across x-axis: $R_{\pi}(P) = (x, -y)$

This final answer combines the simplicity and clarity of the 'Second Pass Answer' with the correct technical details from the 'First Pass Answer', providing a comprehensive yet accessible explanation for the student.
2025-07-04 17:22:04,091 | INFO     | engine | Successfully stored Q&A pair for grade 12 (two-pass)
2025-07-04 18:37:10,764 | DEBUG    | engine | Test DEBUG message
2025-07-04 18:37:10,764 | INFO     | engine | Test INFO message
2025-07-04 18:37:10,764 | WARNING  | engine | Test WARNING message
2025-07-04 18:37:10,764 | ERROR    | engine | Test ERROR message
2025-07-04 18:37:29,058 | INFO     | engine | Processing question for student 13
2025-07-04 18:37:29,059 | DEBUG    | engine | Original question: What is the difference between a rotation and a reflection in terms of transformations?


2025-07-04 18:37:29,059 | DEBUG    | engine | History length: 15 words
2025-07-04 18:37:29,059 | INFO     | engine | Rephrasing question...
2025-07-04 18:37:29,824 | INFO     | engine | Rephrased Question → What is the difference between a rotation and a reflection in terms of transformations?
2025-07-04 18:37:29,824 | INFO     | engine | Detecting topic...
2025-07-04 18:37:30,393 | INFO     | engine | Detected topic: geometry
2025-07-04 18:37:30,481 | INFO     | engine | Determining student's year at school...
2025-07-04 18:37:30,484 | INFO     | engine | Getting student's confidence level and score for topic...
2025-07-04 18:37:30,488 | DEBUG    | engine | Student confidence level and score for topic geometry: 4, A+
2025-07-04 18:37:30,488 | INFO     | engine | confidence and score check result: True
2025-07-04 18:37:31,254 | INFO     | engine | Retrieving chunks for current year...
2025-07-04 18:37:31,944 | DEBUG    | engine | Found 3 relevant chunks for geometry
2025-07-04 18:37:32,851 | DEBUG    | engine | Found 9 relevant chunks for geometry
2025-07-04 18:37:32,851 | INFO     | engine | Determining if question is covered in retrieved chunks...
2025-07-04 18:37:34,119 | INFO     | engine | Coverage answer: ['Yes', 'The textbook covers the concept of rotations and reflections in terms of transformations, as seen in the discussion of angles and vector products.']
2025-07-04 18:37:34,120 | INFO     | engine | Decision: Yes, Reasoning: The textbook covers the concept of rotations and reflections in terms of transformations, as seen in the discussion of angles and vector products.
2025-07-04 18:37:34,122 | INFO     | engine | Generating single pass answer...
2025-07-04 18:38:00,325 | INFO     | engine | Final Answer for topic-based question → ### Rotation vs Reflection in Terms of Transformations

- **Rotation:**
    - Rotations involve rotating a figure around a fixed point by a certain angle.
    - In terms of vector product, the angle between two vectors in a rotation can be given as $\sin \theta = 1$.
    - This means that the sine of the angle between the vectors is 1, indicating that the vectors are perpendicular to each other.
    - For example, if we have vectors $\mathbf{a}$ and $\mathbf{b}$ where $\mathbf{a} = \begin{pmatrix} 1 \\ 0 \\ 0 \end{pmatrix}$ and $\mathbf{b} = \begin{pmatrix} 0 \\ 1 \\ 0 \end{pmatrix}$, a rotation would result in $\mathbf{a} \times \mathbf{b} = \begin{pmatrix} 0 \\ 0 \\ 1 \end{pmatrix}$.

- **Reflection:**
    - Reflections involve flipping a figure over a line (in 2D) or a plane (in 3D).
    - In terms of vector product, the angle between two vectors in a reflection can be given as $\sin \theta = 0$.
    - This means that the sine of the angle between the vectors is 0, indicating that the vectors are parallel to each other.
    - For example, if we have vectors $\mathbf{c}$ and $\mathbf{d}$ where $\mathbf{c} = \begin{pmatrix} 1 \\ 0 \\ 0 \end{pmatrix}$ and $\mathbf{d} = \begin{pmatrix} -1 \\ 0 \\ 0 \end{pmatrix}$, a reflection would result in $\mathbf{c} \times \mathbf{d} = \begin{pmatrix} 0 \\ 0 \\ 0 \end{pmatrix}$.

In summary, rotations involve perpendicular vectors (angle between them with $\sin \theta = 1$) while reflections involve parallel vectors (angle between them with $\sin \theta = 0$).
2025-07-04 18:38:00,594 | INFO     | engine | Successfully stored Q&A pair for grade 12 (single pass)
2025-07-04 18:38:09,656 | INFO     | engine | Processing question for student 45
2025-07-04 18:38:09,657 | DEBUG    | engine | Original question: What is the difference between a rotation and a reflection in terms of transformations?


2025-07-04 18:38:09,657 | DEBUG    | engine | History length: 15 words
2025-07-04 18:38:09,657 | INFO     | engine | Rephrasing question...
2025-07-04 18:38:10,470 | INFO     | engine | Rephrased Question → What is the difference between a rotation and a reflection in terms of transformations?
2025-07-04 18:38:10,471 | INFO     | engine | Detecting topic...
2025-07-04 18:38:10,986 | INFO     | engine | Detected topic: geometry
2025-07-04 18:38:11,068 | INFO     | engine | Determining student's year at school...
2025-07-04 18:38:11,071 | INFO     | engine | Getting student's confidence level and score for topic...
2025-07-04 18:38:11,075 | DEBUG    | engine | Student confidence level and score for topic geometry: 1, C
2025-07-04 18:38:11,075 | INFO     | engine | confidence and score check result: False
2025-07-04 18:38:11,372 | INFO     | engine | Retrieving chunks for current year...
2025-07-04 18:38:11,683 | DEBUG    | engine | Found 3 relevant chunks for geometry
2025-07-04 18:38:13,144 | DEBUG    | engine | Found 9 relevant chunks for geometry
2025-07-04 18:38:13,145 | INFO     | engine | Determining if question is covered in retrieved chunks...
2025-07-04 18:38:13,952 | INFO     | engine | Coverage answer: ['Yes', 'The textbook covers the concept of rotations and reflections in terms of transformations, as seen in the discussion of angles and vector products.']
2025-07-04 18:38:13,953 | INFO     | engine | Decision: Yes, Reasoning: The textbook covers the concept of rotations and reflections in terms of transformations, as seen in the discussion of angles and vector products.
2025-07-04 18:38:13,955 | INFO     | engine | Generating first pass answer...
2025-07-04 18:38:22,144 | INFO     | engine | First Pass Answer for topic-based question → ### Explanation:

- **Rotation:**
  - A rotation is a transformation that turns a figure around a fixed point by a certain angle. In the context of vectors, a rotation can be represented by multiplying a vector by a rotation matrix. The rotation matrix for a 2D rotation by an angle $\theta$ is:
    $$\begin{bmatrix} \cos \theta & -\sin \theta \\ \sin \theta & \cos \theta \end{bmatrix}$$
  - When $\theta = 0$, the rotation matrix becomes the identity matrix, which means no rotation actually occurs. The vector remains unchanged.

- **Reflection:**
  - A reflection is a transformation that flips a figure over a line. In the context of vectors, a reflection can be represented by multiplying a vector by a reflection matrix. The reflection matrix for a reflection across the x-axis is:
    $$\begin{bmatrix} 1 & 0 \\ 0 & -1 \end{bmatrix}$$
  - When the reflection is across the x-axis, the value of $\theta$ is $\pi$, which makes the value of $\sin \theta$ equal to 0.

- **Difference:**
  - The main difference between a rotation and a reflection is that rotations involve turning a figure around a fixed point by an angle, while reflections involve flipping a figure over a line. Additionally, rotations preserve the length and orientation of vectors, while reflections change the orientation of vectors.

- **Example:**
  - Consider a vector $\mathbf{v} = \begin{bmatrix} 1 \\ 0 \end{bmatrix}$. If we rotate $\mathbf{v}$ by an angle of $\frac{\pi}{2}$, we get:
    $$\begin{bmatrix} 0 & -1 \\ 1 & 0 \end{bmatrix} \begin{bmatrix} 1 \\ 0 \end{bmatrix} = \begin{bmatrix} 0 \\ 1 \end{bmatrix}$$
  - If we reflect $\mathbf{v}$ across the x-axis, we get:
    $$\begin{bmatrix} 1 & 0 \\ 0 & -1 \end{bmatrix} \begin{bmatrix} 1 \\ 0 \end{bmatrix} = \begin{bmatrix} 1 \\ 0 \end{bmatrix}$$

By understanding these differences and using the appropriate transformation matrices, we can accurately perform rotations and reflections on vectors.
2025-07-04 18:38:22,145 | INFO     | engine | Generating second pass answer...
2025-07-04 18:38:22,146 | INFO     | engine | Generating detail explanation for topic-based question...
2025-07-04 18:38:25,857 | INFO     | engine | Second Pass Answer for topic-based question → ### Simplified Explanation:

- **Rotation:**
  - Imagine you have a shape, and you turn it around a point like spinning a top. This turning is called a rotation. It's like twisting a figure by a certain amount.
  - For example, if you have a triangle and you spin it around one of its corners, that's a rotation.

- **Reflection:**
  - Now, picture a shape and you flip it over a line, like looking at yourself in a mirror. This flipping is called a reflection. It's like creating a mirror image of the figure.
  - For instance, if you have a heart shape and you flip it upside down, that's a reflection.

- **Difference:**
  - So, the big difference is that rotations involve turning a shape around a point, while reflections involve flipping a shape over a line.
  - Also, rotations keep the shape's size and position the same, while reflections change how the shape faces.

By understanding these simple ideas, you can see how rotations and reflections are different ways to change how shapes look.
2025-07-04 18:38:25,858 | INFO     | engine | Comparing answers...
2025-07-04 18:38:55,524 | INFO     | engine | Compared answer: ### Explanation:

- **Rotation:**
  - Imagine you have a shape, and you turn it around a point like spinning a top. This turning is called a rotation. It's like twisting a figure by a certain amount.
  - A rotation is a transformation that turns a figure around a fixed point by a certain angle. In the context of vectors, a rotation can be represented by multiplying a vector by a rotation matrix.
  - When $\theta = 0$, no rotation actually occurs. The vector remains unchanged.

- **Reflection:**
  - Now, picture a shape and you flip it over a line, like looking at yourself in a mirror. This flipping is called a reflection. It's like creating a mirror image of the figure.
  - A reflection is a transformation that flips a figure over a line. In the context of vectors, a reflection can be represented by multiplying a vector by a reflection matrix.
  - When the reflection is across the x-axis, the value of $\theta$ is $\pi$, which makes the value of $\sin \theta$ equal to 0.

- **Difference:**
  - So, the big difference is that rotations involve turning a shape around a point, while reflections involve flipping a shape over a line.
  - Rotations keep the shape's size and position the same, while reflections change how the shape faces. Rotations preserve the length and orientation of vectors, while reflections change the orientation of vectors.

- **Example:**
  - Consider a vector $\mathbf{v} = \begin{bmatrix} 1 \\ 0 \end{bmatrix}$. If we rotate $\mathbf{v}$ by an angle of $\frac{\pi}{2}$, we get:
    $$\begin{bmatrix} 0 & -1 \\ 1 & 0 \end{bmatrix} \begin{bmatrix} 1 \\ 0 \end{bmatrix} = \begin{bmatrix} 0 \\ 1 \end{bmatrix}$$
  - If we reflect $\mathbf{v}$ across the x-axis, we get:
    $$\begin{bmatrix} 1 & 0 \\ 0 & -1 \end{bmatrix} \begin{bmatrix} 1 \\ 0 \end{bmatrix} = \begin{bmatrix} 1 \\ 0 \end{bmatrix}$$

By understanding these simple ideas, you can see how rotations and reflections are different ways to change how shapes look.
2025-07-04 18:38:55,531 | INFO     | engine | Successfully stored Q&A pair for grade 12 (two-pass)
2025-07-04 18:39:54,033 | INFO     | engine | Processing question for student 45
2025-07-04 18:39:54,034 | DEBUG    | engine | Original question: What is the difference between a rotation and a reflection in terms of transformations?


2025-07-04 18:39:54,034 | DEBUG    | engine | History length: 359 words
2025-07-04 18:39:54,034 | INFO     | engine | Rephrasing question...
2025-07-04 18:39:54,716 | INFO     | engine | Rephrased Question → What is the difference between a rotation and a reflection in terms of transformations?
2025-07-04 18:39:54,717 | INFO     | engine | Detecting topic...
2025-07-04 18:39:55,137 | INFO     | engine | Detected topic: geometry
2025-07-04 18:39:55,208 | INFO     | engine | Determining student's year at school...
2025-07-04 18:39:55,211 | INFO     | engine | Getting student's confidence level and score for topic...
2025-07-04 18:39:55,215 | DEBUG    | engine | Student confidence level and score for topic geometry: 1, C
2025-07-04 18:39:55,215 | INFO     | engine | confidence and score check result: False
2025-07-04 18:39:55,550 | INFO     | engine | Streaming historic answer for grade 12
2025-07-04 18:40:31,063 | INFO     | engine | Processing question for student 13
2025-07-04 18:40:31,063 | DEBUG    | engine | Original question: how do I write python code
2025-07-04 18:40:31,063 | DEBUG    | engine | History length: 274 words
2025-07-04 18:40:31,063 | INFO     | engine | Rephrasing question...
2025-07-04 18:40:31,785 | INFO     | engine | Rephrased Question → - Reformulated: "How do I write Python code?"
2025-07-04 18:40:31,785 | INFO     | engine | Detecting topic...
2025-07-04 18:40:32,299 | INFO     | engine | Detected topic: overview
2025-07-04 18:40:32,371 | INFO     | engine | Processing overview question...
2025-07-04 18:40:32,373 | ERROR    | engine | Error retrieving documents: name 'llm_answer' is not defined
2025-07-04 18:41:56,426 | DEBUG    | engine | Test DEBUG message
2025-07-04 18:41:56,432 | INFO     | engine | Test INFO message
2025-07-04 18:41:56,432 | WARNING  | engine | Test WARNING message
2025-07-04 18:41:56,435 | ERROR    | engine | Test ERROR message
2025-07-04 18:42:07,515 | INFO     | engine | Processing question for student 32
2025-07-04 18:42:07,515 | DEBUG    | engine | Original question: how do I write python code
2025-07-04 18:42:07,515 | DEBUG    | engine | History length: 7 words
2025-07-04 18:42:07,515 | INFO     | engine | Rephrasing question...
2025-07-04 18:42:07,992 | INFO     | engine | Rephrased Question → how do I write python code
2025-07-04 18:42:07,992 | INFO     | engine | Detecting topic...
2025-07-04 18:42:08,651 | INFO     | engine | Detected topic: overview
2025-07-04 18:42:08,736 | INFO     | engine | Processing overview question...
2025-07-04 18:42:22,340 | INFO     | engine | Final Answer for overview question → ### Basics

To write Python code, you first need to understand the basic syntax and structure of the language. Here are some steps to get you started:

1. **Install Python**: Make sure you have Python installed on your computer. You can download it from the official Python website.

2. **Choose an IDE**: Select an Integrated Development Environment (IDE) like PyCharm, Visual Studio Code, or Jupyter Notebook to write and run your Python code.

3. **Start with Simple Programs**: Begin by writing simple programs like printing "Hello, World!" to the console, performing basic arithmetic operations, or defining variables.

4. **Learn Control Structures**: Understand concepts like loops (for, while), conditional statements (if, else), and functions to control the flow of your code.

5. **Practice, Practice, Practice**: The more you code, the better you'll get. Try solving mathematical problems using Python to apply what you've learned.

Remember, coding is a skill that improves with practice and patience. Don't hesitate to seek help from online tutorials, forums, or coding communities as you progress. Good luck! 🐍👩‍💻
2025-07-04 18:51:00,488 | DEBUG    | engine | Test DEBUG message
2025-07-04 18:51:00,489 | INFO     | engine | Test INFO message
2025-07-04 18:51:00,489 | WARNING  | engine | Test WARNING message
2025-07-04 18:51:00,489 | ERROR    | engine | Test ERROR message
2025-07-04 18:51:15,328 | INFO     | engine | Processing question for student 1
2025-07-04 18:51:15,329 | DEBUG    | engine | Original question: what can you do
2025-07-04 18:51:15,329 | DEBUG    | engine | History length: 5 words
2025-07-04 18:51:15,329 | INFO     | engine | Rephrasing question...
2025-07-04 18:51:17,002 | INFO     | engine | Rephrased Question → "What can you do?"
2025-07-04 18:51:17,003 | INFO     | engine | Detecting topic...
2025-07-04 18:51:18,128 | INFO     | engine | Detected topic: mathematical reasoning
2025-07-04 18:51:18,214 | INFO     | engine | Determining student's year at school...
2025-07-04 18:51:18,217 | INFO     | engine | Getting student's confidence level and score for topic...
2025-07-04 18:51:18,222 | DEBUG    | engine | Student confidence level and score for topic mathematical reasoning: 1, 
2025-07-04 18:51:18,223 | INFO     | engine | confidence and score check result: False
2025-07-04 18:51:18,506 | INFO     | engine | Retrieving chunks for current year...
2025-07-04 18:51:19,218 | DEBUG    | engine | Found 3 relevant chunks for mathematical reasoning
2025-07-04 18:51:19,932 | DEBUG    | engine | Found 9 relevant chunks for mathematical reasoning
2025-07-04 18:51:19,932 | INFO     | engine | Determining if question is covered in retrieved chunks...
2025-07-04 18:51:20,854 | INFO     | engine | Coverage answer: ['No', "The student's question 'What can you do?' is not covered in the retrieved textbook content, which mainly focuses on mathematical problems and concepts."]
2025-07-04 18:51:20,854 | INFO     | engine | Decision: No, Reasoning: The student's question 'What can you do?' is not covered in the retrieved textbook content, which mainly focuses on mathematical problems and concepts.
2025-07-04 18:52:04,248 | INFO     | engine | Processing question for student 1
2025-07-04 18:52:04,248 | DEBUG    | engine | Original question: what is the weather today
2025-07-04 18:52:04,249 | DEBUG    | engine | History length: 39 words
2025-07-04 18:52:04,249 | INFO     | engine | Rephrasing question...
2025-07-04 18:52:04,749 | INFO     | engine | Rephrased Question → "What is the weather today"
2025-07-04 18:52:04,749 | INFO     | engine | Detecting topic...
2025-07-04 18:52:05,331 | INFO     | engine | Detected topic: algebra
2025-07-04 18:52:05,403 | INFO     | engine | Determining student's year at school...
2025-07-04 18:52:05,406 | INFO     | engine | Getting student's confidence level and score for topic...
2025-07-04 18:52:05,410 | DEBUG    | engine | Student confidence level and score for topic algebra: 1, A
2025-07-04 18:52:05,410 | INFO     | engine | confidence and score check result: False
2025-07-04 18:52:05,701 | INFO     | engine | Retrieving chunks for current year...
2025-07-04 18:52:06,161 | DEBUG    | engine | Found 3 relevant chunks for algebra
2025-07-04 18:52:06,997 | DEBUG    | engine | Found 9 relevant chunks for algebra
2025-07-04 18:52:06,997 | INFO     | engine | Determining if question is covered in retrieved chunks...
2025-07-04 18:52:07,792 | INFO     | engine | Coverage answer: ['No', 'The textbook content provided does not cover information related to weather or meteorology.']
2025-07-04 18:52:07,793 | INFO     | engine | Decision: No, Reasoning: The textbook content provided does not cover information related to weather or meteorology.
2025-07-04 18:52:28,007 | DEBUG    | engine | Test DEBUG message
2025-07-04 18:52:28,008 | INFO     | engine | Test INFO message
2025-07-04 18:52:28,008 | WARNING  | engine | Test WARNING message
2025-07-04 18:52:28,008 | ERROR    | engine | Test ERROR message
2025-07-04 18:52:38,830 | INFO     | engine | Processing question for student 1
2025-07-04 18:52:38,830 | DEBUG    | engine | Original question: helllllawr
2025-07-04 18:52:38,830 | DEBUG    | engine | History length: 69 words
2025-07-04 18:52:38,830 | INFO     | engine | Rephrasing question...
2025-07-04 18:52:39,285 | INFO     | engine | Rephrased Question → helllllawr
2025-07-04 18:52:39,285 | INFO     | engine | Detecting topic...
2025-07-04 18:52:39,841 | INFO     | engine | Detected topic: mathematical reasoning
2025-07-04 18:52:39,920 | INFO     | engine | Determining student's year at school...
2025-07-04 18:52:39,923 | INFO     | engine | Getting student's confidence level and score for topic...
2025-07-04 18:52:39,926 | DEBUG    | engine | Student confidence level and score for topic mathematical reasoning: 1, 
2025-07-04 18:52:39,926 | INFO     | engine | confidence and score check result: False
2025-07-04 18:52:40,203 | INFO     | engine | Retrieving chunks for current year...
2025-07-04 18:52:40,511 | DEBUG    | engine | Found 3 relevant chunks for mathematical reasoning
2025-07-04 18:52:41,338 | DEBUG    | engine | Found 9 relevant chunks for mathematical reasoning
2025-07-04 18:52:41,338 | INFO     | engine | Determining if question is covered in retrieved chunks...
2025-07-04 18:52:42,404 | INFO     | engine | Coverage answer: ['No', "The student's question does not align with the content of the retrieved textbook excerpts, which focus on mathematical modeling, deductive reasoning, and problem formulation."]
2025-07-04 18:52:42,404 | INFO     | engine | Decision: No, Reasoning: The student's question does not align with the content of the retrieved textbook excerpts, which focus on mathematical modeling, deductive reasoning, and problem formulation.
