2025-06-15 15:55:16,785 | INFO     | engine | Processing question for student ywa3324
2025-06-15 15:55:16,852 | INFO     | engine | Rephrasing question with context
2025-06-15 15:55:18,071 | INFO     | engine | Rephrased Question → What can I be asked?
2025-06-15 15:55:18,995 | INFO     | engine | Detected topics: overview
2025-06-15 15:55:20,222 | INFO     | engine | Final Answer → As an expert math tutor, I can help you with a variety of topics including algebra, geometry, probability, statistics, and more. You can ask me specific questions about these topics, seek help with calculations and problems, understand concepts at different levels, practice with problems, and correct any misconceptions you may have. Feel free to ask me anything related to math, and I'll be happy to assist you!
2025-06-15 15:56:37,687 | INFO     | engine | Processing question for student ywa3324
2025-06-15 15:56:37,740 | INFO     | engine | Rephrasing question with context
2025-06-15 15:56:38,256 | INFO     | engine | Rephrased Question → What are trigonometric functions and can you provide more information about them?
2025-06-15 15:56:39,169 | INFO     | engine | Detected topics: geometry, basics
2025-06-15 15:56:39,225 | INFO     | engine | Getting level for student ywa3324 in topic geometry
2025-06-15 15:56:39,231 | INFO     | engine | Student ywa3324 is at beginner level for geometry
2025-06-15 15:56:39,231 | INFO     | engine | Student ywa3324 level for geometry: beginner
2025-06-15 15:56:39,231 | INFO     | engine | Retrieving chunks for topic geometry up to level beginner
2025-06-15 15:56:40,562 | INFO     | engine | Retrieved total of 0 chunks for topic geometry
2025-06-15 15:56:40,563 | INFO     | engine | Getting level for student ywa3324 in topic basics
2025-06-15 15:56:40,565 | INFO     | engine | Student ywa3324 is at intermediate level for basics
2025-06-15 15:56:40,565 | INFO     | engine | Student ywa3324 level for basics: intermediate
2025-06-15 15:56:40,565 | INFO     | engine | Retrieving chunks for topic basics up to level intermediate
2025-06-15 15:56:41,597 | INFO     | engine | Retrieved total of 0 chunks for topic basics
2025-06-15 15:56:41,598 | INFO     | engine | Getting level for student ywa3324 in topic geometry
2025-06-15 15:56:41,604 | INFO     | engine | Student ywa3324 is at beginner level for geometry
2025-06-15 15:56:41,604 | INFO     | engine | Getting level for student ywa3324 in topic basics
2025-06-15 15:56:41,607 | INFO     | engine | Student ywa3324 is at intermediate level for basics
2025-06-15 15:56:41,608 | INFO     | engine | Generating answer for topic-based question
2025-06-15 15:56:44,293 | INFO     | engine | Final Answer → Explanation for a beginner level:

Trigonometric functions are mathematical functions that relate angles of a right triangle to the lengths of its sides. The three main trigonometric functions are sine, cosine, and tangent. 

Sine (sin) of an angle is the ratio of the length of the side opposite the angle to the length of the hypotenuse. Cosine (cos) of an angle is the ratio of the length of the side adjacent to the angle to the length of the hypotenuse. Tangent (tan) of an angle is the ratio of the length of the side opposite the angle to the length of the side adjacent to the angle.

For example, if we have a right triangle with an angle of 30 degrees, the sine of 30 degrees would be the length of the side opposite the angle divided by the length of the hypotenuse.

To understand trigonometric functions better, it's important to practice using them in different scenarios and solving problems involving right triangles.

Let's practice with a simple example: In a right triangle with an angle of 45 degrees, if the length of the side opposite the angle is 4 and the length of the hypotenuse is 5, can you find the sine of the angle?
2025-06-15 16:06:07,733 | INFO     | engine | Processing question for student ywa3324
2025-06-15 16:06:07,780 | INFO     | engine | Rephrasing question with context
2025-06-15 16:06:09,087 | INFO     | engine | Rephrased Question → Reformulated standalone question:
What are trigonometric functions?
2025-06-15 16:06:10,469 | INFO     | engine | Detected topics: geometry, basics
2025-06-15 16:06:10,517 | INFO     | engine | Getting level for student ywa3324 in topic geometry
2025-06-15 16:06:10,525 | INFO     | engine | Student ywa3324 is at beginner level for geometry
2025-06-15 16:06:10,525 | INFO     | engine | Student ywa3324 level for geometry: beginner
2025-06-15 16:06:10,525 | INFO     | engine | Retrieving chunks for topic geometry up to level beginner
2025-06-15 16:06:11,583 | INFO     | engine | Retrieved total of 0 chunks for topic geometry
2025-06-15 16:06:11,584 | INFO     | engine | Getting level for student ywa3324 in topic basics
2025-06-15 16:06:11,587 | INFO     | engine | Student ywa3324 is at intermediate level for basics
2025-06-15 16:06:11,587 | INFO     | engine | Student ywa3324 level for basics: intermediate
2025-06-15 16:06:11,587 | INFO     | engine | Retrieving chunks for topic basics up to level intermediate
2025-06-15 16:06:12,431 | INFO     | engine | Retrieved total of 0 chunks for topic basics
2025-06-15 16:06:12,431 | INFO     | engine | Getting level for student ywa3324 in topic geometry
2025-06-15 16:06:12,434 | INFO     | engine | Student ywa3324 is at beginner level for geometry
2025-06-15 16:06:12,434 | INFO     | engine | Getting level for student ywa3324 in topic basics
2025-06-15 16:06:12,436 | INFO     | engine | Student ywa3324 is at intermediate level for basics
2025-06-15 16:06:12,436 | INFO     | engine | Generating answer for topic-based question
2025-06-15 16:06:17,263 | INFO     | engine | Final Answer → Trigonometric functions are mathematical functions that relate the angles of a right triangle to the lengths of its sides. The main trigonometric functions are sine, cosine, and tangent. 

Sine (sin) is the ratio of the length of the side opposite an angle to the length of the hypotenuse. Cosine (cos) is the ratio of the length of the side adjacent to an angle to the length of the hypotenuse. Tangent (tan) is the ratio of the length of the side opposite an angle to the length of the side adjacent to the angle.

These functions are widely used in geometry, physics, engineering, and many other fields to analyze and solve problems involving angles and triangles.

For example, if we have a right triangle with an angle of 30 degrees and the length of the opposite side is 3 units, and the hypotenuse is 5 units, we can use trigonometric functions to find the length of the adjacent side. In this case, we would use the cosine function to calculate the adjacent side length.

Practice example: 
In a right triangle with an angle of 45 degrees, if the length of the opposite side is 4 units and the length of the hypotenuse is 5 units, what is the length of the adjacent side?
2025-06-15 16:08:38,469 | INFO     | engine | Processing question for student ywa3324
2025-06-15 16:08:38,511 | INFO     | engine | Rephrasing question with context
2025-06-15 16:08:39,290 | INFO     | engine | Rephrased Question → How can the trigonometric functions help in solving the given question?
2025-06-15 16:08:39,802 | INFO     | engine | Detected topics: geometry, modelling
2025-06-15 16:08:39,852 | INFO     | engine | Getting level for student ywa3324 in topic geometry
2025-06-15 16:08:39,855 | INFO     | engine | Student ywa3324 is at beginner level for geometry
2025-06-15 16:08:39,855 | INFO     | engine | Student ywa3324 level for geometry: beginner
2025-06-15 16:08:39,855 | INFO     | engine | Retrieving chunks for topic geometry up to level beginner
2025-06-15 16:08:40,152 | INFO     | engine | Retrieved total of 0 chunks for topic geometry
2025-06-15 16:08:40,152 | INFO     | engine | Getting level for student ywa3324 in topic modelling
2025-06-15 16:08:40,156 | INFO     | engine | Student ywa3324 is at beginner level for modelling
2025-06-15 16:08:40,156 | INFO     | engine | Student ywa3324 level for modelling: beginner
2025-06-15 16:08:40,156 | INFO     | engine | Retrieving chunks for topic modelling up to level beginner
2025-06-15 16:08:40,518 | INFO     | engine | Retrieved total of 0 chunks for topic modelling
2025-06-15 16:08:40,518 | INFO     | engine | Getting level for student ywa3324 in topic geometry
2025-06-15 16:08:40,521 | INFO     | engine | Student ywa3324 is at beginner level for geometry
2025-06-15 16:08:40,521 | INFO     | engine | Getting level for student ywa3324 in topic modelling
2025-06-15 16:08:40,523 | INFO     | engine | Student ywa3324 is at beginner level for modelling
2025-06-15 16:08:40,523 | INFO     | engine | Generating answer for topic-based question
2025-06-15 16:08:42,585 | INFO     | engine | Final Answer → Trigonometric functions are essential tools in solving many mathematical problems, especially those involving angles and triangles. In the context of your question, trigonometric functions like sine, cosine, and tangent can help you find missing sides or angles in a triangle.

For example, if you have a right triangle and you know the length of one side and the measure of one angle, you can use trigonometric functions to find the lengths of the other sides. The sine function relates the ratio of the length of the side opposite an angle to the hypotenuse, the cosine function relates the ratio of the length of the side adjacent to an angle to the hypotenuse, and the tangent function relates the ratio of the length of the side opposite an angle to the length of the side adjacent to that angle.

A common misconception is that trigonometric functions are only useful in theoretical math, but they are actually very practical and have many real-world applications in fields like engineering, physics, and architecture.

To practice using trigonometric functions, let's consider a right triangle with an angle of 30 degrees and a hypotenuse of 10 units. Using the sine function, you can find the length of the side opposite the 30-degree angle. Remember that sine(theta) = opposite/hypotenuse.

Hope this helps! Let me know if you need more clarification or examples.
2025-06-15 16:10:05,871 | INFO     | engine | Processing question for student ywa3324
2025-06-15 16:10:05,918 | INFO     | engine | Rephrasing question with context
2025-06-15 16:10:06,542 | INFO     | engine | Rephrased Question → Can you recall what was mentioned earlier in the conversation?
2025-06-15 16:10:07,148 | INFO     | engine | Detected topics: overview
2025-06-15 16:10:08,003 | INFO     | engine | Final Answer → Of course! I cover a wide range of mathematical topics including algebra, basics, geometry, miscellaneous topics, mathematical modeling, probability, and statistics. I can answer specific questions, solve problems, explain concepts at different levels, provide practice problems, and help correct misconceptions. Let me know how I can assist you further!
2025-06-15 16:32:14,392 | INFO     | engine | Processing question for student ywa3324
2025-06-15 16:32:14,440 | INFO     | engine | Rephrasing question with context
2025-06-15 16:32:15,413 | INFO     | engine | Rephrased Question → Reformulated: "Can you provide more information about trigonometric functions?"
2025-06-15 16:32:16,104 | INFO     | engine | Detected topics: geometry, basics
2025-06-15 16:32:16,190 | INFO     | engine | Getting level for student ywa3324 in topic geometry
2025-06-15 16:32:16,196 | INFO     | engine | Student ywa3324 is at beginner level for geometry
2025-06-15 16:32:16,196 | INFO     | engine | Student ywa3324 level for geometry: beginner
2025-06-15 16:32:16,196 | INFO     | engine | Retrieving chunks for topic geometry up to level beginner
2025-06-15 16:32:16,618 | INFO     | engine | Retrieved total of 0 chunks for topic geometry
2025-06-15 16:32:16,619 | INFO     | engine | Getting level for student ywa3324 in topic basics
2025-06-15 16:32:16,623 | INFO     | engine | Student ywa3324 is at intermediate level for basics
2025-06-15 16:32:16,624 | INFO     | engine | Student ywa3324 level for basics: intermediate
2025-06-15 16:32:16,624 | INFO     | engine | Retrieving chunks for topic basics up to level intermediate
2025-06-15 16:32:17,662 | INFO     | engine | Retrieved total of 0 chunks for topic basics
2025-06-15 16:32:17,662 | INFO     | engine | Getting level for student ywa3324 in topic geometry
2025-06-15 16:32:17,666 | INFO     | engine | Student ywa3324 is at beginner level for geometry
2025-06-15 16:32:17,667 | INFO     | engine | Getting level for student ywa3324 in topic basics
2025-06-15 16:32:17,670 | INFO     | engine | Student ywa3324 is at intermediate level for basics
2025-06-15 16:32:17,671 | INFO     | engine | Generating answer for topic-based question
2025-06-15 16:32:20,525 | INFO     | engine | Final Answer → Trigonometric functions are mathematical functions that relate angles in a right triangle to the lengths of its sides. The three main trigonometric functions are sine, cosine, and tangent, often abbreviated as sin, cos, and tan.

Sine (sin) of an angle in a right triangle is defined as the ratio of the length of the side opposite the angle to the length of the hypotenuse. Cosine (cos) is the ratio of the length of the adjacent side to the hypotenuse, and tangent (tan) is the ratio of the opposite side to the adjacent side.

For example, if we have a right triangle with an angle of 30 degrees, the sine of 30 degrees is equal to the opposite side over the hypotenuse, the cosine of 30 degrees is the adjacent side over the hypotenuse, and the tangent of 30 degrees is the opposite side over the adjacent side.

A common misconception is that trigonometry is only used in geometry, but it has applications in various fields such as physics, engineering, and even music.

Here's a practice example:
In a right triangle with an angle of 45 degrees, if the length of the side opposite the angle is 5 and the length of the hypotenuse is 10, what is the cosine of 45 degrees?

I hope this helps you understand trigonometric functions better. If you want to delve deeper into this topic, you can explore trigonometric identities and graphs of trigonometric functions.
2025-06-15 16:33:13,686 | INFO     | engine | Processing question for student ywa3324
2025-06-15 16:33:13,734 | INFO     | engine | Rephrasing question with context
2025-06-15 16:33:14,495 | INFO     | engine | Rephrased Question → Reformulated: "Explain the cosine of 45 degrees in the practice example with a right triangle, where the side opposite the angle is 5 units and the hypotenuse is 10 units."
2025-06-15 16:33:15,253 | INFO     | engine | Detected topics: geometry, basics
2025-06-15 16:33:15,293 | INFO     | engine | Getting level for student ywa3324 in topic geometry
2025-06-15 16:33:15,296 | INFO     | engine | Student ywa3324 is at beginner level for geometry
2025-06-15 16:33:15,296 | INFO     | engine | Student ywa3324 level for geometry: beginner
2025-06-15 16:33:15,296 | INFO     | engine | Retrieving chunks for topic geometry up to level beginner
2025-06-15 16:33:15,579 | INFO     | engine | Retrieved total of 0 chunks for topic geometry
2025-06-15 16:33:15,579 | INFO     | engine | Getting level for student ywa3324 in topic basics
2025-06-15 16:33:15,583 | INFO     | engine | Student ywa3324 is at intermediate level for basics
2025-06-15 16:33:15,583 | INFO     | engine | Student ywa3324 level for basics: intermediate
2025-06-15 16:33:15,583 | INFO     | engine | Retrieving chunks for topic basics up to level intermediate
2025-06-15 16:33:16,513 | INFO     | engine | Retrieved total of 0 chunks for topic basics
2025-06-15 16:33:16,514 | INFO     | engine | Getting level for student ywa3324 in topic geometry
2025-06-15 16:33:16,517 | INFO     | engine | Student ywa3324 is at beginner level for geometry
2025-06-15 16:33:16,518 | INFO     | engine | Getting level for student ywa3324 in topic basics
2025-06-15 16:33:16,520 | INFO     | engine | Student ywa3324 is at intermediate level for basics
2025-06-15 16:33:16,521 | INFO     | engine | Generating answer for topic-based question
2025-06-15 16:33:19,308 | INFO     | engine | Final Answer → To find the cosine of an angle in a right triangle, you use the ratio of the side adjacent to the angle to the hypotenuse. In this case, the angle is 45 degrees, the side opposite the angle is 5 units, and the hypotenuse is 10 units.

First, we need to identify the side adjacent to the 45-degree angle. Since we know the side opposite (5 units) and the hypotenuse (10 units), we can use the Pythagorean theorem to find the missing side. Let's call this side "x".

By the Pythagorean theorem:
\(5^2 + x^2 = 10^2\)
\(25 + x^2 = 100\)
\(x^2 = 75\)
\(x = \sqrt{75} = 5\sqrt{3}\) units

Now that we have all three sides of the triangle, we can find the cosine of the 45-degree angle. The cosine of an angle is calculated as the adjacent side divided by the hypotenuse.

So, in this case, the cosine of 45 degrees is:
\(\cos(45^\circ) = \frac{5\sqrt{3}}{10} = \frac{\sqrt{3}}{2}\)

Therefore, the cosine of 45 degrees in this right triangle is \(\frac{\sqrt{3}}{2}\).

Practice Example:
If you have a right triangle with a 30-degree angle, and the side opposite the angle is 4 units while the hypotenuse is 8 units, can you find the cosine of the 30-degree angle in this triangle?
2025-06-15 16:34:48,288 | INFO     | engine | Processing question for student ywa3324
2025-06-15 16:34:48,329 | INFO     | engine | Rephrasing question with context
2025-06-15 16:34:49,113 | INFO     | engine | Rephrased Question → Follow-up question:
Is the answer 3/2 for the cosine of the 30-degree angle in the right triangle with the side opposite the angle being 4 units and the hypotenuse being 8 units?
2025-06-15 16:34:49,727 | INFO     | engine | Detected topics: geometry, basics
2025-06-15 16:34:49,777 | INFO     | engine | Getting level for student ywa3324 in topic geometry
2025-06-15 16:34:49,779 | INFO     | engine | Student ywa3324 is at beginner level for geometry
2025-06-15 16:34:49,780 | INFO     | engine | Student ywa3324 level for geometry: beginner
2025-06-15 16:34:49,780 | INFO     | engine | Retrieving chunks for topic geometry up to level beginner
2025-06-15 16:34:50,192 | INFO     | engine | Retrieved total of 0 chunks for topic geometry
2025-06-15 16:34:50,192 | INFO     | engine | Getting level for student ywa3324 in topic basics
2025-06-15 16:34:50,195 | INFO     | engine | Student ywa3324 is at intermediate level for basics
2025-06-15 16:34:50,196 | INFO     | engine | Student ywa3324 level for basics: intermediate
2025-06-15 16:34:50,196 | INFO     | engine | Retrieving chunks for topic basics up to level intermediate
2025-06-15 16:34:51,062 | INFO     | engine | Retrieved total of 0 chunks for topic basics
2025-06-15 16:34:51,062 | INFO     | engine | Getting level for student ywa3324 in topic geometry
2025-06-15 16:34:51,066 | INFO     | engine | Student ywa3324 is at beginner level for geometry
2025-06-15 16:34:51,066 | INFO     | engine | Getting level for student ywa3324 in topic basics
2025-06-15 16:34:51,069 | INFO     | engine | Student ywa3324 is at intermediate level for basics
2025-06-15 16:34:51,070 | INFO     | engine | Generating answer for topic-based question
2025-06-15 16:34:52,219 | INFO     | engine | Final Answer → Yes, the cosine of a 30-degree angle in a right triangle can be found by dividing the length of the side adjacent to the angle by the length of the hypotenuse. In this case, the side opposite the 30-degree angle is 4 units and the hypotenuse is 8 units. So, the cosine of the 30-degree angle would be 4/8, which simplifies to 1/2 or 0.5.
2025-06-15 17:33:34,404 | INFO     | engine | Processing question for student ywa3324
2025-06-15 17:33:34,453 | INFO     | engine | Rephrasing question with context
2025-06-15 17:33:35,944 | INFO     | engine | Rephrased Question → Reformulated: "hello! what can you answer?"
2025-06-15 17:33:36,839 | INFO     | engine | Detected topics: overview
2025-06-15 17:33:37,935 | INFO     | engine | Final Answer for overview question → Hello! I can help you with a wide range of math topics including algebra, geometry, probability, statistics, and more. Feel free to ask me any specific questions you have or topics you need help with!
2025-06-15 17:34:04,370 | INFO     | engine | Processing question for student ywa3324
2025-06-15 17:34:04,397 | INFO     | engine | Rephrasing question with context
2025-06-15 17:34:05,619 | INFO     | engine | Rephrased Question → Reformulated: What’s the difference between an expression and an equation?
2025-06-15 17:34:06,137 | INFO     | engine | Detected topics: basics, algebra
2025-06-15 17:34:06,186 | INFO     | engine | Getting level for student ywa3324 in topic basics
2025-06-15 17:34:06,192 | INFO     | engine | Student ywa3324 is at intermediate level for basics
2025-06-15 17:34:06,192 | INFO     | engine | Student ywa3324 level for basics: intermediate
2025-06-15 17:34:06,192 | INFO     | engine | Retrieving chunks for topic basics up to level intermediate
2025-06-15 17:34:07,666 | INFO     | engine | Retrieved total of 0 chunks for topic basics
2025-06-15 17:34:07,666 | INFO     | engine | Getting level for student ywa3324 in topic algebra
2025-06-15 17:34:07,669 | INFO     | engine | Student ywa3324 is at intermediate level for algebra
2025-06-15 17:34:07,669 | INFO     | engine | Student ywa3324 level for algebra: intermediate
2025-06-15 17:34:07,670 | INFO     | engine | Retrieving chunks for topic algebra up to level intermediate
2025-06-15 17:34:08,177 | INFO     | engine | Retrieved total of 0 chunks for topic algebra
2025-06-15 17:34:08,177 | INFO     | engine | Getting level for student ywa3324 in topic basics
2025-06-15 17:34:08,180 | INFO     | engine | Student ywa3324 is at intermediate level for basics
2025-06-15 17:34:08,180 | INFO     | engine | Getting level for student ywa3324 in topic algebra
2025-06-15 17:34:08,183 | INFO     | engine | Student ywa3324 is at intermediate level for algebra
2025-06-15 17:34:08,183 | INFO     | engine | Generating answer for topic-based question
2025-06-15 17:34:09,929 | INFO     | engine | Final Answer for topic-based question → An expression is a mathematical phrase that contains numbers, variables, and operations like addition or multiplication. It does not have an equal sign. For example, "3x + 5" is an expression.

On the other hand, an equation is a statement that shows that two expressions are equal. It has an equal sign. For example, "3x + 5 = 11" is an equation because it shows that the expression "3x + 5" is equal to 11.

So, the key difference is that an expression is just a mathematical phrase, while an equation is a statement that shows equality between two expressions.
2025-06-15 18:14:00,279 | INFO     | engine | Processing question for student ywa3324
2025-06-15 18:14:00,314 | INFO     | engine | Rephrasing question with context
2025-06-15 18:14:01,127 | INFO     | engine | Rephrased Question → What’s the difference between a linear and a quadratic equation?
2025-06-15 18:14:01,835 | INFO     | engine | Detected topics: algebra, basics
2025-06-15 18:14:01,888 | INFO     | engine | Getting level for student ywa3324 in topic algebra
2025-06-15 18:14:01,893 | INFO     | engine | Student ywa3324 is at intermediate level for algebra
2025-06-15 18:14:01,893 | INFO     | engine | Student ywa3324 level for algebra: intermediate
2025-06-15 18:14:01,893 | INFO     | engine | Retrieving chunks for topic algebra up to level intermediate
2025-06-15 18:14:02,754 | INFO     | engine | Retrieved total of 0 chunks for topic algebra
2025-06-15 18:14:02,755 | INFO     | engine | Getting level for student ywa3324 in topic basics
2025-06-15 18:14:02,759 | INFO     | engine | Student ywa3324 is at intermediate level for basics
2025-06-15 18:14:02,760 | INFO     | engine | Student ywa3324 level for basics: intermediate
2025-06-15 18:14:02,760 | INFO     | engine | Retrieving chunks for topic basics up to level intermediate
2025-06-15 18:14:03,474 | INFO     | engine | Retrieved total of 0 chunks for topic basics
2025-06-15 18:14:03,475 | INFO     | engine | Getting level for student ywa3324 in topic algebra
2025-06-15 18:14:03,478 | INFO     | engine | Student ywa3324 is at intermediate level for algebra
2025-06-15 18:14:03,479 | INFO     | engine | Getting level for student ywa3324 in topic basics
2025-06-15 18:14:03,482 | INFO     | engine | Student ywa3324 is at intermediate level for basics
2025-06-15 18:14:03,483 | INFO     | engine | Generating answer for topic-based question
2025-06-15 18:14:05,098 | INFO     | engine | Final Answer for topic-based question → A linear equation is a polynomial equation of the first degree, meaning the highest power of the variable is 1. It typically takes the form y = mx + b, where m is the slope of the line and b is the y-intercept.

On the other hand, a quadratic equation is a polynomial equation of the second degree, meaning the highest power of the variable is 2. It can be written in the form y = ax^2 + bx + c, where a, b, and c are constants and a cannot be equal to 0.

In essence, the main difference between a linear and a quadratic equation lies in the highest power of the variable present in the equation. Linear equations represent straight lines when graphed, while quadratic equations represent parabolas.

To summarize:
- Linear equations have a highest power of 1, while quadratic equations have a highest power of 2.
- Linear equations represent straight lines, while quadratic equations represent parabolas.

If you'd like, we can delve deeper into the properties and solutions of each type of equation or explore how to graph them for a better understanding.
2025-06-15 18:14:42,789 | INFO     | engine | Processing question for student ywa3324
2025-06-15 18:14:42,832 | INFO     | engine | Rephrasing question with context
2025-06-15 18:14:44,457 | INFO     | engine | Rephrased Question → Two numbers add up to 20, and their difference is 4. How do I find them?
2025-06-15 18:14:44,908 | INFO     | engine | Detected topics: algebra, basics
2025-06-15 18:14:44,959 | INFO     | engine | Getting level for student ywa3324 in topic algebra
2025-06-15 18:14:44,962 | INFO     | engine | Student ywa3324 is at intermediate level for algebra
2025-06-15 18:14:44,962 | INFO     | engine | Student ywa3324 level for algebra: intermediate
2025-06-15 18:14:44,962 | INFO     | engine | Retrieving chunks for topic algebra up to level intermediate
2025-06-15 18:14:45,626 | INFO     | engine | Retrieved total of 0 chunks for topic algebra
2025-06-15 18:14:45,626 | INFO     | engine | Getting level for student ywa3324 in topic basics
2025-06-15 18:14:45,629 | INFO     | engine | Student ywa3324 is at intermediate level for basics
2025-06-15 18:14:45,629 | INFO     | engine | Student ywa3324 level for basics: intermediate
2025-06-15 18:14:45,630 | INFO     | engine | Retrieving chunks for topic basics up to level intermediate
2025-06-15 18:14:46,523 | INFO     | engine | Retrieved total of 0 chunks for topic basics
2025-06-15 18:14:46,523 | INFO     | engine | Getting level for student ywa3324 in topic algebra
2025-06-15 18:14:46,527 | INFO     | engine | Student ywa3324 is at intermediate level for algebra
2025-06-15 18:14:46,527 | INFO     | engine | Getting level for student ywa3324 in topic basics
2025-06-15 18:14:46,530 | INFO     | engine | Student ywa3324 is at intermediate level for basics
2025-06-15 18:14:46,531 | INFO     | engine | Generating answer for topic-based question
2025-06-15 18:14:48,400 | INFO     | engine | Final Answer for topic-based question → To find the two numbers that add up to 20 and have a difference of 4, we can set up a system of equations.

Let's denote the two numbers as x and y. We know that the sum of the two numbers is 20, so we can write the equation:
x + y = 20

We also know that their difference is 4, which gives us the equation:
x - y = 4

Now, we can solve these two equations simultaneously to find the values of x and y. One way to do this is by adding the two equations together to eliminate y:
(x + y) + (x - y) = 20 + 4
2x = 24
x = 12

Now that we have found the value of x, we can substitute it back into one of the equations to solve for y. Let's use the first equation:
12 + y = 20
y = 8

Therefore, the two numbers are 12 and 8. You can check that they indeed add up to 20 and have a difference of 4.
2025-06-15 18:15:14,989 | INFO     | engine | Processing question for student ywa3324
2025-06-15 18:15:15,023 | INFO     | engine | Rephrasing question with context
2025-06-15 18:15:15,985 | INFO     | engine | Rephrased Question → Reformulated: "Can you provide further details on the properties and solutions of linear and quadratic equations?"
2025-06-15 18:15:16,484 | INFO     | engine | Detected topics: algebra, basics, geometry
2025-06-15 18:15:16,532 | INFO     | engine | Getting level for student ywa3324 in topic algebra
2025-06-15 18:15:16,535 | INFO     | engine | Student ywa3324 is at intermediate level for algebra
2025-06-15 18:15:16,535 | INFO     | engine | Student ywa3324 level for algebra: intermediate
2025-06-15 18:15:16,535 | INFO     | engine | Retrieving chunks for topic algebra up to level intermediate
2025-06-15 18:15:17,517 | INFO     | engine | Retrieved total of 0 chunks for topic algebra
2025-06-15 18:15:17,517 | INFO     | engine | Getting level for student ywa3324 in topic basics
2025-06-15 18:15:17,521 | INFO     | engine | Student ywa3324 is at intermediate level for basics
2025-06-15 18:15:17,522 | INFO     | engine | Student ywa3324 level for basics: intermediate
2025-06-15 18:15:17,522 | INFO     | engine | Retrieving chunks for topic basics up to level intermediate
2025-06-15 18:15:17,980 | INFO     | engine | Retrieved total of 0 chunks for topic basics
2025-06-15 18:15:17,981 | INFO     | engine | Getting level for student ywa3324 in topic geometry
2025-06-15 18:15:17,984 | INFO     | engine | Student ywa3324 is at beginner level for geometry
2025-06-15 18:15:17,985 | INFO     | engine | Student ywa3324 level for geometry: beginner
2025-06-15 18:15:17,985 | INFO     | engine | Retrieving chunks for topic geometry up to level beginner
2025-06-15 18:15:18,385 | INFO     | engine | Retrieved total of 0 chunks for topic geometry
2025-06-15 18:15:18,385 | INFO     | engine | Getting level for student ywa3324 in topic algebra
2025-06-15 18:15:18,388 | INFO     | engine | Student ywa3324 is at intermediate level for algebra
2025-06-15 18:15:18,388 | INFO     | engine | Getting level for student ywa3324 in topic basics
2025-06-15 18:15:18,391 | INFO     | engine | Student ywa3324 is at intermediate level for basics
2025-06-15 18:15:18,391 | INFO     | engine | Getting level for student ywa3324 in topic geometry
2025-06-15 18:15:18,393 | INFO     | engine | Student ywa3324 is at beginner level for geometry
2025-06-15 18:15:18,394 | INFO     | engine | Generating answer for topic-based question
2025-06-15 18:15:21,564 | INFO     | engine | Final Answer for topic-based question → Linear equations are equations where the highest power of the variable is 1, and they represent straight lines on a graph. The general form of a linear equation is y = mx + b, where m is the slope of the line and b is the y-intercept.

Properties of linear equations include:
1. They have a constant slope, meaning the rate of change is consistent.
2. They have a unique solution, meaning there is only one point where the line intersects the graph.

Solving linear equations involves isolating the variable on one side of the equation. This is typically done by performing inverse operations, such as addition, subtraction, multiplication, and division, to both sides of the equation.

Quadratic equations, on the other hand, are equations where the highest power of the variable is 2. They represent parabolic curves on a graph. The general form of a quadratic equation is y = ax^2 + bx + c, where a, b, and c are constants.

Properties of quadratic equations include:
1. They have a parabolic shape on a graph.
2. They can have zero, one, or two real solutions, depending on the discriminant (b^2 - 4ac) of the equation.

Solving quadratic equations can be done using methods like factoring, completing the square, or using the quadratic formula. Factoring involves finding two numbers that multiply to the constant term (c) and add up to the coefficient of the linear term (b). Completing the square involves manipulating the equation to create a perfect square trinomial. The quadratic formula is a general formula that gives the solutions of any quadratic equation.

In summary, linear equations represent straight lines with a constant slope and unique solution, while quadratic equations represent parabolic curves with zero, one, or two solutions. Solving these equations involves different methods based on their properties and forms.
2025-06-15 18:16:21,675 | INFO     | engine | Processing question for student ywa3324
2025-06-15 18:16:21,708 | INFO     | engine | Rephrasing question with context
2025-06-15 18:16:22,323 | INFO     | engine | Rephrased Question → Reformulated: "What other topics or concepts would you like to learn about in math?"
2025-06-15 18:16:22,789 | INFO     | engine | Detected topics: overview
2025-06-15 18:16:23,669 | INFO     | engine | Final Answer for overview question → It's great that you're interested in learning more about math! Some additional topics you could explore include mathematical modeling, probability, statistics, and applications of math to real-world problems. These areas can help you see how math is used in various fields and situations. Keep up the curiosity and enthusiasm for learning!
2025-06-15 18:22:24,399 | INFO     | engine | Processing question for student ywa3324
2025-06-15 18:22:24,448 | INFO     | engine | Rephrasing question with context
2025-06-15 18:22:25,262 | INFO     | engine | Rephrased Question → Reformulated: What does it mean when a function is ‘undefined’?
2025-06-15 18:22:25,953 | INFO     | engine | Detected topics: algebra, basics
2025-06-15 18:22:26,004 | INFO     | engine | Getting level for student ywa3324 in topic algebra
2025-06-15 18:22:26,009 | INFO     | engine | Student ywa3324 is at intermediate level for algebra
2025-06-15 18:22:26,009 | INFO     | engine | Student ywa3324 level for algebra: intermediate
2025-06-15 18:22:26,009 | INFO     | engine | Retrieving chunks for topic algebra up to level intermediate
2025-06-15 18:22:26,579 | INFO     | engine | Retrieved total of 0 chunks for topic algebra
2025-06-15 18:22:26,579 | INFO     | engine | Getting level for student ywa3324 in topic basics
2025-06-15 18:22:26,584 | INFO     | engine | Student ywa3324 is at intermediate level for basics
2025-06-15 18:22:26,585 | INFO     | engine | Student ywa3324 level for basics: intermediate
2025-06-15 18:22:26,585 | INFO     | engine | Retrieving chunks for topic basics up to level intermediate
2025-06-15 18:22:27,085 | INFO     | engine | Retrieved total of 0 chunks for topic basics
2025-06-15 18:22:27,086 | INFO     | engine | Getting level for student ywa3324 in topic algebra
2025-06-15 18:22:27,089 | INFO     | engine | Student ywa3324 is at intermediate level for algebra
2025-06-15 18:22:27,090 | INFO     | engine | Getting level for student ywa3324 in topic basics
2025-06-15 18:22:27,092 | INFO     | engine | Student ywa3324 is at intermediate level for basics
2025-06-15 18:22:27,092 | INFO     | engine | Generating answer for topic-based question
2025-06-15 18:22:29,336 | INFO     | engine | Final Answer for topic-based question → When a function is considered 'undefined', it means that there is no output value for a specific input value. This usually happens when there is a division by zero or when the function is not defined for a particular input.

For example, if we have the function f(x) = 1/(x-2), this function is undefined when x = 2 because dividing by zero is not allowed in mathematics.

Another example is the square root function, where the function is undefined for negative input values because the square root of a negative number is not a real number.

In essence, when a function is undefined, it means that there is no valid output for a certain input, either due to mathematical restrictions or because the function is not defined for that specific input value.
2025-06-15 18:25:20,675 | INFO     | engine | Processing question for student ywa3324
2025-06-15 18:25:20,708 | INFO     | engine | Rephrasing question with context
2025-06-15 18:25:21,297 | INFO     | engine | Rephrased Question → Reformulated: Can you provide more examples of when a function is considered 'undefined'?
2025-06-15 18:25:21,777 | INFO     | engine | Detected topics: algebra, basics, miscellaneous
2025-06-15 18:25:21,812 | INFO     | engine | Getting level for student ywa3324 in topic algebra
2025-06-15 18:25:21,815 | INFO     | engine | Student ywa3324 is at intermediate level for algebra
2025-06-15 18:25:21,816 | INFO     | engine | Student ywa3324 level for algebra: intermediate
2025-06-15 18:25:21,816 | INFO     | engine | Retrieving chunks for topic algebra up to level intermediate
2025-06-15 18:25:22,309 | INFO     | engine | Retrieved total of 0 chunks for topic algebra
2025-06-15 18:25:22,309 | INFO     | engine | Getting level for student ywa3324 in topic basics
2025-06-15 18:25:22,313 | INFO     | engine | Student ywa3324 is at intermediate level for basics
2025-06-15 18:25:22,314 | INFO     | engine | Student ywa3324 level for basics: intermediate
2025-06-15 18:25:22,314 | INFO     | engine | Retrieving chunks for topic basics up to level intermediate
2025-06-15 18:25:22,733 | INFO     | engine | Retrieved total of 0 chunks for topic basics
2025-06-15 18:25:22,733 | INFO     | engine | Getting level for student ywa3324 in topic miscellaneous
2025-06-15 18:25:22,736 | INFO     | engine | Student ywa3324 is at beginner level for miscellaneous
2025-06-15 18:25:22,736 | INFO     | engine | Student ywa3324 level for miscellaneous: beginner
2025-06-15 18:25:22,736 | INFO     | engine | Retrieving chunks for topic miscellaneous up to level beginner
2025-06-15 18:25:23,079 | INFO     | engine | Retrieved total of 0 chunks for topic miscellaneous
2025-06-15 18:25:23,079 | INFO     | engine | Getting level for student ywa3324 in topic algebra
2025-06-15 18:25:23,081 | INFO     | engine | Student ywa3324 is at intermediate level for algebra
2025-06-15 18:25:23,081 | INFO     | engine | Getting level for student ywa3324 in topic basics
2025-06-15 18:25:23,083 | INFO     | engine | Student ywa3324 is at intermediate level for basics
2025-06-15 18:25:23,083 | INFO     | engine | Getting level for student ywa3324 in topic miscellaneous
2025-06-15 18:25:23,085 | INFO     | engine | Student ywa3324 is at beginner level for miscellaneous
2025-06-15 18:25:23,085 | INFO     | engine | Generating answer for topic-based question
2025-06-15 18:25:24,475 | INFO     | engine | Final Answer for topic-based question → A function is considered 'undefined' when there is no valid output for a certain input. This typically happens when dividing by zero or taking the square root of a negative number.

For example, let's consider the function f(x) = 1/(x-2). This function is undefined at x = 2 because dividing by zero is not allowed in mathematics.

Another example is the function g(x) = √x. This function is undefined for x < 0 because the square root of a negative number is not a real number.

It's important to be aware of these cases where functions are undefined because they can lead to errors in calculations if not handled properly. If you encounter a situation where a function is undefined, it's best to identify the problem and possibly redefine the function to avoid any issues.
2025-06-15 18:25:40,369 | INFO     | engine | Processing question for student ywa3324
2025-06-15 18:25:40,408 | INFO     | engine | Rephrasing question with context
2025-06-15 18:25:41,002 | INFO     | engine | Rephrased Question → Reformulated: "Provide me with 5 examples of functions being undefined."
2025-06-15 18:25:41,580 | INFO     | engine | Detected topics: basics, algebra, miscellaneous
2025-06-15 18:25:41,629 | INFO     | engine | Getting level for student ywa3324 in topic basics
2025-06-15 18:25:41,633 | INFO     | engine | Student ywa3324 is at intermediate level for basics
2025-06-15 18:25:41,633 | INFO     | engine | Student ywa3324 level for basics: intermediate
2025-06-15 18:25:41,633 | INFO     | engine | Retrieving chunks for topic basics up to level intermediate
2025-06-15 18:25:42,233 | INFO     | engine | Retrieved total of 0 chunks for topic basics
2025-06-15 18:25:42,234 | INFO     | engine | Getting level for student ywa3324 in topic algebra
2025-06-15 18:25:42,238 | INFO     | engine | Student ywa3324 is at intermediate level for algebra
2025-06-15 18:25:42,238 | INFO     | engine | Student ywa3324 level for algebra: intermediate
2025-06-15 18:25:42,238 | INFO     | engine | Retrieving chunks for topic algebra up to level intermediate
2025-06-15 18:25:42,743 | INFO     | engine | Retrieved total of 0 chunks for topic algebra
2025-06-15 18:25:42,744 | INFO     | engine | Getting level for student ywa3324 in topic miscellaneous
2025-06-15 18:25:42,748 | INFO     | engine | Student ywa3324 is at beginner level for miscellaneous
2025-06-15 18:25:42,748 | INFO     | engine | Student ywa3324 level for miscellaneous: beginner
2025-06-15 18:25:42,748 | INFO     | engine | Retrieving chunks for topic miscellaneous up to level beginner
2025-06-15 18:25:43,053 | INFO     | engine | Retrieved total of 0 chunks for topic miscellaneous
2025-06-15 18:25:43,053 | INFO     | engine | Getting level for student ywa3324 in topic basics
2025-06-15 18:25:43,057 | INFO     | engine | Student ywa3324 is at intermediate level for basics
2025-06-15 18:25:43,057 | INFO     | engine | Getting level for student ywa3324 in topic algebra
2025-06-15 18:25:43,060 | INFO     | engine | Student ywa3324 is at intermediate level for algebra
2025-06-15 18:25:43,060 | INFO     | engine | Getting level for student ywa3324 in topic miscellaneous
2025-06-15 18:25:43,063 | INFO     | engine | Student ywa3324 is at beginner level for miscellaneous
2025-06-15 18:25:43,063 | INFO     | engine | Generating answer for topic-based question
2025-06-15 18:25:44,808 | INFO     | engine | Final Answer for topic-based question → Sure, I can provide you with 5 examples of functions being undefined:

1. The function f(x) = 1/x is undefined at x = 0 because division by zero is not allowed.
2. The function g(x) = sqrt(x) is undefined for negative values of x because the square root of a negative number is not a real number.
3. The function h(x) = 1/(x-2) is undefined at x = 2 because it results in division by zero.
4. The function k(x) = log(x) is undefined for x ≤ 0 because the logarithm of a non-positive number is not a real number.
5. The function m(x) = 1/x^2 is undefined at x = 0 because squaring zero in the denominator still results in division by zero.

These examples illustrate situations where functions are undefined due to specific restrictions or mathematical rules. If you have any more questions or need further clarification, feel free to ask.
2025-06-15 18:26:03,552 | INFO     | engine | Processing question for student ywa3324
2025-06-15 18:26:03,592 | INFO     | engine | Rephrasing question with context
2025-06-15 18:26:04,113 | INFO     | engine | Rephrased Question → Reformulated: "How can I find the vertex of a parabola from its equation?"
2025-06-15 18:26:04,596 | INFO     | engine | Detected topics: algebra, geometry, basics
2025-06-15 18:26:04,630 | INFO     | engine | Getting level for student ywa3324 in topic algebra
2025-06-15 18:26:04,632 | INFO     | engine | Student ywa3324 is at intermediate level for algebra
2025-06-15 18:26:04,632 | INFO     | engine | Student ywa3324 level for algebra: intermediate
2025-06-15 18:26:04,632 | INFO     | engine | Retrieving chunks for topic algebra up to level intermediate
2025-06-15 18:26:05,351 | INFO     | engine | Retrieved total of 0 chunks for topic algebra
2025-06-15 18:26:05,352 | INFO     | engine | Getting level for student ywa3324 in topic geometry
2025-06-15 18:26:05,356 | INFO     | engine | Student ywa3324 is at beginner level for geometry
2025-06-15 18:26:05,356 | INFO     | engine | Student ywa3324 level for geometry: beginner
2025-06-15 18:26:05,356 | INFO     | engine | Retrieving chunks for topic geometry up to level beginner
2025-06-15 18:26:05,671 | INFO     | engine | Retrieved total of 0 chunks for topic geometry
2025-06-15 18:26:05,672 | INFO     | engine | Getting level for student ywa3324 in topic basics
2025-06-15 18:26:05,675 | INFO     | engine | Student ywa3324 is at intermediate level for basics
2025-06-15 18:26:05,675 | INFO     | engine | Student ywa3324 level for basics: intermediate
2025-06-15 18:26:05,675 | INFO     | engine | Retrieving chunks for topic basics up to level intermediate
2025-06-15 18:26:06,120 | INFO     | engine | Retrieved total of 0 chunks for topic basics
2025-06-15 18:26:06,120 | INFO     | engine | Getting level for student ywa3324 in topic algebra
2025-06-15 18:26:06,124 | INFO     | engine | Student ywa3324 is at intermediate level for algebra
2025-06-15 18:26:06,124 | INFO     | engine | Getting level for student ywa3324 in topic geometry
2025-06-15 18:26:06,127 | INFO     | engine | Student ywa3324 is at beginner level for geometry
2025-06-15 18:26:06,127 | INFO     | engine | Getting level for student ywa3324 in topic basics
2025-06-15 18:26:06,130 | INFO     | engine | Student ywa3324 is at intermediate level for basics
2025-06-15 18:26:06,130 | INFO     | engine | Generating answer for topic-based question
2025-06-15 18:26:12,883 | INFO     | engine | Final Answer for topic-based question → To find the vertex of a parabola from its equation, you can use the formula x = -b/2a, where the equation of the parabola is in the form y = ax^2 + bx + c.

Here's how it works: 
1. Identify the coefficients a, b, and c from the equation of the parabola.
2. Plug those values into the formula x = -b/2a.
3. The x-coordinate of the vertex is the result you get from the formula.
4. To find the y-coordinate of the vertex, substitute the x-coordinate back into the equation of the parabola.

For example, let's say you have the equation y = 2x^2 + 4x - 3:
1. In this equation, a = 2, b = 4, and c = -3.
2. Plug these values into x = -b/2a: x = -4/(2*2) = -1.
3. The x-coordinate of the vertex is x = -1.
4. Substitute x = -1 back into the equation to find the y-coordinate: y = 2(-1)^2 + 4(-1) - 3 = -1.
Therefore, the vertex of the parabola y = 2x^2 + 4x - 3 is (-1, -1).

Common misconception: Some students mistakenly think the vertex formula is x = -b/a, but remember it is x = -b/2a to find the vertex accurately.

If you want to deepen your understanding, you can review the concept of completing the square, which is another method to find the vertex of a parabola.
2025-06-15 18:29:06,736 | INFO     | engine | Processing question for student ywa3324
2025-06-15 18:29:06,767 | INFO     | engine | Rephrasing question with context
2025-06-15 18:29:07,332 | INFO     | engine | Rephrased Question → Reformulated: "Can you explain what 'completing the square' is?"
2025-06-15 18:29:07,940 | INFO     | engine | Detected topics: algebra, basics, geometry
2025-06-15 18:29:07,989 | INFO     | engine | Getting level for student ywa3324 in topic algebra
2025-06-15 18:29:07,994 | INFO     | engine | Student ywa3324 is at intermediate level for algebra
2025-06-15 18:29:07,995 | INFO     | engine | Student ywa3324 level for algebra: intermediate
2025-06-15 18:29:07,995 | INFO     | engine | Retrieving chunks for topic algebra up to level intermediate
2025-06-15 18:29:08,630 | INFO     | engine | Retrieved total of 0 chunks for topic algebra
2025-06-15 18:29:08,630 | INFO     | engine | Getting level for student ywa3324 in topic basics
2025-06-15 18:29:08,633 | INFO     | engine | Student ywa3324 is at intermediate level for basics
2025-06-15 18:29:08,633 | INFO     | engine | Student ywa3324 level for basics: intermediate
2025-06-15 18:29:08,633 | INFO     | engine | Retrieving chunks for topic basics up to level intermediate
2025-06-15 18:29:09,226 | INFO     | engine | Retrieved total of 0 chunks for topic basics
2025-06-15 18:29:09,226 | INFO     | engine | Getting level for student ywa3324 in topic geometry
2025-06-15 18:29:09,229 | INFO     | engine | Student ywa3324 is at beginner level for geometry
2025-06-15 18:29:09,229 | INFO     | engine | Student ywa3324 level for geometry: beginner
2025-06-15 18:29:09,230 | INFO     | engine | Retrieving chunks for topic geometry up to level beginner
2025-06-15 18:29:09,566 | INFO     | engine | Retrieved total of 0 chunks for topic geometry
2025-06-15 18:29:09,566 | INFO     | engine | Getting level for student ywa3324 in topic algebra
2025-06-15 18:29:09,571 | INFO     | engine | Student ywa3324 is at intermediate level for algebra
2025-06-15 18:29:09,571 | INFO     | engine | Getting level for student ywa3324 in topic basics
2025-06-15 18:29:09,575 | INFO     | engine | Student ywa3324 is at intermediate level for basics
2025-06-15 18:29:09,575 | INFO     | engine | Getting level for student ywa3324 in topic geometry
2025-06-15 18:29:09,578 | INFO     | engine | Student ywa3324 is at beginner level for geometry
2025-06-15 18:29:09,578 | INFO     | engine | Generating answer for topic-based question
2025-06-15 18:29:13,209 | INFO     | engine | Final Answer for topic-based question → Completing the square is a method used in algebra to rewrite a quadratic expression in a specific form. This form is called a perfect square trinomial. 

To complete the square, you take a quadratic expression in the form of \( ax^2 + bx + c \) and follow these steps:
1. Make sure the coefficient of \( x^2 \) is 1. If it's not, factor out the leading coefficient.
2. Move the constant term (the term without x) to the other side of the equation.
3. Take half of the coefficient of x, square it, and add it to both sides of the equation.
4. Factor the trinomial on the left side, which should now be a perfect square trinomial.
5. Solve for x by taking the square root of both sides.

For example, let's say we have the quadratic expression \( x^2 + 6x + 9 \). To complete the square, we follow these steps:
1. The coefficient of \( x^2 \) is already 1.
2. Move the constant term to the other side: \( x^2 + 6x = -9 \).
3. Take half of 6 (which is 3), square it (which is 9), and add it to both sides: \( x^2 + 6x + 9 = -9 + 9 \).
4. Factor the trinomial on the left side to get \( (x + 3)^2 = 0 \).
5. Solve for x by taking the square root: \( x + 3 = 0 \) => \( x = -3 \).

Common misconception: Some students forget to add the squared half of the coefficient of x to both sides of the equation when completing the square.

If you want to explore further, you can review how completing the square is related to solving quadratic equations or how it connects to the quadratic formula.
2025-06-15 18:29:30,993 | INFO     | engine | Processing question for student ywa3324
2025-06-15 18:29:31,049 | INFO     | engine | Rephrasing question with context
2025-06-15 18:29:32,208 | INFO     | engine | Rephrased Question → Reformulated: How does completing the square method relate to solving quadratic equations?
2025-06-15 18:29:32,826 | INFO     | engine | Detected topics: algebra, basics, geometry
2025-06-15 18:29:32,875 | INFO     | engine | Getting level for student ywa3324 in topic algebra
2025-06-15 18:29:32,877 | INFO     | engine | Student ywa3324 is at intermediate level for algebra
2025-06-15 18:29:32,878 | INFO     | engine | Student ywa3324 level for algebra: intermediate
2025-06-15 18:29:32,878 | INFO     | engine | Retrieving chunks for topic algebra up to level intermediate
2025-06-15 18:29:33,345 | INFO     | engine | Retrieved total of 0 chunks for topic algebra
2025-06-15 18:29:33,345 | INFO     | engine | Getting level for student ywa3324 in topic basics
2025-06-15 18:29:33,348 | INFO     | engine | Student ywa3324 is at intermediate level for basics
2025-06-15 18:29:33,348 | INFO     | engine | Student ywa3324 level for basics: intermediate
2025-06-15 18:29:33,349 | INFO     | engine | Retrieving chunks for topic basics up to level intermediate
2025-06-15 18:29:34,087 | INFO     | engine | Retrieved total of 0 chunks for topic basics
2025-06-15 18:29:34,087 | INFO     | engine | Getting level for student ywa3324 in topic geometry
2025-06-15 18:29:34,089 | INFO     | engine | Student ywa3324 is at beginner level for geometry
2025-06-15 18:29:34,089 | INFO     | engine | Student ywa3324 level for geometry: beginner
2025-06-15 18:29:34,089 | INFO     | engine | Retrieving chunks for topic geometry up to level beginner
2025-06-15 18:29:34,388 | INFO     | engine | Retrieved total of 0 chunks for topic geometry
2025-06-15 18:29:34,388 | INFO     | engine | Getting level for student ywa3324 in topic algebra
2025-06-15 18:29:34,391 | INFO     | engine | Student ywa3324 is at intermediate level for algebra
2025-06-15 18:29:34,391 | INFO     | engine | Getting level for student ywa3324 in topic basics
2025-06-15 18:29:34,393 | INFO     | engine | Student ywa3324 is at intermediate level for basics
2025-06-15 18:29:34,394 | INFO     | engine | Getting level for student ywa3324 in topic geometry
2025-06-15 18:29:34,396 | INFO     | engine | Student ywa3324 is at beginner level for geometry
2025-06-15 18:29:34,396 | INFO     | engine | Generating answer for topic-based question
2025-06-15 18:29:36,672 | INFO     | engine | Final Answer for topic-based question → Completing the square is a method used to solve quadratic equations by transforming them into a perfect square trinomial. This method involves adding and subtracting a constant term to an equation to create a perfect square trinomial that can be easily factored.

When you have a quadratic equation in the form of \(ax^2 + bx + c = 0\), you can complete the square by following these steps:
1. Move the constant term to the other side of the equation: \(ax^2 + bx = -c\).
2. Take half of the coefficient of the \(x\) term, square it, and add it to both sides of the equation: \(ax^2 + bx + \left(\frac{b}{2}\right)^2 = -c + \left(\frac{b}{2}\right)^2\).
3. Factor the left side of the equation as a perfect square trinomial: \((x + \frac{b}{2a})^2 = -c + \left(\frac{b}{2}\right)^2\).
4. Take the square root of both sides to solve for \(x\): \(x + \frac{b}{2a} = \pm \sqrt{-c + \left(\frac{b}{2}\right)^2}\).
5. Solve for \(x\) by isolating it on one side of the equation.

Completing the square is a useful method for solving quadratic equations, especially when factoring or using the quadratic formula may be challenging. It helps in finding the roots of the equation and understanding the relationship between the coefficients of the quadratic equation and its solutions.
2025-06-15 18:40:01,873 | INFO     | engine | Processing question for student ywa3324
2025-06-15 18:40:01,914 | INFO     | engine | Rephrasing question with context
2025-06-15 18:40:02,478 | INFO     | engine | Rephrased Question → - Original: "who am I?"
  Reformulated: "Who am I?"
2025-06-15 18:40:02,997 | INFO     | engine | Detected topics: overview
2025-06-15 18:40:04,153 | INFO     | engine | Final Answer for overview question → You are a unique individual with the potential to excel in various mathematical topics such as algebra, geometry, probability, statistics, and more. Keep exploring and learning to discover your full potential in the world of mathematics!
2025-06-15 18:42:06,812 | INFO     | engine | Processing question for student TestTT22
2025-06-15 18:42:06,853 | INFO     | engine | Rephrasing question with context
2025-06-15 18:42:07,427 | INFO     | engine | Rephrased Question → Reformulated: Why is the Central Limit Theorem so powerful, and what are its limitations in real-world data?
2025-06-15 18:42:09,559 | INFO     | engine | Detected topics: modelling, statistics, probability
2025-06-15 18:42:09,610 | INFO     | engine | Getting level for student TestTT22 in topic modelling
2025-06-15 18:42:09,614 | INFO     | engine | Student TestTT22 is at beginner level for modelling
2025-06-15 18:42:09,614 | INFO     | engine | Student TestTT22 level for modelling: beginner
2025-06-15 18:42:09,614 | INFO     | engine | Retrieving chunks for topic modelling up to level beginner
2025-06-15 18:42:09,963 | INFO     | engine | Retrieved total of 0 chunks for topic modelling
2025-06-15 18:42:09,963 | INFO     | engine | Getting level for student TestTT22 in topic statistics
2025-06-15 18:42:09,967 | INFO     | engine | Student TestTT22 is at beginner level for statistics
2025-06-15 18:42:09,967 | INFO     | engine | Student TestTT22 level for statistics: beginner
2025-06-15 18:42:09,967 | INFO     | engine | Retrieving chunks for topic statistics up to level beginner
2025-06-15 18:42:10,371 | INFO     | engine | Retrieved total of 0 chunks for topic statistics
2025-06-15 18:42:10,371 | INFO     | engine | Getting level for student TestTT22 in topic probability
2025-06-15 18:42:10,374 | INFO     | engine | Student TestTT22 is at beginner level for probability
2025-06-15 18:42:10,374 | INFO     | engine | Student TestTT22 level for probability: beginner
2025-06-15 18:42:10,374 | INFO     | engine | Retrieving chunks for topic probability up to level beginner
2025-06-15 18:42:10,700 | INFO     | engine | Retrieved total of 0 chunks for topic probability
2025-06-15 18:42:10,700 | INFO     | engine | Getting level for student TestTT22 in topic modelling
2025-06-15 18:42:10,703 | INFO     | engine | Student TestTT22 is at beginner level for modelling
2025-06-15 18:42:10,703 | INFO     | engine | Getting level for student TestTT22 in topic statistics
2025-06-15 18:42:10,707 | INFO     | engine | Student TestTT22 is at beginner level for statistics
2025-06-15 18:42:10,707 | INFO     | engine | Getting level for student TestTT22 in topic probability
2025-06-15 18:42:10,710 | INFO     | engine | Student TestTT22 is at beginner level for probability
2025-06-15 18:42:10,711 | INFO     | engine | Generating answer for topic-based question
2025-06-15 18:42:12,821 | INFO     | engine | Final Answer for topic-based question → The Central Limit Theorem is a fundamental concept in statistics that states that the distribution of sample averages tends to be normally distributed, regardless of the original distribution of the data. This is powerful because it allows us to make inferences about a population based on a sample, even if the population distribution is unknown. 

One of the key strengths of the Central Limit Theorem is that it applies to a wide range of distributions, making it a versatile tool in statistical analysis. It also allows us to use normal distribution properties to make predictions and calculate probabilities.

However, there are limitations to the Central Limit Theorem in real-world data. One limitation is that it assumes that the sample size is sufficiently large for the theorem to hold true. In cases where the sample size is too small, the Central Limit Theorem may not accurately reflect the population distribution. 

Another limitation is that the Central Limit Theorem assumes that the samples are independent and identically distributed (IID). In real-world data, this assumption may not always hold true, leading to potential inaccuracies in the application of the theorem.

In summary, while the Central Limit Theorem is a powerful tool in statistics, it is important to be aware of its limitations in real-world data analysis. It is crucial to consider the assumptions and conditions under which the theorem holds true when applying it to practical scenarios.
2025-06-15 18:42:41,885 | INFO     | engine | Processing question for student TestTT22
2025-06-15 18:42:41,921 | INFO     | engine | Rephrasing question with context
2025-06-15 18:42:42,529 | INFO     | engine | Rephrased Question → Reformulated: "What are the assumptions of the Central Limit Theorem?"
2025-06-15 18:42:43,045 | INFO     | engine | Detected topics: statistics
2025-06-15 18:42:43,087 | INFO     | engine | Getting level for student TestTT22 in topic statistics
2025-06-15 18:42:43,089 | INFO     | engine | Student TestTT22 is at beginner level for statistics
2025-06-15 18:42:43,089 | INFO     | engine | Student TestTT22 level for statistics: beginner
2025-06-15 18:42:43,089 | INFO     | engine | Retrieving chunks for topic statistics up to level beginner
2025-06-15 18:42:43,588 | INFO     | engine | Retrieved total of 0 chunks for topic statistics
2025-06-15 18:42:43,588 | INFO     | engine | Getting level for student TestTT22 in topic statistics
2025-06-15 18:42:43,590 | INFO     | engine | Student TestTT22 is at beginner level for statistics
2025-06-15 18:42:43,591 | INFO     | engine | Generating answer for topic-based question
2025-06-15 18:42:45,962 | INFO     | engine | Final Answer for topic-based question → The Central Limit Theorem is a fundamental concept in statistics that states that the sampling distribution of the sample mean approaches a normal distribution as the sample size gets larger, regardless of the shape of the population distribution. 

The assumptions of the Central Limit Theorem are:
1. The samples are randomly selected from the population.
2. The sample size is sufficiently large (typically n ≥ 30) to ensure that the sampling distribution of the sample mean is approximately normal.
3. The observations within the sample are independent of each other.

These assumptions are important because they allow us to make inferences about the population mean based on the sample mean. It's also worth noting that the Central Limit Theorem is a key concept in inferential statistics, as it allows us to use the normal distribution to make inferences about population parameters. 

If you would like to delve deeper into the Central Limit Theorem or related topics, you may want to explore topics such as sampling distributions, hypothesis testing, and confidence intervals.
2025-06-15 19:04:19,089 | INFO     | engine | Processing question for student TestTT22
2025-06-15 19:04:19,144 | INFO     | engine | Rephrasing question with context
2025-06-15 19:04:20,104 | INFO     | engine | Rephrased Question → Reformulated: "Can you explain sampling distributions in statistics?"
2025-06-15 19:04:20,795 | INFO     | engine | Detected topics: statistics
2025-06-15 19:04:20,843 | INFO     | engine | Getting level for student TestTT22 in topic statistics
2025-06-15 19:04:20,877 | INFO     | engine | Student TestTT22 is at advanced level for statistics
2025-06-15 19:04:20,877 | INFO     | engine | Retrieving chunks for topic statistics up to level advanced
2025-06-15 19:04:22,106 | INFO     | engine | Retrieved total of 0 chunks for topic statistics
2025-06-15 19:04:22,106 | INFO     | engine | Getting level for student TestTT22 in topic statistics
2025-06-15 19:04:22,121 | INFO     | engine | Student TestTT22 is at advanced level for statistics
2025-06-15 19:04:22,122 | INFO     | engine | Generating answer for topic-based question
2025-06-15 19:04:24,414 | INFO     | engine | Final Answer for topic-based question → Sampling distributions in statistics refer to the distribution of a statistic calculated from a sample taken from a population. 

Imagine you have a population, which is the entire group you are interested in studying. To understand the characteristics of this population, you would ideally collect data from every individual in that group. However, this is often impractical or impossible due to time, cost, or other constraints.

Instead, you take a sample from the population, which is a subset of individuals that you study to make inferences about the entire population. The sampling distribution shows the possible values of a statistic (like the mean or standard deviation) that you could calculate from different samples of the same size taken from the population.

One important concept to understand is that the sampling distribution tends to be centered around the true population parameter. As you take larger samples, the sampling distribution becomes more concentrated around the true value, which is known as the Central Limit Theorem.

For example, if you were to calculate the mean height of samples of 100 individuals from a population, the sampling distribution of those means would give you an idea of how much those sample means might vary around the true population mean height.

Common misconceptions about sampling distributions include confusing them with the distribution of the population itself or assuming that the sample distribution will always match the population distribution perfectly.

If you want to explore this topic further, you can look into the Central Limit Theorem, which explains why sampling distributions tend to be normally distributed even if the population distribution is not.
2025-06-15 19:22:09,607 | DEBUG    | engine | Test DEBUG message
2025-06-15 19:22:09,608 | INFO     | engine | Test INFO message
2025-06-15 19:22:09,608 | WARNING  | engine | Test WARNING message
2025-06-15 19:22:09,608 | ERROR    | engine | Test ERROR message
2025-06-15 19:23:34,971 | INFO     | engine | Processing question for student TestTT22
2025-06-15 19:23:34,972 | DEBUG    | engine | Original question: Can a biased estimator have lower variance than an unbiased one? When might you prefer it?
2025-06-15 19:23:34,972 | DEBUG    | engine | History length: 17 words
2025-06-15 19:23:35,041 | INFO     | engine | Rephrasing question with context
2025-06-15 19:23:36,625 | INFO     | engine | Rephrased Question → Reformulated: "Can a biased estimator have lower variance than an unbiased one? When might you prefer it?"
2025-06-15 19:23:37,454 | INFO     | engine | Detected topics: statistics
2025-06-15 19:23:37,498 | INFO     | engine | Getting level for student TestTT22 in topic statistics
2025-06-15 19:23:37,522 | DEBUG    | engine | Student data:   student_id student_fname student_lname    basics  ... miscellaneous modelling probability statistics
2   TestTT22       Tadashi        Hamada  advanced  ...  intermediate  advanced    advanced   advanced

[1 rows x 10 columns]
2025-06-15 19:23:37,522 | INFO     | engine | Student TestTT22 is at advanced level for statistics
2025-06-15 19:23:37,522 | INFO     | engine | Retrieving chunks for topic statistics up to level advanced
2025-06-15 19:23:37,522 | DEBUG    | engine | Max level index: 2 (advanced)
2025-06-15 19:23:37,853 | DEBUG    | engine | Retrieving 2 chunks for level beginner
2025-06-15 19:23:38,717 | DEBUG    | engine | No chunks found for level beginner
2025-06-15 19:23:38,717 | DEBUG    | engine | Retrieving 2 chunks for level intermediate
2025-06-15 19:23:39,029 | DEBUG    | engine | No chunks found for level intermediate
2025-06-15 19:23:39,029 | DEBUG    | engine | Retrieving 3 chunks for level advanced
2025-06-15 19:23:39,325 | DEBUG    | engine | No chunks found for level advanced
2025-06-15 19:23:39,326 | INFO     | engine | Retrieved total of 0 chunks for topic statistics
2025-06-15 19:23:39,326 | INFO     | engine | Getting level for student TestTT22 in topic statistics
2025-06-15 19:23:39,345 | DEBUG    | engine | Student data:   student_id student_fname student_lname    basics  ... miscellaneous modelling probability statistics
2   TestTT22       Tadashi        Hamada  advanced  ...  intermediate  advanced    advanced   advanced

[1 rows x 10 columns]
2025-06-15 19:23:39,345 | INFO     | engine | Student TestTT22 is at advanced level for statistics
2025-06-15 19:23:39,346 | INFO     | engine | Generating answer for topic-based question
2025-06-15 19:23:40,660 | INFO     | engine | Final Answer for topic-based question → Yes, a biased estimator can have lower variance than an unbiased one. In some cases, a biased estimator with lower variance might be preferred because it can provide more precise estimates of the parameter of interest. This trade-off between bias and variance is known as the bias-variance trade-off in statistics.

For example, in situations where the reduction in variance by introducing bias is more beneficial than the unbiasedness of the estimator, a biased estimator with lower variance might be preferred. This is often seen in practical applications where the goal is to minimize the overall error in estimation.

It's important to note that the choice between biased and unbiased estimators depends on the specific requirements of the problem at hand and the trade-offs between bias and variance that are acceptable in that context.
2025-06-15 19:33:09,774 | DEBUG    | engine | Test DEBUG message
2025-06-15 19:33:09,781 | INFO     | engine | Test INFO message
2025-06-15 19:33:09,781 | WARNING  | engine | Test WARNING message
2025-06-15 19:33:09,781 | ERROR    | engine | Test ERROR message
2025-06-15 19:33:09,894 | INFO     | engine | Processing question for student TestTT22
2025-06-15 19:33:09,894 | DEBUG    | engine | Original question: how should we choose between biased and unbiased estimators?
2025-06-15 19:33:09,894 | DEBUG    | engine | History length: 161 words
2025-06-15 19:33:09,944 | INFO     | engine | Rephrasing question with context
2025-06-15 19:33:11,103 | INFO     | engine | Rephrased Question → Reformulated: How should we choose between biased and unbiased estimators, considering the trade-off between bias and variance in statistics?
2025-06-15 19:33:11,723 | INFO     | engine | Detected topics: statistics, probability
2025-06-15 19:33:11,772 | INFO     | engine | Getting level for student TestTT22 in topic statistics
2025-06-15 19:33:11,795 | DEBUG    | engine | Student data:   student_id student_fname student_lname    basics  ... miscellaneous modelling probability statistics
2   TestTT22       Tadashi        Hamada  advanced  ...  intermediate  advanced    advanced   advanced

[1 rows x 10 columns]
2025-06-15 19:33:11,795 | INFO     | engine | Student TestTT22 is at advanced level for statistics
2025-06-15 19:33:11,795 | INFO     | engine | Retrieving chunks for topic statistics up to level advanced
2025-06-15 19:33:11,896 | DEBUG    | engine | Retrieving 2 chunks for level beginner
2025-06-15 19:33:12,311 | DEBUG    | engine | No chunks found for level beginner
2025-06-15 19:33:12,311 | DEBUG    | engine | Retrieving 2 chunks for level intermediate
2025-06-15 19:33:12,493 | DEBUG    | engine | No chunks found for level intermediate
2025-06-15 19:33:12,493 | DEBUG    | engine | Retrieving 3 chunks for level advanced
2025-06-15 19:33:12,798 | DEBUG    | engine | No chunks found for level advanced
2025-06-15 19:33:12,798 | INFO     | engine | Retrieved total of 0 chunks for topic statistics
2025-06-15 19:33:12,799 | INFO     | engine | Getting level for student TestTT22 in topic probability
2025-06-15 19:33:12,815 | DEBUG    | engine | Student data:   student_id student_fname student_lname    basics  ... miscellaneous modelling probability statistics
2   TestTT22       Tadashi        Hamada  advanced  ...  intermediate  advanced    advanced   advanced

[1 rows x 10 columns]
2025-06-15 19:33:12,815 | INFO     | engine | Student TestTT22 is at advanced level for probability
2025-06-15 19:33:12,815 | INFO     | engine | Retrieving chunks for topic probability up to level advanced
2025-06-15 19:33:12,894 | DEBUG    | engine | Retrieving 2 chunks for level beginner
2025-06-15 19:33:13,147 | DEBUG    | engine | No chunks found for level beginner
2025-06-15 19:33:13,147 | DEBUG    | engine | Retrieving 2 chunks for level intermediate
2025-06-15 19:33:13,329 | DEBUG    | engine | No chunks found for level intermediate
2025-06-15 19:33:13,329 | DEBUG    | engine | Retrieving 3 chunks for level advanced
2025-06-15 19:33:13,486 | DEBUG    | engine | No chunks found for level advanced
2025-06-15 19:33:13,486 | INFO     | engine | Retrieved total of 0 chunks for topic probability
2025-06-15 19:33:13,486 | INFO     | engine | Getting level for student TestTT22 in topic statistics
2025-06-15 19:33:13,502 | DEBUG    | engine | Student data:   student_id student_fname student_lname    basics  ... miscellaneous modelling probability statistics
2   TestTT22       Tadashi        Hamada  advanced  ...  intermediate  advanced    advanced   advanced

[1 rows x 10 columns]
2025-06-15 19:33:13,502 | INFO     | engine | Student TestTT22 is at advanced level for statistics
2025-06-15 19:33:13,502 | INFO     | engine | Getting level for student TestTT22 in topic probability
2025-06-15 19:33:13,515 | DEBUG    | engine | Student data:   student_id student_fname student_lname    basics  ... miscellaneous modelling probability statistics
2   TestTT22       Tadashi        Hamada  advanced  ...  intermediate  advanced    advanced   advanced

[1 rows x 10 columns]
2025-06-15 19:33:13,515 | INFO     | engine | Student TestTT22 is at advanced level for probability
2025-06-15 19:33:13,516 | INFO     | engine | Generating answer for topic-based question
2025-06-15 19:33:16,358 | INFO     | engine | Final Answer for topic-based question → In statistics, when choosing between biased and unbiased estimators, it's important to consider the trade-off between bias and variance. 

Biased estimators may have a systematic error in their estimates, meaning they consistently overestimate or underestimate the true parameter. On the other hand, unbiased estimators have no systematic error on average.

The trade-off comes in when considering the variance of the estimator. Biased estimators may have lower variance than unbiased estimators, which means they are less sensitive to fluctuations in the data. However, this comes at the cost of introducing a systematic error.

In some cases, it may be more desirable to use a biased estimator with lower variance if the bias is not too large and the reduction in variance outweighs the bias. On the other hand, unbiased estimators are preferred when accuracy is crucial and the bias cannot be tolerated.

It's important to consider the specific context and requirements of the problem when choosing between biased and unbiased estimators. It's also worth noting that there are situations where neither biased nor unbiased estimators are ideal, and other criteria such as mean squared error or robustness need to be considered.
2025-06-15 19:43:49,325 | DEBUG    | engine | Test DEBUG message
2025-06-15 19:43:49,326 | INFO     | engine | Test INFO message
2025-06-15 19:43:49,326 | WARNING  | engine | Test WARNING message
2025-06-15 19:43:49,327 | ERROR    | engine | Test ERROR message
2025-06-15 19:43:49,365 | INFO     | engine | Processing question for student TestTT22
2025-06-15 19:43:49,365 | DEBUG    | engine | Original question: explain the concept of squared error and robustness
2025-06-15 19:43:49,365 | DEBUG    | engine | History length: 361 words
2025-06-15 19:43:49,423 | INFO     | engine | Rephrasing question with context
2025-06-15 19:43:50,368 | INFO     | engine | Rephrased Question → Reformulated: "Can you explain the concepts of squared error and robustness in statistics?"
2025-06-15 19:43:50,808 | INFO     | engine | Detected topics: statistics
2025-06-15 19:43:50,852 | INFO     | engine | Getting level for student TestTT22 in topic statistics
2025-06-15 19:43:50,875 | DEBUG    | engine | Student data:   student_id student_fname student_lname    basics  ... miscellaneous modelling probability statistics
2   TestTT22       Tadashi        Hamada  advanced  ...  intermediate  advanced    advanced   advanced

[1 rows x 10 columns]
2025-06-15 19:43:50,875 | INFO     | engine | Student TestTT22 is at advanced level for statistics
2025-06-15 19:43:50,876 | DEBUG    | engine | Student levels for topics: {'statistics': 'advanced'}
2025-06-15 19:43:50,876 | INFO     | engine | Retrieving chunks for topic statistics up to level advanced
2025-06-15 19:43:50,959 | DEBUG    | engine | Retrieving 2 chunks for level beginner
2025-06-15 19:43:51,269 | DEBUG    | engine | No chunks found for level beginner
2025-06-15 19:43:51,270 | DEBUG    | engine | Retrieving 2 chunks for level intermediate
2025-06-15 19:43:52,045 | DEBUG    | engine | No chunks found for level intermediate
2025-06-15 19:43:52,045 | DEBUG    | engine | Retrieving 3 chunks for level advanced
2025-06-15 19:43:52,219 | DEBUG    | engine | No chunks found for level advanced
2025-06-15 19:43:52,220 | INFO     | engine | Retrieved total of 0 chunks for topic statistics
2025-06-15 19:43:52,220 | WARNING  | engine | No relevant chunks found for statistics
2025-06-15 19:43:52,220 | DEBUG    | engine | Selected 0 most relevant chunks
2025-06-15 19:43:52,220 | INFO     | engine | Generating answer for topic-based question
2025-06-15 19:43:55,056 | INFO     | engine | Final Answer for topic-based question → Squared error is a common measure used in statistics to quantify the discrepancy between the observed values and the values predicted by a model. It involves taking the squared difference between each observed value and its corresponding predicted value. By squaring the differences, we ensure that all errors contribute positively to the total error, allowing us to easily compare different models or methods based on their overall performance.

Robustness in statistics refers to the ability of a statistical model to provide reliable and stable results even when the assumptions of the model are not fully met or when the data contains outliers or errors. A robust statistical method is less sensitive to extreme values or deviations from the assumed distribution of the data, making it more reliable in real-world scenarios where data may not always follow the ideal conditions.

For example, let's say we are fitting a linear regression model to a set of data points. The squared error would measure how well the model's predictions match the actual data points. If the model is robust, it would still provide accurate predictions even if some data points are outliers or if the underlying assumptions of the linear regression model are not perfectly met.

Common misconception: One common misconception is that a model with lower squared error is always the best choice. While minimizing squared error is important, it is also crucial to consider the robustness of the model. A robust model may have slightly higher squared error but provide more reliable predictions in a wider range of scenarios.
2025-06-15 19:47:22,393 | DEBUG    | engine | Test DEBUG message
2025-06-15 19:47:22,400 | INFO     | engine | Test INFO message
2025-06-15 19:47:22,401 | WARNING  | engine | Test WARNING message
2025-06-15 19:47:22,401 | ERROR    | engine | Test ERROR message
2025-06-15 19:47:22,518 | INFO     | engine | Processing question for student TestTT22
2025-06-15 19:47:22,518 | DEBUG    | engine | Original question: How do I set up an equation from a word problem?
2025-06-15 19:47:22,518 | DEBUG    | engine | History length: 632 words
2025-06-15 19:47:22,571 | INFO     | engine | Rephrasing question with context
2025-06-15 19:47:23,354 | INFO     | engine | Rephrased Question → Reformulated: "How do I set up an equation from a word problem?"
2025-06-15 19:47:23,948 | INFO     | engine | Detected topics: algebra, modelling, basics
2025-06-15 19:47:23,996 | INFO     | engine | Getting level for student TestTT22 in topic algebra
2025-06-15 19:47:24,020 | DEBUG    | engine | Student data:   student_id student_fname student_lname    basics  ... miscellaneous modelling probability statistics
2   TestTT22       Tadashi        Hamada  advanced  ...  intermediate  advanced    advanced   advanced

[1 rows x 10 columns]
2025-06-15 19:47:24,020 | INFO     | engine | Student TestTT22 is at advanced level for algebra
2025-06-15 19:47:24,020 | INFO     | engine | Getting level for student TestTT22 in topic modelling
2025-06-15 19:47:24,030 | DEBUG    | engine | Student data:   student_id student_fname student_lname    basics  ... miscellaneous modelling probability statistics
2   TestTT22       Tadashi        Hamada  advanced  ...  intermediate  advanced    advanced   advanced

[1 rows x 10 columns]
2025-06-15 19:47:24,030 | INFO     | engine | Student TestTT22 is at advanced level for modelling
2025-06-15 19:47:24,031 | INFO     | engine | Getting level for student TestTT22 in topic basics
2025-06-15 19:47:24,040 | DEBUG    | engine | Student data:   student_id student_fname student_lname    basics  ... miscellaneous modelling probability statistics
2   TestTT22       Tadashi        Hamada  advanced  ...  intermediate  advanced    advanced   advanced

[1 rows x 10 columns]
2025-06-15 19:47:24,041 | INFO     | engine | Student TestTT22 is at advanced level for basics
2025-06-15 19:47:24,041 | DEBUG    | engine | Student levels for topics: {'algebra': 'advanced', 'modelling': 'advanced', 'basics': 'advanced'}
2025-06-15 19:47:24,041 | INFO     | engine | Retrieving chunks for topic algebra up to level advanced
2025-06-15 19:47:24,159 | DEBUG    | engine | Collection: {'ids': [], 'embeddings': None, 'documents': [], 'uris': None, 'included': ['metadatas', 'documents'], 'data': None, 'metadatas': []}
2025-06-15 19:47:24,159 | DEBUG    | engine | Collection metadata: []
2025-06-15 19:47:24,159 | DEBUG    | engine | Retrieving 2 chunks for level beginner
2025-06-15 19:47:24,453 | DEBUG    | engine | No chunks found for level beginner
2025-06-15 19:47:24,453 | DEBUG    | engine | Retrieving 2 chunks for level intermediate
2025-06-15 19:47:24,607 | DEBUG    | engine | No chunks found for level intermediate
2025-06-15 19:47:24,607 | DEBUG    | engine | Retrieving 3 chunks for level advanced
2025-06-15 19:47:24,934 | DEBUG    | engine | No chunks found for level advanced
2025-06-15 19:47:24,934 | INFO     | engine | Retrieved total of 0 chunks for topic algebra
2025-06-15 19:47:24,934 | WARNING  | engine | No relevant chunks found for algebra
2025-06-15 19:47:24,935 | INFO     | engine | Retrieving chunks for topic modelling up to level advanced
2025-06-15 19:47:24,994 | DEBUG    | engine | Collection: {'ids': [], 'embeddings': None, 'documents': [], 'uris': None, 'included': ['metadatas', 'documents'], 'data': None, 'metadatas': []}
2025-06-15 19:47:24,994 | DEBUG    | engine | Collection metadata: []
2025-06-15 19:47:24,994 | DEBUG    | engine | Retrieving 2 chunks for level beginner
2025-06-15 19:47:25,225 | DEBUG    | engine | No chunks found for level beginner
2025-06-15 19:47:25,225 | DEBUG    | engine | Retrieving 2 chunks for level intermediate
2025-06-15 19:47:25,539 | DEBUG    | engine | No chunks found for level intermediate
2025-06-15 19:47:25,539 | DEBUG    | engine | Retrieving 3 chunks for level advanced
2025-06-15 19:47:26,161 | DEBUG    | engine | No chunks found for level advanced
2025-06-15 19:47:26,161 | INFO     | engine | Retrieved total of 0 chunks for topic modelling
2025-06-15 19:47:26,161 | WARNING  | engine | No relevant chunks found for modelling
2025-06-15 19:47:26,161 | INFO     | engine | Retrieving chunks for topic basics up to level advanced
2025-06-15 19:47:26,219 | DEBUG    | engine | Collection: {'ids': [], 'embeddings': None, 'documents': [], 'uris': None, 'included': ['metadatas', 'documents'], 'data': None, 'metadatas': []}
2025-06-15 19:47:26,219 | DEBUG    | engine | Collection metadata: []
2025-06-15 19:47:26,219 | DEBUG    | engine | Retrieving 2 chunks for level beginner
2025-06-15 19:47:26,642 | DEBUG    | engine | No chunks found for level beginner
2025-06-15 19:47:26,642 | DEBUG    | engine | Retrieving 2 chunks for level intermediate
2025-06-15 19:47:26,861 | DEBUG    | engine | No chunks found for level intermediate
2025-06-15 19:47:26,861 | DEBUG    | engine | Retrieving 3 chunks for level advanced
2025-06-15 19:47:27,040 | DEBUG    | engine | No chunks found for level advanced
2025-06-15 19:47:27,040 | INFO     | engine | Retrieved total of 0 chunks for topic basics
2025-06-15 19:47:27,040 | WARNING  | engine | No relevant chunks found for basics
2025-06-15 19:47:27,040 | DEBUG    | engine | Selected 0 most relevant chunks
2025-06-15 19:47:27,041 | INFO     | engine | Generating answer for topic-based question
2025-06-15 19:47:29,594 | INFO     | engine | Final Answer for topic-based question → Setting up an equation from a word problem involves translating the information given in the problem into mathematical expressions. Here's how you can do it:

1. Read the word problem carefully to understand the situation and what you are asked to find.
2. Identify the quantities or unknowns in the problem and assign variables to represent them. For example, let's use 'x' to represent the unknown quantity.
3. Look for relationships between the quantities in the problem. These relationships can be represented using mathematical operations such as addition, subtraction, multiplication, or division.
4. Use the information given in the problem to write an equation that represents the relationship between the quantities. Make sure to use the variables you assigned earlier.
5. Solve the equation to find the value of the unknown quantity.

For example, if a word problem states that "John has 5 more apples than Mary, and together they have 15 apples," you can set up the equation as:
Let x be the number of apples Mary has.
Then, John has x + 5 apples.
The total number of apples is x + (x + 5) = 15.

From this equation, you can solve for x to find the number of apples Mary has, and then calculate the number of apples John has. Remember to always check your solution in the context of the problem to ensure it makes sense.

If you encounter difficulties in setting up equations from word problems, it might be helpful to review basic algebra concepts and practice more problems to strengthen your skills in translating real-world situations into mathematical expressions.
